<?xml version='1.0' encoding='UTF-8'?>
<result plugin="junit@1.20">
  <suites>
    <suite>
      <file>C:\Program Files (x86)\Jenkins\workspace\TestJob\target\surefire-reports\All\common.xml</file>
      <name>common</name>
      <duration>0.016</duration>
      <timestamp>19 Jul 2017 05:31:45 GMT</timestamp>
      <time>0.016</time>
      <cases>
        <case>
          <duration>0.0</duration>
          <className>com.mingyizhudao.qa.testcase.doctor.GetEmployeeProfile</className>
          <testName>@BeforeClass setUpClass</testName>
          <skipped>true</skipped>
          <failedSince>0</failedSince>
        </case>
        <case>
          <duration>0.0</duration>
          <className>com.mingyizhudao.qa.testcase.doctor.GetEmployeeProfile</className>
          <testName>@BeforeMethod setUpTC</testName>
          <skipped>true</skipped>
          <failedSince>0</failedSince>
        </case>
        <case>
          <duration>0.0</duration>
          <className>com.mingyizhudao.qa.testcase.doctor.GetEmployeeProfile</className>
          <testName>@AfterMethod tearDownTC</testName>
          <skipped>true</skipped>
          <failedSince>0</failedSince>
        </case>
        <case>
          <duration>0.0</duration>
          <className>com.mingyizhudao.qa.testcase.doctor.GetEmployeeProfile</className>
          <testName>@BeforeMethod setUpTC</testName>
          <skipped>true</skipped>
          <failedSince>0</failedSince>
        </case>
        <case>
          <duration>0.0</duration>
          <className>com.mingyizhudao.qa.testcase.doctor.GetEmployeeProfile</className>
          <testName>@AfterMethod tearDownTC</testName>
          <skipped>true</skipped>
          <failedSince>0</failedSince>
        </case>
        <case>
          <duration>0.0</duration>
          <className>com.mingyizhudao.qa.testcase.doctor.GetEmployeeProfile</className>
          <testName>@BeforeMethod setUpTC</testName>
          <skipped>true</skipped>
          <failedSince>0</failedSince>
        </case>
        <case>
          <duration>0.0</duration>
          <className>com.mingyizhudao.qa.testcase.doctor.GetEmployeeProfile</className>
          <testName>@AfterMethod tearDownTC</testName>
          <skipped>true</skipped>
          <failedSince>0</failedSince>
        </case>
        <case>
          <duration>0.0</duration>
          <className>com.mingyizhudao.qa.testcase.doctor.GetEmployeeProfile</className>
          <testName>@AfterClass tearDownClass</testName>
          <skipped>true</skipped>
          <failedSince>0</failedSince>
        </case>
        <case>
          <duration>0.0</duration>
          <className>com.mingyizhudao.qa.testcase.doctor.HospitalSearch</className>
          <testName>@BeforeClass setUpClass</testName>
          <skipped>true</skipped>
          <failedSince>0</failedSince>
        </case>
        <case>
          <duration>0.0</duration>
          <className>com.mingyizhudao.qa.testcase.doctor.HospitalSearch</className>
          <testName>@BeforeMethod setUpTC</testName>
          <skipped>true</skipped>
          <failedSince>0</failedSince>
        </case>
        <case>
          <duration>0.0</duration>
          <className>com.mingyizhudao.qa.testcase.doctor.HospitalSearch</className>
          <testName>@AfterMethod tearDownTC</testName>
          <skipped>true</skipped>
          <failedSince>0</failedSince>
        </case>
        <case>
          <duration>0.0</duration>
          <className>com.mingyizhudao.qa.testcase.doctor.HospitalSearch</className>
          <testName>@BeforeMethod setUpTC</testName>
          <skipped>true</skipped>
          <failedSince>0</failedSince>
        </case>
        <case>
          <duration>0.0</duration>
          <className>com.mingyizhudao.qa.testcase.doctor.HospitalSearch</className>
          <testName>@AfterMethod tearDownTC</testName>
          <skipped>true</skipped>
          <failedSince>0</failedSince>
        </case>
        <case>
          <duration>0.0</duration>
          <className>com.mingyizhudao.qa.testcase.doctor.HospitalSearch</className>
          <testName>@BeforeMethod setUpTC</testName>
          <skipped>true</skipped>
          <failedSince>0</failedSince>
        </case>
        <case>
          <duration>0.0</duration>
          <className>com.mingyizhudao.qa.testcase.doctor.HospitalSearch</className>
          <testName>@AfterMethod tearDownTC</testName>
          <skipped>true</skipped>
          <failedSince>0</failedSince>
        </case>
        <case>
          <duration>0.0</duration>
          <className>com.mingyizhudao.qa.testcase.doctor.HospitalSearch</className>
          <testName>@BeforeMethod setUpTC</testName>
          <skipped>true</skipped>
          <failedSince>0</failedSince>
        </case>
        <case>
          <duration>0.0</duration>
          <className>com.mingyizhudao.qa.testcase.doctor.HospitalSearch</className>
          <testName>@AfterMethod tearDownTC</testName>
          <skipped>true</skipped>
          <failedSince>0</failedSince>
        </case>
        <case>
          <duration>0.0</duration>
          <className>com.mingyizhudao.qa.testcase.doctor.HospitalSearch</className>
          <testName>@BeforeMethod setUpTC</testName>
          <skipped>true</skipped>
          <failedSince>0</failedSince>
        </case>
        <case>
          <duration>0.0</duration>
          <className>com.mingyizhudao.qa.testcase.doctor.HospitalSearch</className>
          <testName>@AfterMethod tearDownTC</testName>
          <skipped>true</skipped>
          <failedSince>0</failedSince>
        </case>
        <case>
          <duration>0.0</duration>
          <className>com.mingyizhudao.qa.testcase.doctor.HospitalSearch</className>
          <testName>@BeforeMethod setUpTC</testName>
          <skipped>true</skipped>
          <failedSince>0</failedSince>
        </case>
        <case>
          <duration>0.0</duration>
          <className>com.mingyizhudao.qa.testcase.doctor.HospitalSearch</className>
          <testName>@AfterMethod tearDownTC</testName>
          <skipped>true</skipped>
          <failedSince>0</failedSince>
        </case>
        <case>
          <duration>0.0</duration>
          <className>com.mingyizhudao.qa.testcase.doctor.HospitalSearch</className>
          <testName>@BeforeMethod setUpTC</testName>
          <skipped>true</skipped>
          <failedSince>0</failedSince>
        </case>
        <case>
          <duration>0.0</duration>
          <className>com.mingyizhudao.qa.testcase.doctor.HospitalSearch</className>
          <testName>@AfterMethod tearDownTC</testName>
          <skipped>true</skipped>
          <failedSince>0</failedSince>
        </case>
        <case>
          <duration>0.0</duration>
          <className>com.mingyizhudao.qa.testcase.doctor.HospitalSearch</className>
          <testName>@BeforeMethod setUpTC</testName>
          <skipped>true</skipped>
          <failedSince>0</failedSince>
        </case>
        <case>
          <duration>0.0</duration>
          <className>com.mingyizhudao.qa.testcase.doctor.HospitalSearch</className>
          <testName>@AfterMethod tearDownTC</testName>
          <skipped>true</skipped>
          <failedSince>0</failedSince>
        </case>
        <case>
          <duration>0.0</duration>
          <className>com.mingyizhudao.qa.testcase.doctor.HospitalSearch</className>
          <testName>@AfterClass tearDownClass</testName>
          <skipped>true</skipped>
          <failedSince>0</failedSince>
        </case>
        <case>
          <duration>0.0</duration>
          <className>com.mingyizhudao.qa.testcase.doctor.ProfessionList</className>
          <testName>@BeforeClass setUpClass</testName>
          <skipped>true</skipped>
          <failedSince>0</failedSince>
        </case>
        <case>
          <duration>0.0</duration>
          <className>com.mingyizhudao.qa.testcase.doctor.ProfessionList</className>
          <testName>@BeforeMethod setUpTC</testName>
          <skipped>true</skipped>
          <failedSince>0</failedSince>
        </case>
        <case>
          <duration>0.0</duration>
          <className>com.mingyizhudao.qa.testcase.doctor.ProfessionList</className>
          <testName>@AfterMethod tearDownTC</testName>
          <skipped>true</skipped>
          <failedSince>0</failedSince>
        </case>
        <case>
          <duration>0.0</duration>
          <className>com.mingyizhudao.qa.testcase.doctor.ProfessionList</className>
          <testName>@BeforeMethod setUpTC</testName>
          <skipped>true</skipped>
          <failedSince>0</failedSince>
        </case>
        <case>
          <duration>0.0</duration>
          <className>com.mingyizhudao.qa.testcase.doctor.ProfessionList</className>
          <testName>@AfterMethod tearDownTC</testName>
          <skipped>true</skipped>
          <failedSince>0</failedSince>
        </case>
        <case>
          <duration>0.0</duration>
          <className>com.mingyizhudao.qa.testcase.doctor.ProfessionList</className>
          <testName>@AfterClass tearDownClass</testName>
          <skipped>true</skipped>
          <failedSince>0</failedSince>
        </case>
        <case>
          <duration>0.0</duration>
          <className>com.mingyizhudao.qa.testcase.doctor.GetDiseasesInCategory</className>
          <testName>@BeforeClass setUpClass</testName>
          <skipped>true</skipped>
          <failedSince>0</failedSince>
        </case>
        <case>
          <duration>0.0</duration>
          <className>com.mingyizhudao.qa.testcase.doctor.GetDiseasesInCategory</className>
          <testName>@BeforeMethod setUpTC</testName>
          <skipped>true</skipped>
          <failedSince>0</failedSince>
        </case>
        <case>
          <duration>0.0</duration>
          <className>com.mingyizhudao.qa.testcase.doctor.GetDiseasesInCategory</className>
          <testName>@AfterMethod tearDownTC</testName>
          <skipped>true</skipped>
          <failedSince>0</failedSince>
        </case>
        <case>
          <duration>0.0</duration>
          <className>com.mingyizhudao.qa.testcase.doctor.GetDiseasesInCategory</className>
          <testName>@BeforeMethod setUpTC</testName>
          <skipped>true</skipped>
          <failedSince>0</failedSince>
        </case>
        <case>
          <duration>0.0</duration>
          <className>com.mingyizhudao.qa.testcase.doctor.GetDiseasesInCategory</className>
          <testName>@AfterMethod tearDownTC</testName>
          <skipped>true</skipped>
          <failedSince>0</failedSince>
        </case>
        <case>
          <duration>0.0</duration>
          <className>com.mingyizhudao.qa.testcase.doctor.GetDiseasesInCategory</className>
          <testName>@BeforeMethod setUpTC</testName>
          <skipped>true</skipped>
          <failedSince>0</failedSince>
        </case>
        <case>
          <duration>0.0</duration>
          <className>com.mingyizhudao.qa.testcase.doctor.GetDiseasesInCategory</className>
          <testName>@AfterMethod tearDownTC</testName>
          <skipped>true</skipped>
          <failedSince>0</failedSince>
        </case>
        <case>
          <duration>0.0</duration>
          <className>com.mingyizhudao.qa.testcase.doctor.GetDiseasesInCategory</className>
          <testName>@AfterClass tearDownClass</testName>
          <skipped>true</skipped>
          <failedSince>0</failedSince>
        </case>
        <case>
          <duration>0.0</duration>
          <className>com.mingyizhudao.qa.testcase.doctor.GetEmployeeProfile</className>
          <testName>test_01_有token的用户请求可以获得有效信息</testName>
          <skipped>true</skipped>
          <failedSince>0</failedSince>
        </case>
        <case>
          <duration>0.0</duration>
          <className>com.mingyizhudao.qa.testcase.doctor.GetEmployeeProfile</className>
          <testName>test_02_没有token的用户请求可以获得有效信息</testName>
          <skipped>true</skipped>
          <failedSince>0</failedSince>
        </case>
        <case>
          <duration>0.0</duration>
          <className>com.mingyizhudao.qa.testcase.doctor.GetEmployeeProfile</className>
          <testName>test_03_员工ID无效时返回空的Employee</testName>
          <skipped>true</skipped>
          <failedSince>0</failedSince>
        </case>
        <case>
          <duration>0.0</duration>
          <className>com.mingyizhudao.qa.testcase.doctor.HospitalSearch</className>
          <testName>test_01_有token信息的请求可以获得有效信息</testName>
          <skipped>true</skipped>
          <failedSince>0</failedSince>
        </case>
        <case>
          <duration>0.0</duration>
          <className>com.mingyizhudao.qa.testcase.doctor.HospitalSearch</className>
          <testName>test_02_没有searchName字段的请求可以获得有效信息</testName>
          <skipped>true</skipped>
          <failedSince>0</failedSince>
        </case>
        <case>
          <duration>0.0</duration>
          <className>com.mingyizhudao.qa.testcase.doctor.HospitalSearch</className>
          <testName>test_03_查询字符串为空时的返回结果</testName>
          <skipped>true</skipped>
          <failedSince>0</failedSince>
        </case>
        <case>
          <duration>0.0</duration>
          <className>com.mingyizhudao.qa.testcase.doctor.HospitalSearch</className>
          <testName>test_04_查询字符串为中文时的返回结果</testName>
          <skipped>true</skipped>
          <failedSince>0</failedSince>
        </case>
        <case>
          <duration>0.0</duration>
          <className>com.mingyizhudao.qa.testcase.doctor.HospitalSearch</className>
          <testName>test_05_查询字符串为一串拼音时的返回结果</testName>
          <skipped>true</skipped>
          <failedSince>0</failedSince>
        </case>
        <case>
          <duration>0.0</duration>
          <className>com.mingyizhudao.qa.testcase.doctor.HospitalSearch</className>
          <testName>test_06_查询字符串为中英混合时的返回结果</testName>
          <skipped>true</skipped>
          <failedSince>0</failedSince>
        </case>
        <case>
          <duration>0.0</duration>
          <className>com.mingyizhudao.qa.testcase.doctor.HospitalSearch</className>
          <testName>test_07_返回的结果中详细字段不缺少</testName>
          <skipped>true</skipped>
          <failedSince>0</failedSince>
        </case>
        <case>
          <duration>0.0</duration>
          <className>com.mingyizhudao.qa.testcase.doctor.HospitalSearch</className>
          <testName>test_08_加城市ID搜索</testName>
          <skipped>true</skipped>
          <failedSince>0</failedSince>
        </case>
        <case>
          <duration>0.0</duration>
          <className>com.mingyizhudao.qa.testcase.doctor.ProfessionList</className>
          <testName>test_01_有token信息的请求可以获得有效信息</testName>
          <skipped>true</skipped>
          <failedSince>0</failedSince>
        </case>
        <case>
          <duration>0.0</duration>
          <className>com.mingyizhudao.qa.testcase.doctor.ProfessionList</className>
          <testName>test_02_没有token信息的请求可以获得有效信息</testName>
          <skipped>true</skipped>
          <failedSince>0</failedSince>
        </case>
        <case>
          <duration>0.0</duration>
          <className>com.mingyizhudao.qa.testcase.doctor.GetDiseasesInCategory</className>
          <testName>test_01_获取疾病_提供有效的categoryId</testName>
          <skipped>true</skipped>
          <failedSince>0</failedSince>
        </case>
        <case>
          <duration>0.0</duration>
          <className>com.mingyizhudao.qa.testcase.doctor.GetDiseasesInCategory</className>
          <testName>test_02_获取疾病_提供无效的categoryId_ID不存在</testName>
          <skipped>true</skipped>
          <failedSince>0</failedSince>
        </case>
        <case>
          <duration>0.0</duration>
          <className>com.mingyizhudao.qa.testcase.doctor.GetDiseasesInCategory</className>
          <testName>test_03_获取疾病_提供无效的categoryId_ID为其他字符</testName>
          <skipped>true</skipped>
          <failedSince>0</failedSince>
        </case>
      </cases>
    </suite>
    <suite>
      <file>C:\Program Files (x86)\Jenkins\workspace\TestJob\target\surefire-reports\All\doctoruser.xml</file>
      <name>doctoruser</name>
      <duration>0.01</duration>
      <timestamp>19 Jul 2017 05:31:45 GMT</timestamp>
      <time>0.01</time>
      <cases>
        <case>
          <duration>0.0</duration>
          <className>com.mingyizhudao.qa.testcase.doctor.GetDoctorProfile</className>
          <testName>@BeforeClass setUpClass</testName>
          <skipped>true</skipped>
          <failedSince>0</failedSince>
        </case>
        <case>
          <duration>0.0</duration>
          <className>com.mingyizhudao.qa.testcase.doctor.GetDoctorProfile</className>
          <testName>@BeforeMethod setUpTC</testName>
          <skipped>true</skipped>
          <failedSince>0</failedSince>
        </case>
        <case>
          <duration>0.0</duration>
          <className>com.mingyizhudao.qa.testcase.doctor.GetDoctorProfile</className>
          <testName>@AfterMethod tearDownTC</testName>
          <skipped>true</skipped>
          <failedSince>0</failedSince>
        </case>
        <case>
          <duration>0.0</duration>
          <className>com.mingyizhudao.qa.testcase.doctor.GetDoctorProfile</className>
          <testName>@BeforeMethod setUpTC</testName>
          <skipped>true</skipped>
          <failedSince>0</failedSince>
        </case>
        <case>
          <duration>0.0</duration>
          <className>com.mingyizhudao.qa.testcase.doctor.GetDoctorProfile</className>
          <testName>@AfterMethod tearDownTC</testName>
          <skipped>true</skipped>
          <failedSince>0</failedSince>
        </case>
        <case>
          <duration>0.0</duration>
          <className>com.mingyizhudao.qa.testcase.doctor.GetDoctorProfile</className>
          <testName>@BeforeMethod setUpTC</testName>
          <skipped>true</skipped>
          <failedSince>0</failedSince>
        </case>
        <case>
          <duration>0.0</duration>
          <className>com.mingyizhudao.qa.testcase.doctor.GetDoctorProfile</className>
          <testName>@AfterMethod tearDownTC</testName>
          <skipped>true</skipped>
          <failedSince>0</failedSince>
        </case>
        <case>
          <duration>0.0</duration>
          <className>com.mingyizhudao.qa.testcase.doctor.GetDoctorProfile</className>
          <testName>@BeforeMethod setUpTC</testName>
          <skipped>true</skipped>
          <failedSince>0</failedSince>
        </case>
        <case>
          <duration>0.0</duration>
          <className>com.mingyizhudao.qa.testcase.doctor.GetDoctorProfile</className>
          <testName>@AfterMethod tearDownTC</testName>
          <skipped>true</skipped>
          <failedSince>0</failedSince>
        </case>
        <case>
          <duration>0.0</duration>
          <className>com.mingyizhudao.qa.testcase.doctor.GetDoctorProfile</className>
          <testName>@BeforeMethod setUpTC</testName>
          <skipped>true</skipped>
          <failedSince>0</failedSince>
        </case>
        <case>
          <duration>0.0</duration>
          <className>com.mingyizhudao.qa.testcase.doctor.GetDoctorProfile</className>
          <testName>@AfterMethod tearDownTC</testName>
          <skipped>true</skipped>
          <failedSince>0</failedSince>
        </case>
        <case>
          <duration>0.0</duration>
          <className>com.mingyizhudao.qa.testcase.doctor.GetDoctorProfile</className>
          <testName>@BeforeMethod setUpTC</testName>
          <skipped>true</skipped>
          <failedSince>0</failedSince>
        </case>
        <case>
          <duration>0.0</duration>
          <className>com.mingyizhudao.qa.testcase.doctor.GetDoctorProfile</className>
          <testName>@AfterMethod tearDownTC</testName>
          <skipped>true</skipped>
          <failedSince>0</failedSince>
        </case>
        <case>
          <duration>0.0</duration>
          <className>com.mingyizhudao.qa.testcase.doctor.GetDoctorProfile</className>
          <testName>@BeforeMethod setUpTC</testName>
          <skipped>true</skipped>
          <failedSince>0</failedSince>
        </case>
        <case>
          <duration>0.0</duration>
          <className>com.mingyizhudao.qa.testcase.doctor.GetDoctorProfile</className>
          <testName>@AfterMethod tearDownTC</testName>
          <skipped>true</skipped>
          <failedSince>0</failedSince>
        </case>
        <case>
          <duration>0.0</duration>
          <className>com.mingyizhudao.qa.testcase.doctor.GetDoctorProfile</className>
          <testName>@BeforeMethod setUpTC</testName>
          <skipped>true</skipped>
          <failedSince>0</failedSince>
        </case>
        <case>
          <duration>0.0</duration>
          <className>com.mingyizhudao.qa.testcase.doctor.GetDoctorProfile</className>
          <testName>@AfterMethod tearDownTC</testName>
          <skipped>true</skipped>
          <failedSince>0</failedSince>
        </case>
        <case>
          <duration>0.0</duration>
          <className>com.mingyizhudao.qa.testcase.doctor.GetDoctorProfile</className>
          <testName>@BeforeMethod setUpTC</testName>
          <skipped>true</skipped>
          <failedSince>0</failedSince>
        </case>
        <case>
          <duration>0.0</duration>
          <className>com.mingyizhudao.qa.testcase.doctor.GetDoctorProfile</className>
          <testName>@AfterMethod tearDownTC</testName>
          <skipped>true</skipped>
          <failedSince>0</failedSince>
        </case>
        <case>
          <duration>0.0</duration>
          <className>com.mingyizhudao.qa.testcase.doctor.GetDoctorProfile</className>
          <testName>@AfterClass tearDownClass</testName>
          <skipped>true</skipped>
          <failedSince>0</failedSince>
        </case>
        <case>
          <duration>0.0</duration>
          <className>com.mingyizhudao.qa.testcase.doctor.UpdateDoctorProfile</className>
          <testName>@BeforeClass setUpClass</testName>
          <skipped>true</skipped>
          <failedSince>0</failedSince>
        </case>
        <case>
          <duration>0.0</duration>
          <className>com.mingyizhudao.qa.testcase.doctor.UpdateDoctorProfile</className>
          <testName>@BeforeMethod setUpTC</testName>
          <skipped>true</skipped>
          <failedSince>0</failedSince>
        </case>
        <case>
          <duration>0.0</duration>
          <className>com.mingyizhudao.qa.testcase.doctor.UpdateDoctorProfile</className>
          <testName>@AfterMethod tearDownTC</testName>
          <skipped>true</skipped>
          <failedSince>0</failedSince>
        </case>
        <case>
          <duration>0.0</duration>
          <className>com.mingyizhudao.qa.testcase.doctor.UpdateDoctorProfile</className>
          <testName>@BeforeMethod setUpTC</testName>
          <skipped>true</skipped>
          <failedSince>0</failedSince>
        </case>
        <case>
          <duration>0.0</duration>
          <className>com.mingyizhudao.qa.testcase.doctor.UpdateDoctorProfile</className>
          <testName>@AfterMethod tearDownTC</testName>
          <skipped>true</skipped>
          <failedSince>0</failedSince>
        </case>
        <case>
          <duration>0.0</duration>
          <className>com.mingyizhudao.qa.testcase.doctor.UpdateDoctorProfile</className>
          <testName>@BeforeMethod setUpTC</testName>
          <skipped>true</skipped>
          <failedSince>0</failedSince>
        </case>
        <case>
          <duration>0.0</duration>
          <className>com.mingyizhudao.qa.testcase.doctor.UpdateDoctorProfile</className>
          <testName>@AfterMethod tearDownTC</testName>
          <skipped>true</skipped>
          <failedSince>0</failedSince>
        </case>
        <case>
          <duration>0.0</duration>
          <className>com.mingyizhudao.qa.testcase.doctor.UpdateDoctorProfile</className>
          <testName>@BeforeMethod setUpTC</testName>
          <skipped>true</skipped>
          <failedSince>0</failedSince>
        </case>
        <case>
          <duration>0.0</duration>
          <className>com.mingyizhudao.qa.testcase.doctor.UpdateDoctorProfile</className>
          <testName>@AfterMethod tearDownTC</testName>
          <skipped>true</skipped>
          <failedSince>0</failedSince>
        </case>
        <case>
          <duration>0.0</duration>
          <className>com.mingyizhudao.qa.testcase.doctor.UpdateDoctorProfile</className>
          <testName>@BeforeMethod setUpTC</testName>
          <skipped>true</skipped>
          <failedSince>0</failedSince>
        </case>
        <case>
          <duration>0.0</duration>
          <className>com.mingyizhudao.qa.testcase.doctor.UpdateDoctorProfile</className>
          <testName>@AfterMethod tearDownTC</testName>
          <skipped>true</skipped>
          <failedSince>0</failedSince>
        </case>
        <case>
          <duration>0.0</duration>
          <className>com.mingyizhudao.qa.testcase.doctor.UpdateDoctorProfile</className>
          <testName>@BeforeMethod setUpTC</testName>
          <skipped>true</skipped>
          <failedSince>0</failedSince>
        </case>
        <case>
          <duration>0.0</duration>
          <className>com.mingyizhudao.qa.testcase.doctor.UpdateDoctorProfile</className>
          <testName>@AfterMethod tearDownTC</testName>
          <skipped>true</skipped>
          <failedSince>0</failedSince>
        </case>
        <case>
          <duration>0.0</duration>
          <className>com.mingyizhudao.qa.testcase.doctor.UpdateDoctorProfile</className>
          <testName>@BeforeMethod setUpTC</testName>
          <skipped>true</skipped>
          <failedSince>0</failedSince>
        </case>
        <case>
          <duration>0.0</duration>
          <className>com.mingyizhudao.qa.testcase.doctor.UpdateDoctorProfile</className>
          <testName>@AfterMethod tearDownTC</testName>
          <skipped>true</skipped>
          <failedSince>0</failedSince>
        </case>
        <case>
          <duration>0.0</duration>
          <className>com.mingyizhudao.qa.testcase.doctor.UpdateDoctorProfile</className>
          <testName>@BeforeMethod setUpTC</testName>
          <skipped>true</skipped>
          <failedSince>0</failedSince>
        </case>
        <case>
          <duration>0.0</duration>
          <className>com.mingyizhudao.qa.testcase.doctor.UpdateDoctorProfile</className>
          <testName>@AfterMethod tearDownTC</testName>
          <skipped>true</skipped>
          <failedSince>0</failedSince>
        </case>
        <case>
          <duration>0.0</duration>
          <className>com.mingyizhudao.qa.testcase.doctor.UpdateDoctorProfile</className>
          <testName>@BeforeMethod setUpTC</testName>
          <skipped>true</skipped>
          <failedSince>0</failedSince>
        </case>
        <case>
          <duration>0.0</duration>
          <className>com.mingyizhudao.qa.testcase.doctor.UpdateDoctorProfile</className>
          <testName>@AfterMethod tearDownTC</testName>
          <skipped>true</skipped>
          <failedSince>0</failedSince>
        </case>
        <case>
          <duration>0.0</duration>
          <className>com.mingyizhudao.qa.testcase.doctor.UpdateDoctorProfile</className>
          <testName>@AfterClass tearDownClass</testName>
          <skipped>true</skipped>
          <failedSince>0</failedSince>
        </case>
        <case>
          <duration>0.0</duration>
          <className>com.mingyizhudao.qa.testcase.doctor.GetDoctorProfile</className>
          <testName>test_01_有token信息的请求可以获得有效信息</testName>
          <skipped>true</skipped>
          <failedSince>0</failedSince>
        </case>
        <case>
          <duration>0.0</duration>
          <className>com.mingyizhudao.qa.testcase.doctor.GetDoctorProfile</className>
          <testName>test_02_没有token信息的请求不能获得个人信息并返回正确的错误提示</testName>
          <skipped>true</skipped>
          <failedSince>0</failedSince>
        </case>
        <case>
          <duration>0.0</duration>
          <className>com.mingyizhudao.qa.testcase.doctor.GetDoctorProfile</className>
          <testName>test_03_错误token的请求不能获得个人信息并返回正确的错误提示</testName>
          <skipped>true</skipped>
          <failedSince>0</failedSince>
        </case>
        <case>
          <duration>0.0</duration>
          <className>com.mingyizhudao.qa.testcase.doctor.GetDoctorProfile</className>
          <testName>test_04_测试data字段返回了足够的医生信息</testName>
          <skipped>true</skipped>
          <failedSince>0</failedSince>
        </case>
        <case>
          <duration>0.0</duration>
          <className>com.mingyizhudao.qa.testcase.doctor.GetDoctorProfile</className>
          <testName>test_05_测试总订单数_测试处理中订单数_CRM未领取</testName>
          <skipped>true</skipped>
          <failedSince>0</failedSince>
        </case>
        <case>
          <duration>0.001</duration>
          <className>com.mingyizhudao.qa.testcase.doctor.GetDoctorProfile</className>
          <testName>test_06_测试总订单数_测试处理中订单数_CRM已领取</testName>
          <skipped>true</skipped>
          <failedSince>0</failedSince>
        </case>
        <case>
          <duration>0.0</duration>
          <className>com.mingyizhudao.qa.testcase.doctor.GetDoctorProfile</className>
          <testName>test_07_测试总订单数_测试处理中订单数_推荐完医生</testName>
          <skipped>true</skipped>
          <failedSince>0</failedSince>
        </case>
        <case>
          <duration>0.0</duration>
          <className>com.mingyizhudao.qa.testcase.doctor.GetDoctorProfile</className>
          <testName>test_08_测试总订单数_待支付状态的订单数</testName>
          <skipped>true</skipped>
          <failedSince>0</failedSince>
        </case>
        <case>
          <duration>0.0</duration>
          <className>com.mingyizhudao.qa.testcase.doctor.GetDoctorProfile</className>
          <testName>test_09_测试返回的地区服务专员</testName>
          <skipped>true</skipped>
          <failedSince>0</failedSince>
        </case>
        <case>
          <duration>0.0</duration>
          <className>com.mingyizhudao.qa.testcase.doctor.UpdateDoctorProfile</className>
          <testName>test_02_已登录有token的用户可以更新个人信息department</testName>
          <skipped>true</skipped>
          <failedSince>0</failedSince>
        </case>
        <case>
          <duration>0.0</duration>
          <className>com.mingyizhudao.qa.testcase.doctor.UpdateDoctorProfile</className>
          <testName>test_03_已登录有token的用户可以更新个人信息hospital_id</testName>
          <skipped>true</skipped>
          <failedSince>0</failedSince>
        </case>
        <case>
          <duration>0.0</duration>
          <className>com.mingyizhudao.qa.testcase.doctor.UpdateDoctorProfile</className>
          <testName>test_05_已登录有token的用户可以更新个人信息major_id</testName>
          <skipped>true</skipped>
          <failedSince>0</failedSince>
        </case>
        <case>
          <duration>0.0</duration>
          <className>com.mingyizhudao.qa.testcase.doctor.UpdateDoctorProfile</className>
          <testName>test_06_未登录没有token的用户不可以更新信息</testName>
          <skipped>true</skipped>
          <failedSince>0</failedSince>
        </case>
        <case>
          <duration>0.0</duration>
          <className>com.mingyizhudao.qa.testcase.doctor.UpdateDoctorProfile</className>
          <testName>test_07_错误token的不可以更新信息并返回正确错误码</testName>
          <skipped>true</skipped>
          <failedSince>0</failedSince>
        </case>
        <case>
          <duration>0.0</duration>
          <className>com.mingyizhudao.qa.testcase.doctor.UpdateDoctorProfile</className>
          <testName>test_08_禁止更新city_name字段</testName>
          <skipped>true</skipped>
          <failedSince>0</failedSince>
        </case>
        <case>
          <duration>0.0</duration>
          <className>com.mingyizhudao.qa.testcase.doctor.UpdateDoctorProfile</className>
          <testName>test_09_禁止更新hospital_name字段</testName>
          <skipped>true</skipped>
          <failedSince>0</failedSince>
        </case>
        <case>
          <duration>0.0</duration>
          <className>com.mingyizhudao.qa.testcase.doctor.UpdateDoctorProfile</className>
          <testName>test_10_禁止更新major_name字段</testName>
          <skipped>true</skipped>
          <failedSince>0</failedSince>
        </case>
        <case>
          <duration>0.0</duration>
          <className>com.mingyizhudao.qa.testcase.doctor.UpdateDoctorProfile</className>
          <testName>test_12_更新doctor_card_pictures字段</testName>
          <skipped>true</skipped>
          <failedSince>0</failedSince>
        </case>
      </cases>
    </suite>
    <suite>
      <file>C:\Program Files (x86)\Jenkins\workspace\TestJob\target\surefire-reports\All\login.xml</file>
      <name>login</name>
      <duration>0.016</duration>
      <timestamp>19 Jul 2017 05:31:45 GMT</timestamp>
      <time>0.016</time>
      <cases>
        <case>
          <duration>0.0</duration>
          <className>com.mingyizhudao.qa.testcase.login.SendVerifyCode</className>
          <testName>@BeforeClass setUpClass</testName>
          <skipped>true</skipped>
          <failedSince>0</failedSince>
        </case>
        <case>
          <duration>0.0</duration>
          <className>com.mingyizhudao.qa.testcase.login.SendVerifyCode</className>
          <testName>@BeforeMethod setUpTC</testName>
          <skipped>true</skipped>
          <failedSince>0</failedSince>
        </case>
        <case>
          <duration>0.0</duration>
          <className>com.mingyizhudao.qa.testcase.login.SendVerifyCode</className>
          <testName>@AfterMethod tearDownTC</testName>
          <skipped>true</skipped>
          <failedSince>0</failedSince>
        </case>
        <case>
          <duration>0.0</duration>
          <className>com.mingyizhudao.qa.testcase.login.SendVerifyCode</className>
          <testName>@BeforeMethod setUpTC</testName>
          <skipped>true</skipped>
          <failedSince>0</failedSince>
        </case>
        <case>
          <duration>0.0</duration>
          <className>com.mingyizhudao.qa.testcase.login.SendVerifyCode</className>
          <testName>@AfterMethod tearDownTC</testName>
          <skipped>true</skipped>
          <failedSince>0</failedSince>
        </case>
        <case>
          <duration>0.0</duration>
          <className>com.mingyizhudao.qa.testcase.login.SendVerifyCode</className>
          <testName>@BeforeMethod setUpTC</testName>
          <skipped>true</skipped>
          <failedSince>0</failedSince>
        </case>
        <case>
          <duration>0.0</duration>
          <className>com.mingyizhudao.qa.testcase.login.SendVerifyCode</className>
          <testName>@AfterMethod tearDownTC</testName>
          <skipped>true</skipped>
          <failedSince>0</failedSince>
        </case>
        <case>
          <duration>0.0</duration>
          <className>com.mingyizhudao.qa.testcase.login.SendVerifyCode</className>
          <testName>@AfterClass tearDownClass</testName>
          <skipped>true</skipped>
          <failedSince>0</failedSince>
        </case>
        <case>
          <duration>0.0</duration>
          <className>com.mingyizhudao.qa.testcase.login.CheckVerifyCode</className>
          <testName>@BeforeClass setUpClass</testName>
          <skipped>true</skipped>
          <failedSince>0</failedSince>
        </case>
        <case>
          <duration>0.0</duration>
          <className>com.mingyizhudao.qa.testcase.login.CheckVerifyCode</className>
          <testName>@BeforeMethod setUpTC</testName>
          <skipped>true</skipped>
          <failedSince>0</failedSince>
        </case>
        <case>
          <duration>0.0</duration>
          <className>com.mingyizhudao.qa.testcase.login.CheckVerifyCode</className>
          <testName>@AfterMethod tearDownTC</testName>
          <skipped>true</skipped>
          <failedSince>0</failedSince>
        </case>
        <case>
          <duration>0.0</duration>
          <className>com.mingyizhudao.qa.testcase.login.CheckVerifyCode</className>
          <testName>@BeforeMethod setUpTC</testName>
          <skipped>true</skipped>
          <failedSince>0</failedSince>
        </case>
        <case>
          <duration>0.0</duration>
          <className>com.mingyizhudao.qa.testcase.login.CheckVerifyCode</className>
          <testName>@AfterMethod tearDownTC</testName>
          <skipped>true</skipped>
          <failedSince>0</failedSince>
        </case>
        <case>
          <duration>0.0</duration>
          <className>com.mingyizhudao.qa.testcase.login.CheckVerifyCode</className>
          <testName>@BeforeMethod setUpTC</testName>
          <skipped>true</skipped>
          <failedSince>0</failedSince>
        </case>
        <case>
          <duration>0.0</duration>
          <className>com.mingyizhudao.qa.testcase.login.CheckVerifyCode</className>
          <testName>@AfterMethod tearDownTC</testName>
          <skipped>true</skipped>
          <failedSince>0</failedSince>
        </case>
        <case>
          <duration>0.0</duration>
          <className>com.mingyizhudao.qa.testcase.login.CheckVerifyCode</className>
          <testName>@BeforeMethod setUpTC</testName>
          <skipped>true</skipped>
          <failedSince>0</failedSince>
        </case>
        <case>
          <duration>0.0</duration>
          <className>com.mingyizhudao.qa.testcase.login.CheckVerifyCode</className>
          <testName>@AfterMethod tearDownTC</testName>
          <skipped>true</skipped>
          <failedSince>0</failedSince>
        </case>
        <case>
          <duration>0.0</duration>
          <className>com.mingyizhudao.qa.testcase.login.CheckVerifyCode</className>
          <testName>@BeforeMethod setUpTC</testName>
          <skipped>true</skipped>
          <failedSince>0</failedSince>
        </case>
        <case>
          <duration>0.0</duration>
          <className>com.mingyizhudao.qa.testcase.login.CheckVerifyCode</className>
          <testName>@AfterMethod tearDownTC</testName>
          <skipped>true</skipped>
          <failedSince>0</failedSince>
        </case>
        <case>
          <duration>0.0</duration>
          <className>com.mingyizhudao.qa.testcase.login.CheckVerifyCode</className>
          <testName>@AfterClass tearDownClass</testName>
          <skipped>true</skipped>
          <failedSince>0</failedSince>
        </case>
        <case>
          <duration>0.0</duration>
          <className>com.mingyizhudao.qa.testcase.login.Refresh</className>
          <testName>@BeforeClass setUpClass</testName>
          <skipped>true</skipped>
          <failedSince>0</failedSince>
        </case>
        <case>
          <duration>0.0</duration>
          <className>com.mingyizhudao.qa.testcase.login.Refresh</className>
          <testName>@BeforeMethod setUpTC</testName>
          <skipped>true</skipped>
          <failedSince>0</failedSince>
        </case>
        <case>
          <duration>0.0</duration>
          <className>com.mingyizhudao.qa.testcase.login.Refresh</className>
          <testName>@AfterMethod tearDownTC</testName>
          <skipped>true</skipped>
          <failedSince>0</failedSince>
        </case>
        <case>
          <duration>0.0</duration>
          <className>com.mingyizhudao.qa.testcase.login.Refresh</className>
          <testName>@BeforeMethod setUpTC</testName>
          <skipped>true</skipped>
          <failedSince>0</failedSince>
        </case>
        <case>
          <duration>0.0</duration>
          <className>com.mingyizhudao.qa.testcase.login.Refresh</className>
          <testName>@AfterMethod tearDownTC</testName>
          <skipped>true</skipped>
          <failedSince>0</failedSince>
        </case>
        <case>
          <duration>0.0</duration>
          <className>com.mingyizhudao.qa.testcase.login.Refresh</className>
          <testName>@AfterClass tearDownClass</testName>
          <skipped>true</skipped>
          <failedSince>0</failedSince>
        </case>
        <case>
          <duration>0.0</duration>
          <className>com.mingyizhudao.qa.testcase.login.SendVerifyCode</className>
          <testName>填写正确手机号发送验证码成功</testName>
          <skipped>true</skipped>
          <failedSince>0</failedSince>
        </case>
        <case>
          <duration>0.0</duration>
          <className>com.mingyizhudao.qa.testcase.login.SendVerifyCode</className>
          <testName>填写错误少于11位的手机号发送验证码失败</testName>
          <skipped>true</skipped>
          <failedSince>0</failedSince>
        </case>
        <case>
          <duration>0.0</duration>
          <className>com.mingyizhudao.qa.testcase.login.SendVerifyCode</className>
          <testName>填写错误手机号发送验证码成功失败</testName>
          <skipped>true</skipped>
          <failedSince>0</failedSince>
        </case>
        <case>
          <duration>0.0</duration>
          <className>com.mingyizhudao.qa.testcase.login.CheckVerifyCode</className>
          <testName>同一手机号先请求验证码再验证应该返回token</testName>
          <skipped>true</skipped>
          <failedSince>0</failedSince>
        </case>
        <case>
          <duration>0.0</duration>
          <className>com.mingyizhudao.qa.testcase.login.CheckVerifyCode</className>
          <testName>手机号未发送过请求但直接进行验证应该返回错误</testName>
          <skipped>true</skipped>
          <failedSince>0</failedSince>
        </case>
        <case>
          <duration>0.0</duration>
          <className>com.mingyizhudao.qa.testcase.login.CheckVerifyCode</className>
          <testName>手机号非法或不符时发送验证码返回正确的错误提示</testName>
          <skipped>true</skipped>
          <failedSince>0</failedSince>
        </case>
        <case>
          <duration>0.001</duration>
          <className>com.mingyizhudao.qa.testcase.login.CheckVerifyCode</className>
          <testName>无手机号有验证码返回正确的错误提示</testName>
          <skipped>true</skipped>
          <failedSince>0</failedSince>
        </case>
        <case>
          <duration>0.001</duration>
          <className>com.mingyizhudao.qa.testcase.login.CheckVerifyCode</className>
          <testName>有手机号无验证码返回正确的错误提示</testName>
          <skipped>true</skipped>
          <failedSince>0</failedSince>
        </case>
        <case>
          <duration>0.0</duration>
          <className>com.mingyizhudao.qa.testcase.login.Refresh</className>
          <testName>body中的token和http头中的token不一致</testName>
          <skipped>true</skipped>
          <failedSince>0</failedSince>
        </case>
        <case>
          <duration>0.001</duration>
          <className>com.mingyizhudao.qa.testcase.login.Refresh</className>
          <testName>刷新token后返回新的token且老token依然可用</testName>
          <skipped>true</skipped>
          <failedSince>0</failedSince>
        </case>
      </cases>
    </suite>
    <suite>
      <file>C:\Program Files (x86)\Jenkins\workspace\TestJob\target\surefire-reports\All\trade.xml</file>
      <name>trade</name>
      <duration>0.041</duration>
      <timestamp>19 Jul 2017 05:31:46 GMT</timestamp>
      <time>0.041</time>
      <cases>
        <case>
          <duration>0.0</duration>
          <className>com.mingyizhudao.qa.testcase.doctor.UpdateMedicalRecords</className>
          <testName>@BeforeSuite setUpSuite</testName>
          <skipped>false</skipped>
          <errorStackTrace>
      java.lang.NullPointerException
	at com.mingyizhudao.qa.testcase.crm.RegisteredDoctor_Certify_V2.certify(RegisteredDoctor_Certify_V2.java:35)
	at com.mingyizhudao.qa.common.BaseTest.setUpSuite(BaseTest.java:127)
	at org.apache.maven.surefire.testng.TestNGExecutor.run(TestNGExecutor.java:281)
	at org.apache.maven.surefire.testng.TestNGXmlTestSuite.execute(TestNGXmlTestSuite.java:75)
	at org.apache.maven.surefire.testng.TestNGProvider.invoke(TestNGProvider.java:121)
	at org.apache.maven.surefire.booter.ForkedBooter.invokeProviderInSameClassLoader(ForkedBooter.java:290)
	at org.apache.maven.surefire.booter.ForkedBooter.runSuitesInProcess(ForkedBooter.java:242)
	at org.apache.maven.surefire.booter.ForkedBooter.main(ForkedBooter.java:121)
... Removed 15 stack frames
    </errorStackTrace>
          <failedSince>11</failedSince>
        </case>
        <case>
          <duration>0.0</duration>
          <className>com.mingyizhudao.qa.testcase.doctor.CreateOrder</className>
          <testName>@BeforeClass setUpClass</testName>
          <skipped>true</skipped>
          <failedSince>0</failedSince>
        </case>
        <case>
          <duration>0.0</duration>
          <className>com.mingyizhudao.qa.testcase.doctor.CreateOrder</className>
          <testName>@BeforeMethod setUpTC</testName>
          <skipped>true</skipped>
          <failedSince>0</failedSince>
        </case>
        <case>
          <duration>0.0</duration>
          <className>com.mingyizhudao.qa.testcase.doctor.CreateOrder</className>
          <testName>@AfterMethod tearDownTC</testName>
          <skipped>true</skipped>
          <failedSince>0</failedSince>
        </case>
        <case>
          <duration>0.0</duration>
          <className>com.mingyizhudao.qa.testcase.doctor.CreateOrder</className>
          <testName>@BeforeMethod setUpTC</testName>
          <skipped>true</skipped>
          <failedSince>0</failedSince>
        </case>
        <case>
          <duration>0.0</duration>
          <className>com.mingyizhudao.qa.testcase.doctor.CreateOrder</className>
          <testName>@AfterMethod tearDownTC</testName>
          <skipped>true</skipped>
          <failedSince>0</failedSince>
        </case>
        <case>
          <duration>0.0</duration>
          <className>com.mingyizhudao.qa.testcase.doctor.CreateOrder</className>
          <testName>@BeforeMethod setUpTC</testName>
          <skipped>true</skipped>
          <failedSince>0</failedSince>
        </case>
        <case>
          <duration>0.0</duration>
          <className>com.mingyizhudao.qa.testcase.doctor.CreateOrder</className>
          <testName>@AfterMethod tearDownTC</testName>
          <skipped>true</skipped>
          <failedSince>0</failedSince>
        </case>
        <case>
          <duration>0.0</duration>
          <className>com.mingyizhudao.qa.testcase.doctor.CreateOrder</className>
          <testName>@BeforeMethod setUpTC</testName>
          <skipped>true</skipped>
          <failedSince>0</failedSince>
        </case>
        <case>
          <duration>0.0</duration>
          <className>com.mingyizhudao.qa.testcase.doctor.CreateOrder</className>
          <testName>@AfterMethod tearDownTC</testName>
          <skipped>true</skipped>
          <failedSince>0</failedSince>
        </case>
        <case>
          <duration>0.0</duration>
          <className>com.mingyizhudao.qa.testcase.doctor.CreateOrder</className>
          <testName>@BeforeMethod setUpTC</testName>
          <skipped>true</skipped>
          <failedSince>0</failedSince>
        </case>
        <case>
          <duration>0.0</duration>
          <className>com.mingyizhudao.qa.testcase.doctor.CreateOrder</className>
          <testName>@AfterMethod tearDownTC</testName>
          <skipped>true</skipped>
          <failedSince>0</failedSince>
        </case>
        <case>
          <duration>0.0</duration>
          <className>com.mingyizhudao.qa.testcase.doctor.CreateOrder</className>
          <testName>@BeforeMethod setUpTC</testName>
          <skipped>true</skipped>
          <failedSince>0</failedSince>
        </case>
        <case>
          <duration>0.0</duration>
          <className>com.mingyizhudao.qa.testcase.doctor.CreateOrder</className>
          <testName>@AfterMethod tearDownTC</testName>
          <skipped>true</skipped>
          <failedSince>0</failedSince>
        </case>
        <case>
          <duration>0.0</duration>
          <className>com.mingyizhudao.qa.testcase.doctor.CreateOrder</className>
          <testName>@BeforeMethod setUpTC</testName>
          <skipped>true</skipped>
          <failedSince>0</failedSince>
        </case>
        <case>
          <duration>0.0</duration>
          <className>com.mingyizhudao.qa.testcase.doctor.CreateOrder</className>
          <testName>@AfterMethod tearDownTC</testName>
          <skipped>true</skipped>
          <failedSince>0</failedSince>
        </case>
        <case>
          <duration>0.0</duration>
          <className>com.mingyizhudao.qa.testcase.doctor.CreateOrder</className>
          <testName>@BeforeMethod setUpTC</testName>
          <skipped>true</skipped>
          <failedSince>0</failedSince>
        </case>
        <case>
          <duration>0.0</duration>
          <className>com.mingyizhudao.qa.testcase.doctor.CreateOrder</className>
          <testName>@AfterMethod tearDownTC</testName>
          <skipped>true</skipped>
          <failedSince>0</failedSince>
        </case>
        <case>
          <duration>0.0</duration>
          <className>com.mingyizhudao.qa.testcase.doctor.CreateOrder</className>
          <testName>@BeforeMethod setUpTC</testName>
          <skipped>true</skipped>
          <failedSince>0</failedSince>
        </case>
        <case>
          <duration>0.0</duration>
          <className>com.mingyizhudao.qa.testcase.doctor.CreateOrder</className>
          <testName>@AfterMethod tearDownTC</testName>
          <skipped>true</skipped>
          <failedSince>0</failedSince>
        </case>
        <case>
          <duration>0.0</duration>
          <className>com.mingyizhudao.qa.testcase.doctor.CreateOrder</className>
          <testName>@BeforeMethod setUpTC</testName>
          <skipped>true</skipped>
          <failedSince>0</failedSince>
        </case>
        <case>
          <duration>0.0</duration>
          <className>com.mingyizhudao.qa.testcase.doctor.CreateOrder</className>
          <testName>@AfterMethod tearDownTC</testName>
          <skipped>true</skipped>
          <failedSince>0</failedSince>
        </case>
        <case>
          <duration>0.0</duration>
          <className>com.mingyizhudao.qa.testcase.doctor.CreateOrder</className>
          <testName>@BeforeMethod setUpTC</testName>
          <skipped>true</skipped>
          <failedSince>0</failedSince>
        </case>
        <case>
          <duration>0.0</duration>
          <className>com.mingyizhudao.qa.testcase.doctor.CreateOrder</className>
          <testName>@AfterMethod tearDownTC</testName>
          <skipped>true</skipped>
          <failedSince>0</failedSince>
        </case>
        <case>
          <duration>0.0</duration>
          <className>com.mingyizhudao.qa.testcase.doctor.CreateOrder</className>
          <testName>@AfterClass tearDownClass</testName>
          <skipped>true</skipped>
          <failedSince>0</failedSince>
        </case>
        <case>
          <duration>0.0</duration>
          <className>com.mingyizhudao.qa.testcase.doctor.GetOrderList</className>
          <testName>@BeforeClass setUpClass</testName>
          <skipped>true</skipped>
          <failedSince>0</failedSince>
        </case>
        <case>
          <duration>0.0</duration>
          <className>com.mingyizhudao.qa.testcase.doctor.GetOrderList</className>
          <testName>@BeforeMethod setUpTC</testName>
          <skipped>true</skipped>
          <failedSince>0</failedSince>
        </case>
        <case>
          <duration>0.0</duration>
          <className>com.mingyizhudao.qa.testcase.doctor.GetOrderList</className>
          <testName>@AfterMethod tearDownTC</testName>
          <skipped>true</skipped>
          <failedSince>0</failedSince>
        </case>
        <case>
          <duration>0.0</duration>
          <className>com.mingyizhudao.qa.testcase.doctor.GetOrderList</className>
          <testName>@BeforeMethod setUpTC</testName>
          <skipped>true</skipped>
          <failedSince>0</failedSince>
        </case>
        <case>
          <duration>0.0</duration>
          <className>com.mingyizhudao.qa.testcase.doctor.GetOrderList</className>
          <testName>@AfterMethod tearDownTC</testName>
          <skipped>true</skipped>
          <failedSince>0</failedSince>
        </case>
        <case>
          <duration>0.0</duration>
          <className>com.mingyizhudao.qa.testcase.doctor.GetOrderList</className>
          <testName>@BeforeMethod setUpTC</testName>
          <skipped>true</skipped>
          <failedSince>0</failedSince>
        </case>
        <case>
          <duration>0.0</duration>
          <className>com.mingyizhudao.qa.testcase.doctor.GetOrderList</className>
          <testName>@AfterMethod tearDownTC</testName>
          <skipped>true</skipped>
          <failedSince>0</failedSince>
        </case>
        <case>
          <duration>0.0</duration>
          <className>com.mingyizhudao.qa.testcase.doctor.GetOrderList</className>
          <testName>@BeforeMethod setUpTC</testName>
          <skipped>true</skipped>
          <failedSince>0</failedSince>
        </case>
        <case>
          <duration>0.0</duration>
          <className>com.mingyizhudao.qa.testcase.doctor.GetOrderList</className>
          <testName>@AfterMethod tearDownTC</testName>
          <skipped>true</skipped>
          <failedSince>0</failedSince>
        </case>
        <case>
          <duration>0.0</duration>
          <className>com.mingyizhudao.qa.testcase.doctor.GetOrderList</className>
          <testName>@BeforeMethod setUpTC</testName>
          <skipped>true</skipped>
          <failedSince>0</failedSince>
        </case>
        <case>
          <duration>0.0</duration>
          <className>com.mingyizhudao.qa.testcase.doctor.GetOrderList</className>
          <testName>@AfterMethod tearDownTC</testName>
          <skipped>true</skipped>
          <failedSince>0</failedSince>
        </case>
        <case>
          <duration>0.0</duration>
          <className>com.mingyizhudao.qa.testcase.doctor.GetOrderList</className>
          <testName>@AfterClass tearDownClass</testName>
          <skipped>true</skipped>
          <failedSince>0</failedSince>
        </case>
        <case>
          <duration>0.0</duration>
          <className>com.mingyizhudao.qa.testcase.doctor.GetUploadToken</className>
          <testName>@BeforeClass setUpClass</testName>
          <skipped>true</skipped>
          <failedSince>0</failedSince>
        </case>
        <case>
          <duration>0.0</duration>
          <className>com.mingyizhudao.qa.testcase.doctor.GetUploadToken</className>
          <testName>@BeforeMethod setUpTC</testName>
          <skipped>true</skipped>
          <failedSince>0</failedSince>
        </case>
        <case>
          <duration>0.0</duration>
          <className>com.mingyizhudao.qa.testcase.doctor.GetUploadToken</className>
          <testName>@AfterMethod tearDownTC</testName>
          <skipped>true</skipped>
          <failedSince>0</failedSince>
        </case>
        <case>
          <duration>0.0</duration>
          <className>com.mingyizhudao.qa.testcase.doctor.GetUploadToken</className>
          <testName>@BeforeMethod setUpTC</testName>
          <skipped>true</skipped>
          <failedSince>0</failedSince>
        </case>
        <case>
          <duration>0.0</duration>
          <className>com.mingyizhudao.qa.testcase.doctor.GetUploadToken</className>
          <testName>@AfterMethod tearDownTC</testName>
          <skipped>true</skipped>
          <failedSince>0</failedSince>
        </case>
        <case>
          <duration>0.0</duration>
          <className>com.mingyizhudao.qa.testcase.doctor.GetUploadToken</className>
          <testName>@BeforeMethod setUpTC</testName>
          <skipped>true</skipped>
          <failedSince>0</failedSince>
        </case>
        <case>
          <duration>0.0</duration>
          <className>com.mingyizhudao.qa.testcase.doctor.GetUploadToken</className>
          <testName>@AfterMethod tearDownTC</testName>
          <skipped>true</skipped>
          <failedSince>0</failedSince>
        </case>
        <case>
          <duration>0.0</duration>
          <className>com.mingyizhudao.qa.testcase.doctor.GetUploadToken</className>
          <testName>@BeforeMethod setUpTC</testName>
          <skipped>true</skipped>
          <failedSince>0</failedSince>
        </case>
        <case>
          <duration>0.0</duration>
          <className>com.mingyizhudao.qa.testcase.doctor.GetUploadToken</className>
          <testName>@AfterMethod tearDownTC</testName>
          <skipped>true</skipped>
          <failedSince>0</failedSince>
        </case>
        <case>
          <duration>0.0</duration>
          <className>com.mingyizhudao.qa.testcase.doctor.GetUploadToken</className>
          <testName>@BeforeMethod setUpTC</testName>
          <skipped>true</skipped>
          <failedSince>0</failedSince>
        </case>
        <case>
          <duration>0.0</duration>
          <className>com.mingyizhudao.qa.testcase.doctor.GetUploadToken</className>
          <testName>@AfterMethod tearDownTC</testName>
          <skipped>true</skipped>
          <failedSince>0</failedSince>
        </case>
        <case>
          <duration>0.0</duration>
          <className>com.mingyizhudao.qa.testcase.doctor.GetUploadToken</className>
          <testName>@BeforeMethod setUpTC</testName>
          <skipped>true</skipped>
          <failedSince>0</failedSince>
        </case>
        <case>
          <duration>0.0</duration>
          <className>com.mingyizhudao.qa.testcase.doctor.GetUploadToken</className>
          <testName>@AfterMethod tearDownTC</testName>
          <skipped>true</skipped>
          <failedSince>0</failedSince>
        </case>
        <case>
          <duration>0.0</duration>
          <className>com.mingyizhudao.qa.testcase.doctor.GetUploadToken</className>
          <testName>@AfterClass tearDownClass</testName>
          <skipped>true</skipped>
          <failedSince>0</failedSince>
        </case>
        <case>
          <duration>0.0</duration>
          <className>com.mingyizhudao.qa.testcase.doctor.GetOrderDetail</className>
          <testName>@BeforeClass setUpClass</testName>
          <skipped>true</skipped>
          <failedSince>0</failedSince>
        </case>
        <case>
          <duration>0.0</duration>
          <className>com.mingyizhudao.qa.testcase.doctor.GetOrderDetail</className>
          <testName>@BeforeMethod setUpTC</testName>
          <skipped>true</skipped>
          <failedSince>0</failedSince>
        </case>
        <case>
          <duration>0.0</duration>
          <className>com.mingyizhudao.qa.testcase.doctor.GetOrderDetail</className>
          <testName>@AfterMethod tearDownTC</testName>
          <skipped>true</skipped>
          <failedSince>0</failedSince>
        </case>
        <case>
          <duration>0.0</duration>
          <className>com.mingyizhudao.qa.testcase.doctor.GetOrderDetail</className>
          <testName>@BeforeMethod setUpTC</testName>
          <skipped>true</skipped>
          <failedSince>0</failedSince>
        </case>
        <case>
          <duration>0.0</duration>
          <className>com.mingyizhudao.qa.testcase.doctor.GetOrderDetail</className>
          <testName>@AfterMethod tearDownTC</testName>
          <skipped>true</skipped>
          <failedSince>0</failedSince>
        </case>
        <case>
          <duration>0.0</duration>
          <className>com.mingyizhudao.qa.testcase.doctor.GetOrderDetail</className>
          <testName>@BeforeMethod setUpTC</testName>
          <skipped>true</skipped>
          <failedSince>0</failedSince>
        </case>
        <case>
          <duration>0.0</duration>
          <className>com.mingyizhudao.qa.testcase.doctor.GetOrderDetail</className>
          <testName>@AfterMethod tearDownTC</testName>
          <skipped>true</skipped>
          <failedSince>0</failedSince>
        </case>
        <case>
          <duration>0.0</duration>
          <className>com.mingyizhudao.qa.testcase.doctor.GetOrderDetail</className>
          <testName>@BeforeMethod setUpTC</testName>
          <skipped>true</skipped>
          <failedSince>0</failedSince>
        </case>
        <case>
          <duration>0.0</duration>
          <className>com.mingyizhudao.qa.testcase.doctor.GetOrderDetail</className>
          <testName>@AfterMethod tearDownTC</testName>
          <skipped>true</skipped>
          <failedSince>0</failedSince>
        </case>
        <case>
          <duration>0.0</duration>
          <className>com.mingyizhudao.qa.testcase.doctor.GetOrderDetail</className>
          <testName>@AfterClass tearDownClass</testName>
          <skipped>true</skipped>
          <failedSince>0</failedSince>
        </case>
        <case>
          <duration>0.0</duration>
          <className>com.mingyizhudao.qa.testcase.doctor.UpdateMedicalRecords</className>
          <testName>@BeforeClass setUpClass</testName>
          <skipped>true</skipped>
          <failedSince>0</failedSince>
        </case>
        <case>
          <duration>0.0</duration>
          <className>com.mingyizhudao.qa.testcase.doctor.UpdateMedicalRecords</className>
          <testName>@BeforeMethod setUpTC</testName>
          <skipped>true</skipped>
          <failedSince>0</failedSince>
        </case>
        <case>
          <duration>0.0</duration>
          <className>com.mingyizhudao.qa.testcase.doctor.UpdateMedicalRecords</className>
          <testName>@AfterMethod tearDownTC</testName>
          <skipped>true</skipped>
          <failedSince>0</failedSince>
        </case>
        <case>
          <duration>0.0</duration>
          <className>com.mingyizhudao.qa.testcase.doctor.UpdateMedicalRecords</className>
          <testName>@BeforeMethod setUpTC</testName>
          <skipped>true</skipped>
          <failedSince>0</failedSince>
        </case>
        <case>
          <duration>0.0</duration>
          <className>com.mingyizhudao.qa.testcase.doctor.UpdateMedicalRecords</className>
          <testName>@AfterMethod tearDownTC</testName>
          <skipped>true</skipped>
          <failedSince>0</failedSince>
        </case>
        <case>
          <duration>0.0</duration>
          <className>com.mingyizhudao.qa.testcase.doctor.UpdateMedicalRecords</className>
          <testName>@BeforeMethod setUpTC</testName>
          <skipped>true</skipped>
          <failedSince>0</failedSince>
        </case>
        <case>
          <duration>0.0</duration>
          <className>com.mingyizhudao.qa.testcase.doctor.UpdateMedicalRecords</className>
          <testName>@AfterMethod tearDownTC</testName>
          <skipped>true</skipped>
          <failedSince>0</failedSince>
        </case>
        <case>
          <duration>0.0</duration>
          <className>com.mingyizhudao.qa.testcase.doctor.UpdateMedicalRecords</className>
          <testName>@BeforeMethod setUpTC</testName>
          <skipped>true</skipped>
          <failedSince>0</failedSince>
        </case>
        <case>
          <duration>0.0</duration>
          <className>com.mingyizhudao.qa.testcase.doctor.UpdateMedicalRecords</className>
          <testName>@AfterMethod tearDownTC</testName>
          <skipped>true</skipped>
          <failedSince>0</failedSince>
        </case>
        <case>
          <duration>0.0</duration>
          <className>com.mingyizhudao.qa.testcase.doctor.UpdateMedicalRecords</className>
          <testName>@BeforeMethod setUpTC</testName>
          <skipped>true</skipped>
          <failedSince>0</failedSince>
        </case>
        <case>
          <duration>0.0</duration>
          <className>com.mingyizhudao.qa.testcase.doctor.UpdateMedicalRecords</className>
          <testName>@AfterMethod tearDownTC</testName>
          <skipped>true</skipped>
          <failedSince>0</failedSince>
        </case>
        <case>
          <duration>0.0</duration>
          <className>com.mingyizhudao.qa.testcase.doctor.UpdateMedicalRecords</className>
          <testName>@BeforeMethod setUpTC</testName>
          <skipped>true</skipped>
          <failedSince>0</failedSince>
        </case>
        <case>
          <duration>0.0</duration>
          <className>com.mingyizhudao.qa.testcase.doctor.UpdateMedicalRecords</className>
          <testName>@AfterMethod tearDownTC</testName>
          <skipped>true</skipped>
          <failedSince>0</failedSince>
        </case>
        <case>
          <duration>0.0</duration>
          <className>com.mingyizhudao.qa.testcase.doctor.UpdateMedicalRecords</className>
          <testName>@BeforeMethod setUpTC</testName>
          <skipped>true</skipped>
          <failedSince>0</failedSince>
        </case>
        <case>
          <duration>0.0</duration>
          <className>com.mingyizhudao.qa.testcase.doctor.UpdateMedicalRecords</className>
          <testName>@AfterMethod tearDownTC</testName>
          <skipped>true</skipped>
          <failedSince>0</failedSince>
        </case>
        <case>
          <duration>0.0</duration>
          <className>com.mingyizhudao.qa.testcase.doctor.UpdateMedicalRecords</className>
          <testName>@BeforeMethod setUpTC</testName>
          <skipped>true</skipped>
          <failedSince>0</failedSince>
        </case>
        <case>
          <duration>0.0</duration>
          <className>com.mingyizhudao.qa.testcase.doctor.UpdateMedicalRecords</className>
          <testName>@AfterMethod tearDownTC</testName>
          <skipped>true</skipped>
          <failedSince>0</failedSince>
        </case>
        <case>
          <duration>0.0</duration>
          <className>com.mingyizhudao.qa.testcase.doctor.UpdateMedicalRecords</className>
          <testName>@AfterClass tearDownClass</testName>
          <skipped>true</skipped>
          <failedSince>0</failedSince>
        </case>
        <case>
          <duration>0.0</duration>
          <className>com.mingyizhudao.qa.testcase.doctor.CreateOrder</className>
          <testName>test_01_创建订单_信息齐备_已认证用户</testName>
          <skipped>true</skipped>
          <failedSince>0</failedSince>
        </case>
        <case>
          <duration>0.001</duration>
          <className>com.mingyizhudao.qa.testcase.doctor.CreateOrder</className>
          <testName>test_02_创建订单_信息齐备_未登录用户</testName>
          <skipped>true</skipped>
          <failedSince>0</failedSince>
        </case>
        <case>
          <duration>0.0</duration>
          <className>com.mingyizhudao.qa.testcase.doctor.CreateOrder</className>
          <testName>test_03_创建订单_缺少患者姓名不可以创建</testName>
          <skipped>true</skipped>
          <failedSince>0</failedSince>
        </case>
        <case>
          <duration>0.0</duration>
          <className>com.mingyizhudao.qa.testcase.doctor.CreateOrder</className>
          <testName>test_04_创建订单_缺少患者性别或性别不正确不可以创建</testName>
          <skipped>true</skipped>
          <failedSince>0</failedSince>
        </case>
        <case>
          <duration>0.0</duration>
          <className>com.mingyizhudao.qa.testcase.doctor.CreateOrder</className>
          <testName>test_05_创建订单_缺少患者年龄不可以创建</testName>
          <skipped>true</skipped>
          <failedSince>0</failedSince>
        </case>
        <case>
          <duration>0.0</duration>
          <className>com.mingyizhudao.qa.testcase.doctor.CreateOrder</className>
          <testName>test_06_创建订单_缺少患者手机不可以创建</testName>
          <skipped>true</skipped>
          <failedSince>0</failedSince>
        </case>
        <case>
          <duration>0.0</duration>
          <className>com.mingyizhudao.qa.testcase.doctor.CreateOrder</className>
          <testName>test_07_创建订单_缺少主诉疾病不可以创建</testName>
          <skipped>true</skipped>
          <failedSince>0</failedSince>
        </case>
        <case>
          <duration>0.0</duration>
          <className>com.mingyizhudao.qa.testcase.doctor.CreateOrder</className>
          <testName>test_08_创建订单_缺少次诉疾病可以创建</testName>
          <skipped>true</skipped>
          <failedSince>0</failedSince>
        </case>
        <case>
          <duration>0.0</duration>
          <className>com.mingyizhudao.qa.testcase.doctor.CreateOrder</className>
          <testName>test_09_创建订单_信息齐备_认证中的医生没有邀请者不可以创建</testName>
          <skipped>true</skipped>
          <failedSince>0</failedSince>
        </case>
        <case>
          <duration>0.0</duration>
          <className>com.mingyizhudao.qa.testcase.doctor.CreateOrder</className>
          <testName>test_10_创建订单_信息齐备_认证中的医生有邀请者可以创建</testName>
          <skipped>true</skipped>
          <failedSince>0</failedSince>
        </case>
        <case>
          <duration>0.0</duration>
          <className>com.mingyizhudao.qa.testcase.doctor.CreateOrder</className>
          <testName>test_11_创建订单_信息齐备_期望手术医院不传</testName>
          <skipped>true</skipped>
          <failedSince>0</failedSince>
        </case>
        <case>
          <duration>0.0</duration>
          <className>com.mingyizhudao.qa.testcase.doctor.GetOrderList</className>
          <testName>test_01_获取订单列表_登录用户</testName>
          <skipped>true</skipped>
          <failedSince>0</failedSince>
        </case>
        <case>
          <duration>0.0</duration>
          <className>com.mingyizhudao.qa.testcase.doctor.GetOrderList</className>
          <testName>test_02_获取订单列表_登录用户_订单列表会更新且按时间倒序</testName>
          <skipped>true</skipped>
          <failedSince>0</failedSince>
        </case>
        <case>
          <duration>0.0</duration>
          <className>com.mingyizhudao.qa.testcase.doctor.GetOrderList</className>
          <testName>test_03_获取订单列表_未登录用户</testName>
          <skipped>true</skipped>
          <failedSince>0</failedSince>
        </case>
        <case>
          <duration>0.0</duration>
          <className>com.mingyizhudao.qa.testcase.doctor.GetOrderList</className>
          <testName>test_04_获取订单列表_推荐医生后病历不展示上级医生信息</testName>
          <skipped>true</skipped>
          <failedSince>0</failedSince>
        </case>
        <case>
          <duration>0.0</duration>
          <className>com.mingyizhudao.qa.testcase.doctor.GetOrderList</className>
          <testName>test_05_获取订单列表_三方通话成功后病历上展示上级医生信息</testName>
          <skipped>true</skipped>
          <failedSince>0</failedSince>
        </case>
        <case>
          <duration>0.001</duration>
          <className>com.mingyizhudao.qa.testcase.doctor.GetUploadToken</className>
          <testName>test_01_获取type1的图片token_成功</testName>
          <skipped>true</skipped>
          <failedSince>0</failedSince>
        </case>
        <case>
          <duration>0.001</duration>
          <className>com.mingyizhudao.qa.testcase.doctor.GetUploadToken</className>
          <testName>test_02_获取type2的图片token_成功</testName>
          <skipped>true</skipped>
          <failedSince>0</failedSince>
        </case>
        <case>
          <duration>0.0</duration>
          <className>com.mingyizhudao.qa.testcase.doctor.GetUploadToken</className>
          <testName>test_03_获取type3的图片token_成功</testName>
          <skipped>true</skipped>
          <failedSince>0</failedSince>
        </case>
        <case>
          <duration>0.0</duration>
          <className>com.mingyizhudao.qa.testcase.doctor.GetUploadToken</className>
          <testName>test_04_获取PNG文件名正常图片token_成功</testName>
          <skipped>true</skipped>
          <failedSince>0</failedSince>
        </case>
        <case>
          <duration>0.0</duration>
          <className>com.mingyizhudao.qa.testcase.doctor.GetUploadToken</className>
          <testName>test_05_获取GIF文件名正常图片token_成功</testName>
          <skipped>true</skipped>
          <failedSince>0</failedSince>
        </case>
        <case>
          <duration>0.0</duration>
          <className>com.mingyizhudao.qa.testcase.doctor.GetUploadToken</className>
          <testName>test_06_获取文件名有特殊字符图片token_成功</testName>
          <skipped>true</skipped>
          <failedSince>0</failedSince>
        </case>
        <case>
          <duration>0.0</duration>
          <className>com.mingyizhudao.qa.testcase.doctor.GetOrderDetail</className>
          <testName>test_01_获取订单详情_提供正确的属于自己的订单ID</testName>
          <skipped>true</skipped>
          <failedSince>0</failedSince>
        </case>
        <case>
          <duration>0.001</duration>
          <className>com.mingyizhudao.qa.testcase.doctor.GetOrderDetail</className>
          <testName>test_02_获取订单详情_提供正确的错误的ID_ID为非法整数</testName>
          <skipped>true</skipped>
          <failedSince>0</failedSince>
        </case>
        <case>
          <duration>0.0</duration>
          <className>com.mingyizhudao.qa.testcase.doctor.GetOrderDetail</className>
          <testName>test_03_获取订单详情_提供正确的错误的ID_ID为英文</testName>
          <skipped>true</skipped>
          <failedSince>0</failedSince>
        </case>
        <case>
          <duration>0.0</duration>
          <className>com.mingyizhudao.qa.testcase.doctor.GetOrderDetail</className>
          <testName>test_04_获取订单详情_提供不属于自己的订单ID</testName>
          <skipped>true</skipped>
          <failedSince>0</failedSince>
        </case>
        <case>
          <duration>0.0</duration>
          <className>com.mingyizhudao.qa.testcase.doctor.UpdateMedicalRecords</className>
          <testName>test_01_更新病例_主诉疾病</testName>
          <skipped>true</skipped>
          <failedSince>0</failedSince>
        </case>
        <case>
          <duration>0.0</duration>
          <className>com.mingyizhudao.qa.testcase.doctor.UpdateMedicalRecords</className>
          <testName>test_02_更新病例_次诉疾病</testName>
          <skipped>true</skipped>
          <failedSince>0</failedSince>
        </case>
        <case>
          <duration>0.0</duration>
          <className>com.mingyizhudao.qa.testcase.doctor.UpdateMedicalRecords</className>
          <testName>test_03_更新病例_患者性别</testName>
          <skipped>true</skipped>
          <failedSince>0</failedSince>
        </case>
        <case>
          <duration>0.0</duration>
          <className>com.mingyizhudao.qa.testcase.doctor.UpdateMedicalRecords</className>
          <testName>test_04_更新病例_病例描述</testName>
          <skipped>true</skipped>
          <failedSince>0</failedSince>
        </case>
        <case>
          <duration>0.001</duration>
          <className>com.mingyizhudao.qa.testcase.doctor.UpdateMedicalRecords</className>
          <testName>test_05_更新病例_更新图片</testName>
          <skipped>true</skipped>
          <failedSince>0</failedSince>
        </case>
        <case>
          <duration>0.001</duration>
          <className>com.mingyizhudao.qa.testcase.doctor.UpdateMedicalRecords</className>
          <testName>test_06_更新病例_期望手术医院</testName>
          <skipped>true</skipped>
          <failedSince>0</failedSince>
        </case>
        <case>
          <duration>0.0</duration>
          <className>com.mingyizhudao.qa.testcase.doctor.UpdateMedicalRecords</className>
          <testName>test_07_更新病例_患者姓名</testName>
          <skipped>true</skipped>
          <failedSince>0</failedSince>
        </case>
        <case>
          <duration>0.0</duration>
          <className>com.mingyizhudao.qa.testcase.doctor.UpdateMedicalRecords</className>
          <testName>test_08_更新病例_患者年龄</testName>
          <skipped>true</skipped>
          <failedSince>0</failedSince>
        </case>
      </cases>
    </suite>
    <suite>
      <file>C:\Program Files (x86)\Jenkins\workspace\TestJob\target\surefire-reports\TEST-TestSuite.xml</file>
      <name>TestSuite</name>
      <duration>4.423</duration>
      <time>4.423</time>
      <cases>
        <case>
          <duration>3.732</duration>
          <className>com.mingyizhudao.qa.testcase.doctor.UpdateMedicalRecords</className>
          <testName>setUpSuite</testName>
          <skipped>false</skipped>
          <errorStackTrace>java.lang.NullPointerException
</errorStackTrace>
          <stdout>[INFO][SendVerifyCode] 请求验证码到手机号13903089999 ...
[INFO][HttpRequest] 发送请求: &gt;&gt;&gt;&gt;&gt;  POST http://login.dev.myzd.info/api/login/sendVerifyCode
[INFO][HttpRequest] 请求数据: &gt;&gt;&gt;&gt;&gt;  {&quot;mobile&quot;:&quot;13903089999&quot;}
[INFO][HttpRequest] 等待回应: &lt;&lt;&lt;&lt;&lt;  200 null
[INFO][HttpRequest] 响应时间: &lt;&lt;&lt;&lt;&lt;  3 ms
[INFO][SendVerifyCode] mobile是: 13903089999...请发送验证码到服务器进行验证
[INFO][CheckVerifyCode] 发送短信验证码到服务器进行验证...
[INFO][HttpRequest] 发送请求: &gt;&gt;&gt;&gt;&gt;  POST http://login.dev.myzd.info/api/login/checkVerifyCode
[INFO][HttpRequest] 请求数据: &gt;&gt;&gt;&gt;&gt;  {&quot;mobile&quot;:&quot;13903089999&quot;,&quot;code&quot;:&quot;123456&quot;,&quot;state&quot;:&quot;test&quot;}
[INFO][HttpRequest] 等待回应: &lt;&lt;&lt;&lt;&lt;  200 null
[INFO][HttpRequest] 响应时间: &lt;&lt;&lt;&lt;&lt;  136 ms
[INFO][CheckVerifyCode] token是: eyJ0eXAiOiJKV1QiLCJzcmMiOiIiLCJhbGciOiJIUzI1NiIsInNpZCI6ImZiYzZmMGU5In0.eyJ1aWQiOiIzMjc4IiwibW9iaWxlIjoiMTM5MDMwODk5OTkiLCJleHAiOjE1MDA1Mjg3MDIsImlhdCI6MTUwMDQ0MjMwMn0.O_BVe1hbIXEzfir9ProntA56enTKe__Bk3xsRW56UZY
[INFO][HttpRequest] 发送请求: &gt;&gt;&gt;&gt;&gt;  GET http://services.dev.myzd.info/doctor/api/getdoctorprofile
[INFO][HttpRequest] 请求数据: &gt;&gt;&gt;&gt;&gt;  
[INFO][HttpRequest] 等待回应: &lt;&lt;&lt;&lt;&lt;  200 OK
[INFO][HttpRequest] 响应时间: &lt;&lt;&lt;&lt;&lt;  2141 ms
[INFO][BaseTest] 更新医生信息...
[INFO][HttpRequest] 发送请求: &gt;&gt;&gt;&gt;&gt;  POST http://services.dev.myzd.info/doctor/api/updatedoctorprofile
[INFO][HttpRequest] 请求数据: &gt;&gt;&gt;&gt;&gt;  {&quot;doctor&quot;:{&quot;name&quot;:&quot;庄恕on&quot;,&quot;department&quot;:&quot;胸外科&quot;,&quot;major_id&quot;:&quot;79&quot;,&quot;academic_title_list&quot;:&quot;NONE&quot;,&quot;medical_title_list&quot;:&quot;TECHNICIAN&quot;,&quot;hospital_id&quot;:&quot;6585&quot;,&quot;inviter_no&quot;:&quot;SH0025&quot;}}
[INFO][HttpRequest] 等待回应: &lt;&lt;&lt;&lt;&lt;  200 OK
[INFO][HttpRequest] 响应时间: &lt;&lt;&lt;&lt;&lt;  447 ms
[INFO][UpdateDoctorProfile] 更新医生信息成功
[INFO][HttpRequest] 发送请求: &gt;&gt;&gt;&gt;&gt;  GET http://services.dev.myzd.info/doctor/api/getdoctorprofile
[INFO][HttpRequest] 请求数据: &gt;&gt;&gt;&gt;&gt;  
[INFO][HttpRequest] 等待回应: &lt;&lt;&lt;&lt;&lt;  200 OK
[INFO][HttpRequest] 响应时间: &lt;&lt;&lt;&lt;&lt;  91 ms
[INFO][BaseTest] mainDoctorId为:	3278
[INFO][BaseTest] mainDoctorName为:	庄恕on
[INFO][BaseTest] mainDoctorHospitalId为:	6585
[INFO][BaseTest] mainDoctorHospitalName为:	柘城县中医院
[INFO][HttpRequest] 发送请求: &gt;&gt;&gt;&gt;&gt;  GET http://services.dev.myzd.info/crm/api/v1/doctors/3278/profiles
[INFO][HttpRequest] 请求数据: &gt;&gt;&gt;&gt;&gt;  
[INFO][HttpRequest] 等待回应: &lt;&lt;&lt;&lt;&lt;  200 OK
[INFO][HttpRequest] 响应时间: &lt;&lt;&lt;&lt;&lt;  56 ms
[DEBUG][RegisteredDoctor_Certify_V2] {&quot;code&quot;:3110006,&quot;message&quot;:&quot;Token 无效&quot;}
</stdout>
          <failedSince>11</failedSince>
        </case>
        <case>
          <duration>0.0</duration>
          <className>com.mingyizhudao.qa.testcase.doctor.GetEmployeeProfile</className>
          <testName>setUpClass</testName>
          <skipped>true</skipped>
          <failedSince>0</failedSince>
        </case>
        <case>
          <duration>0.0</duration>
          <className>com.mingyizhudao.qa.testcase.doctor.GetEmployeeProfile</className>
          <testName>setUpTC</testName>
          <skipped>true</skipped>
          <failedSince>0</failedSince>
        </case>
        <case>
          <duration>0.0</duration>
          <className>com.mingyizhudao.qa.testcase.doctor.GetEmployeeProfile</className>
          <testName>setUpTC</testName>
          <skipped>true</skipped>
          <failedSince>0</failedSince>
        </case>
        <case>
          <duration>0.0</duration>
          <className>com.mingyizhudao.qa.testcase.doctor.GetEmployeeProfile</className>
          <testName>setUpTC</testName>
          <skipped>true</skipped>
          <failedSince>0</failedSince>
        </case>
        <case>
          <duration>0.0</duration>
          <className>com.mingyizhudao.qa.testcase.doctor.GetEmployeeProfile</className>
          <testName>test_01_有token的用户请求可以获得有效信息</testName>
          <skipped>true</skipped>
          <failedSince>0</failedSince>
        </case>
        <case>
          <duration>0.0</duration>
          <className>com.mingyizhudao.qa.testcase.doctor.GetEmployeeProfile</className>
          <testName>tearDownTC</testName>
          <skipped>true</skipped>
          <failedSince>0</failedSince>
        </case>
        <case>
          <duration>0.0</duration>
          <className>com.mingyizhudao.qa.testcase.doctor.GetEmployeeProfile</className>
          <testName>tearDownTC</testName>
          <skipped>true</skipped>
          <failedSince>0</failedSince>
        </case>
        <case>
          <duration>0.0</duration>
          <className>com.mingyizhudao.qa.testcase.doctor.GetEmployeeProfile</className>
          <testName>tearDownTC</testName>
          <skipped>true</skipped>
          <failedSince>0</failedSince>
        </case>
        <case>
          <duration>0.0</duration>
          <className>com.mingyizhudao.qa.testcase.doctor.GetEmployeeProfile</className>
          <testName>test_02_没有token的用户请求可以获得有效信息</testName>
          <skipped>true</skipped>
          <failedSince>0</failedSince>
        </case>
        <case>
          <duration>0.0</duration>
          <className>com.mingyizhudao.qa.testcase.doctor.GetEmployeeProfile</className>
          <testName>test_03_员工ID无效时返回空的Employee</testName>
          <skipped>true</skipped>
          <failedSince>0</failedSince>
        </case>
        <case>
          <duration>0.0</duration>
          <className>com.mingyizhudao.qa.testcase.doctor.GetEmployeeProfile</className>
          <testName>tearDownClass</testName>
          <skipped>true</skipped>
          <failedSince>0</failedSince>
        </case>
        <case>
          <duration>0.0</duration>
          <className>com.mingyizhudao.qa.testcase.doctor.HospitalSearch</className>
          <testName>setUpClass</testName>
          <skipped>true</skipped>
          <failedSince>0</failedSince>
        </case>
        <case>
          <duration>0.0</duration>
          <className>com.mingyizhudao.qa.testcase.doctor.HospitalSearch</className>
          <testName>setUpTC</testName>
          <skipped>true</skipped>
          <failedSince>0</failedSince>
        </case>
        <case>
          <duration>0.0</duration>
          <className>com.mingyizhudao.qa.testcase.doctor.HospitalSearch</className>
          <testName>setUpTC</testName>
          <skipped>true</skipped>
          <failedSince>0</failedSince>
        </case>
        <case>
          <duration>0.0</duration>
          <className>com.mingyizhudao.qa.testcase.doctor.HospitalSearch</className>
          <testName>setUpTC</testName>
          <skipped>true</skipped>
          <failedSince>0</failedSince>
        </case>
        <case>
          <duration>0.0</duration>
          <className>com.mingyizhudao.qa.testcase.doctor.HospitalSearch</className>
          <testName>setUpTC</testName>
          <skipped>true</skipped>
          <failedSince>0</failedSince>
        </case>
        <case>
          <duration>0.0</duration>
          <className>com.mingyizhudao.qa.testcase.doctor.HospitalSearch</className>
          <testName>setUpTC</testName>
          <skipped>true</skipped>
          <failedSince>0</failedSince>
        </case>
        <case>
          <duration>0.0</duration>
          <className>com.mingyizhudao.qa.testcase.doctor.HospitalSearch</className>
          <testName>setUpTC</testName>
          <skipped>true</skipped>
          <failedSince>0</failedSince>
        </case>
        <case>
          <duration>0.0</duration>
          <className>com.mingyizhudao.qa.testcase.doctor.HospitalSearch</className>
          <testName>setUpTC</testName>
          <skipped>true</skipped>
          <failedSince>0</failedSince>
        </case>
        <case>
          <duration>0.0</duration>
          <className>com.mingyizhudao.qa.testcase.doctor.HospitalSearch</className>
          <testName>setUpTC</testName>
          <skipped>true</skipped>
          <failedSince>0</failedSince>
        </case>
        <case>
          <duration>0.0</duration>
          <className>com.mingyizhudao.qa.testcase.doctor.HospitalSearch</className>
          <testName>test_01_有token信息的请求可以获得有效信息</testName>
          <skipped>true</skipped>
          <failedSince>0</failedSince>
        </case>
        <case>
          <duration>0.0</duration>
          <className>com.mingyizhudao.qa.testcase.doctor.HospitalSearch</className>
          <testName>tearDownTC</testName>
          <skipped>true</skipped>
          <failedSince>0</failedSince>
        </case>
        <case>
          <duration>0.0</duration>
          <className>com.mingyizhudao.qa.testcase.doctor.HospitalSearch</className>
          <testName>tearDownTC</testName>
          <skipped>true</skipped>
          <failedSince>0</failedSince>
        </case>
        <case>
          <duration>0.0</duration>
          <className>com.mingyizhudao.qa.testcase.doctor.HospitalSearch</className>
          <testName>tearDownTC</testName>
          <skipped>true</skipped>
          <failedSince>0</failedSince>
        </case>
        <case>
          <duration>0.0</duration>
          <className>com.mingyizhudao.qa.testcase.doctor.HospitalSearch</className>
          <testName>tearDownTC</testName>
          <skipped>true</skipped>
          <failedSince>0</failedSince>
        </case>
        <case>
          <duration>0.0</duration>
          <className>com.mingyizhudao.qa.testcase.doctor.HospitalSearch</className>
          <testName>tearDownTC</testName>
          <skipped>true</skipped>
          <failedSince>0</failedSince>
        </case>
        <case>
          <duration>0.0</duration>
          <className>com.mingyizhudao.qa.testcase.doctor.HospitalSearch</className>
          <testName>tearDownTC</testName>
          <skipped>true</skipped>
          <failedSince>0</failedSince>
        </case>
        <case>
          <duration>0.0</duration>
          <className>com.mingyizhudao.qa.testcase.doctor.HospitalSearch</className>
          <testName>tearDownTC</testName>
          <skipped>true</skipped>
          <failedSince>0</failedSince>
        </case>
        <case>
          <duration>0.0</duration>
          <className>com.mingyizhudao.qa.testcase.doctor.HospitalSearch</className>
          <testName>tearDownTC</testName>
          <skipped>true</skipped>
          <failedSince>0</failedSince>
        </case>
        <case>
          <duration>0.0</duration>
          <className>com.mingyizhudao.qa.testcase.doctor.HospitalSearch</className>
          <testName>test_02_没有searchName字段的请求可以获得有效信息</testName>
          <skipped>true</skipped>
          <failedSince>0</failedSince>
        </case>
        <case>
          <duration>0.0</duration>
          <className>com.mingyizhudao.qa.testcase.doctor.HospitalSearch</className>
          <testName>test_03_查询字符串为空时的返回结果</testName>
          <skipped>true</skipped>
          <failedSince>0</failedSince>
        </case>
        <case>
          <duration>0.0</duration>
          <className>com.mingyizhudao.qa.testcase.doctor.HospitalSearch</className>
          <testName>test_04_查询字符串为中文时的返回结果</testName>
          <skipped>true</skipped>
          <failedSince>0</failedSince>
        </case>
        <case>
          <duration>0.0</duration>
          <className>com.mingyizhudao.qa.testcase.doctor.HospitalSearch</className>
          <testName>test_05_查询字符串为一串拼音时的返回结果</testName>
          <skipped>true</skipped>
          <failedSince>0</failedSince>
        </case>
        <case>
          <duration>0.0</duration>
          <className>com.mingyizhudao.qa.testcase.doctor.HospitalSearch</className>
          <testName>test_06_查询字符串为中英混合时的返回结果</testName>
          <skipped>true</skipped>
          <failedSince>0</failedSince>
        </case>
        <case>
          <duration>0.0</duration>
          <className>com.mingyizhudao.qa.testcase.doctor.HospitalSearch</className>
          <testName>test_07_返回的结果中详细字段不缺少</testName>
          <skipped>true</skipped>
          <failedSince>0</failedSince>
        </case>
        <case>
          <duration>0.0</duration>
          <className>com.mingyizhudao.qa.testcase.doctor.HospitalSearch</className>
          <testName>test_08_加城市ID搜索</testName>
          <skipped>true</skipped>
          <failedSince>0</failedSince>
        </case>
        <case>
          <duration>0.0</duration>
          <className>com.mingyizhudao.qa.testcase.doctor.HospitalSearch</className>
          <testName>tearDownClass</testName>
          <skipped>true</skipped>
          <failedSince>0</failedSince>
        </case>
        <case>
          <duration>0.0</duration>
          <className>com.mingyizhudao.qa.testcase.doctor.ProfessionList</className>
          <testName>setUpClass</testName>
          <skipped>true</skipped>
          <failedSince>0</failedSince>
        </case>
        <case>
          <duration>0.0</duration>
          <className>com.mingyizhudao.qa.testcase.doctor.ProfessionList</className>
          <testName>setUpTC</testName>
          <skipped>true</skipped>
          <failedSince>0</failedSince>
        </case>
        <case>
          <duration>0.0</duration>
          <className>com.mingyizhudao.qa.testcase.doctor.ProfessionList</className>
          <testName>setUpTC</testName>
          <skipped>true</skipped>
          <failedSince>0</failedSince>
        </case>
        <case>
          <duration>0.0</duration>
          <className>com.mingyizhudao.qa.testcase.doctor.ProfessionList</className>
          <testName>test_01_有token信息的请求可以获得有效信息</testName>
          <skipped>true</skipped>
          <failedSince>0</failedSince>
        </case>
        <case>
          <duration>0.0</duration>
          <className>com.mingyizhudao.qa.testcase.doctor.ProfessionList</className>
          <testName>tearDownTC</testName>
          <skipped>true</skipped>
          <failedSince>0</failedSince>
        </case>
        <case>
          <duration>0.0</duration>
          <className>com.mingyizhudao.qa.testcase.doctor.ProfessionList</className>
          <testName>tearDownTC</testName>
          <skipped>true</skipped>
          <failedSince>0</failedSince>
        </case>
        <case>
          <duration>0.0</duration>
          <className>com.mingyizhudao.qa.testcase.doctor.ProfessionList</className>
          <testName>test_02_没有token信息的请求可以获得有效信息</testName>
          <skipped>true</skipped>
          <failedSince>0</failedSince>
        </case>
        <case>
          <duration>0.0</duration>
          <className>com.mingyizhudao.qa.testcase.doctor.ProfessionList</className>
          <testName>tearDownClass</testName>
          <skipped>true</skipped>
          <failedSince>0</failedSince>
        </case>
        <case>
          <duration>0.0</duration>
          <className>com.mingyizhudao.qa.testcase.doctor.GetDiseasesInCategory</className>
          <testName>setUpClass</testName>
          <skipped>true</skipped>
          <failedSince>0</failedSince>
        </case>
        <case>
          <duration>0.0</duration>
          <className>com.mingyizhudao.qa.testcase.doctor.GetDiseasesInCategory</className>
          <testName>setUpTC</testName>
          <skipped>true</skipped>
          <failedSince>0</failedSince>
        </case>
        <case>
          <duration>0.0</duration>
          <className>com.mingyizhudao.qa.testcase.doctor.GetDiseasesInCategory</className>
          <testName>setUpTC</testName>
          <skipped>true</skipped>
          <failedSince>0</failedSince>
        </case>
        <case>
          <duration>0.0</duration>
          <className>com.mingyizhudao.qa.testcase.doctor.GetDiseasesInCategory</className>
          <testName>setUpTC</testName>
          <skipped>true</skipped>
          <failedSince>0</failedSince>
        </case>
        <case>
          <duration>0.0</duration>
          <className>com.mingyizhudao.qa.testcase.doctor.GetDiseasesInCategory</className>
          <testName>test_01_获取疾病_提供有效的categoryId</testName>
          <skipped>true</skipped>
          <failedSince>0</failedSince>
        </case>
        <case>
          <duration>0.0</duration>
          <className>com.mingyizhudao.qa.testcase.doctor.GetDiseasesInCategory</className>
          <testName>tearDownTC</testName>
          <skipped>true</skipped>
          <failedSince>0</failedSince>
        </case>
        <case>
          <duration>0.0</duration>
          <className>com.mingyizhudao.qa.testcase.doctor.GetDiseasesInCategory</className>
          <testName>tearDownTC</testName>
          <skipped>true</skipped>
          <failedSince>0</failedSince>
        </case>
        <case>
          <duration>0.0</duration>
          <className>com.mingyizhudao.qa.testcase.doctor.GetDiseasesInCategory</className>
          <testName>tearDownTC</testName>
          <skipped>true</skipped>
          <failedSince>0</failedSince>
        </case>
        <case>
          <duration>0.0</duration>
          <className>com.mingyizhudao.qa.testcase.doctor.GetDiseasesInCategory</className>
          <testName>test_02_获取疾病_提供无效的categoryId_ID不存在</testName>
          <skipped>true</skipped>
          <failedSince>0</failedSince>
        </case>
        <case>
          <duration>0.0</duration>
          <className>com.mingyizhudao.qa.testcase.doctor.GetDiseasesInCategory</className>
          <testName>test_03_获取疾病_提供无效的categoryId_ID为其他字符</testName>
          <skipped>true</skipped>
          <failedSince>0</failedSince>
        </case>
        <case>
          <duration>0.0</duration>
          <className>com.mingyizhudao.qa.testcase.doctor.GetDiseasesInCategory</className>
          <testName>tearDownClass</testName>
          <skipped>true</skipped>
          <failedSince>0</failedSince>
        </case>
        <case>
          <duration>0.0</duration>
          <className>com.mingyizhudao.qa.testcase.doctor.GetDoctorProfile</className>
          <testName>setUpClass</testName>
          <skipped>true</skipped>
          <failedSince>0</failedSince>
        </case>
        <case>
          <duration>0.0</duration>
          <className>com.mingyizhudao.qa.testcase.doctor.GetDoctorProfile</className>
          <testName>setUpTC</testName>
          <skipped>true</skipped>
          <failedSince>0</failedSince>
        </case>
        <case>
          <duration>0.0</duration>
          <className>com.mingyizhudao.qa.testcase.doctor.GetDoctorProfile</className>
          <testName>setUpTC</testName>
          <skipped>true</skipped>
          <failedSince>0</failedSince>
        </case>
        <case>
          <duration>0.0</duration>
          <className>com.mingyizhudao.qa.testcase.doctor.GetDoctorProfile</className>
          <testName>setUpTC</testName>
          <skipped>true</skipped>
          <failedSince>0</failedSince>
        </case>
        <case>
          <duration>0.0</duration>
          <className>com.mingyizhudao.qa.testcase.doctor.GetDoctorProfile</className>
          <testName>setUpTC</testName>
          <skipped>true</skipped>
          <failedSince>0</failedSince>
        </case>
        <case>
          <duration>0.0</duration>
          <className>com.mingyizhudao.qa.testcase.doctor.GetDoctorProfile</className>
          <testName>setUpTC</testName>
          <skipped>true</skipped>
          <failedSince>0</failedSince>
        </case>
        <case>
          <duration>0.0</duration>
          <className>com.mingyizhudao.qa.testcase.doctor.GetDoctorProfile</className>
          <testName>setUpTC</testName>
          <skipped>true</skipped>
          <failedSince>0</failedSince>
        </case>
        <case>
          <duration>0.0</duration>
          <className>com.mingyizhudao.qa.testcase.doctor.GetDoctorProfile</className>
          <testName>setUpTC</testName>
          <skipped>true</skipped>
          <failedSince>0</failedSince>
        </case>
        <case>
          <duration>0.0</duration>
          <className>com.mingyizhudao.qa.testcase.doctor.GetDoctorProfile</className>
          <testName>setUpTC</testName>
          <skipped>true</skipped>
          <failedSince>0</failedSince>
        </case>
        <case>
          <duration>0.0</duration>
          <className>com.mingyizhudao.qa.testcase.doctor.GetDoctorProfile</className>
          <testName>setUpTC</testName>
          <skipped>true</skipped>
          <failedSince>0</failedSince>
        </case>
        <case>
          <duration>0.0</duration>
          <className>com.mingyizhudao.qa.testcase.doctor.GetDoctorProfile</className>
          <testName>test_01_有token信息的请求可以获得有效信息</testName>
          <skipped>true</skipped>
          <failedSince>0</failedSince>
        </case>
        <case>
          <duration>0.0</duration>
          <className>com.mingyizhudao.qa.testcase.doctor.GetDoctorProfile</className>
          <testName>tearDownTC</testName>
          <skipped>true</skipped>
          <failedSince>0</failedSince>
        </case>
        <case>
          <duration>0.0</duration>
          <className>com.mingyizhudao.qa.testcase.doctor.GetDoctorProfile</className>
          <testName>tearDownTC</testName>
          <skipped>true</skipped>
          <failedSince>0</failedSince>
        </case>
        <case>
          <duration>0.0</duration>
          <className>com.mingyizhudao.qa.testcase.doctor.GetDoctorProfile</className>
          <testName>tearDownTC</testName>
          <skipped>true</skipped>
          <failedSince>0</failedSince>
        </case>
        <case>
          <duration>0.0</duration>
          <className>com.mingyizhudao.qa.testcase.doctor.GetDoctorProfile</className>
          <testName>tearDownTC</testName>
          <skipped>true</skipped>
          <failedSince>0</failedSince>
        </case>
        <case>
          <duration>0.0</duration>
          <className>com.mingyizhudao.qa.testcase.doctor.GetDoctorProfile</className>
          <testName>tearDownTC</testName>
          <skipped>true</skipped>
          <failedSince>0</failedSince>
        </case>
        <case>
          <duration>0.0</duration>
          <className>com.mingyizhudao.qa.testcase.doctor.GetDoctorProfile</className>
          <testName>tearDownTC</testName>
          <skipped>true</skipped>
          <failedSince>0</failedSince>
        </case>
        <case>
          <duration>0.0</duration>
          <className>com.mingyizhudao.qa.testcase.doctor.GetDoctorProfile</className>
          <testName>tearDownTC</testName>
          <skipped>true</skipped>
          <failedSince>0</failedSince>
        </case>
        <case>
          <duration>0.0</duration>
          <className>com.mingyizhudao.qa.testcase.doctor.GetDoctorProfile</className>
          <testName>tearDownTC</testName>
          <skipped>true</skipped>
          <failedSince>0</failedSince>
        </case>
        <case>
          <duration>0.0</duration>
          <className>com.mingyizhudao.qa.testcase.doctor.GetDoctorProfile</className>
          <testName>tearDownTC</testName>
          <skipped>true</skipped>
          <failedSince>0</failedSince>
        </case>
        <case>
          <duration>0.0</duration>
          <className>com.mingyizhudao.qa.testcase.doctor.GetDoctorProfile</className>
          <testName>test_02_没有token信息的请求不能获得个人信息并返回正确的错误提示</testName>
          <skipped>true</skipped>
          <failedSince>0</failedSince>
        </case>
        <case>
          <duration>0.0</duration>
          <className>com.mingyizhudao.qa.testcase.doctor.GetDoctorProfile</className>
          <testName>test_03_错误token的请求不能获得个人信息并返回正确的错误提示</testName>
          <skipped>true</skipped>
          <failedSince>0</failedSince>
        </case>
        <case>
          <duration>0.0</duration>
          <className>com.mingyizhudao.qa.testcase.doctor.GetDoctorProfile</className>
          <testName>test_04_测试data字段返回了足够的医生信息</testName>
          <skipped>true</skipped>
          <failedSince>0</failedSince>
        </case>
        <case>
          <duration>0.0</duration>
          <className>com.mingyizhudao.qa.testcase.doctor.GetDoctorProfile</className>
          <testName>test_05_测试总订单数_测试处理中订单数_CRM未领取</testName>
          <skipped>true</skipped>
          <failedSince>0</failedSince>
        </case>
        <case>
          <duration>0.0</duration>
          <className>com.mingyizhudao.qa.testcase.doctor.GetDoctorProfile</className>
          <testName>test_06_测试总订单数_测试处理中订单数_CRM已领取</testName>
          <skipped>true</skipped>
          <failedSince>0</failedSince>
        </case>
        <case>
          <duration>0.0</duration>
          <className>com.mingyizhudao.qa.testcase.doctor.GetDoctorProfile</className>
          <testName>test_07_测试总订单数_测试处理中订单数_推荐完医生</testName>
          <skipped>true</skipped>
          <failedSince>0</failedSince>
        </case>
        <case>
          <duration>0.0</duration>
          <className>com.mingyizhudao.qa.testcase.doctor.GetDoctorProfile</className>
          <testName>test_08_测试总订单数_待支付状态的订单数</testName>
          <skipped>true</skipped>
          <failedSince>0</failedSince>
        </case>
        <case>
          <duration>0.0</duration>
          <className>com.mingyizhudao.qa.testcase.doctor.GetDoctorProfile</className>
          <testName>test_09_测试返回的地区服务专员</testName>
          <skipped>true</skipped>
          <failedSince>0</failedSince>
        </case>
        <case>
          <duration>0.0</duration>
          <className>com.mingyizhudao.qa.testcase.doctor.GetDoctorProfile</className>
          <testName>tearDownClass</testName>
          <skipped>true</skipped>
          <failedSince>0</failedSince>
        </case>
        <case>
          <duration>0.0</duration>
          <className>com.mingyizhudao.qa.testcase.doctor.UpdateDoctorProfile</className>
          <testName>setUpClass</testName>
          <skipped>true</skipped>
          <failedSince>0</failedSince>
        </case>
        <case>
          <duration>0.0</duration>
          <className>com.mingyizhudao.qa.testcase.doctor.UpdateDoctorProfile</className>
          <testName>setUpTC</testName>
          <skipped>true</skipped>
          <failedSince>0</failedSince>
        </case>
        <case>
          <duration>0.0</duration>
          <className>com.mingyizhudao.qa.testcase.doctor.UpdateDoctorProfile</className>
          <testName>setUpTC</testName>
          <skipped>true</skipped>
          <failedSince>0</failedSince>
        </case>
        <case>
          <duration>0.0</duration>
          <className>com.mingyizhudao.qa.testcase.doctor.UpdateDoctorProfile</className>
          <testName>setUpTC</testName>
          <skipped>true</skipped>
          <failedSince>0</failedSince>
        </case>
        <case>
          <duration>0.0</duration>
          <className>com.mingyizhudao.qa.testcase.doctor.UpdateDoctorProfile</className>
          <testName>setUpTC</testName>
          <skipped>true</skipped>
          <failedSince>0</failedSince>
        </case>
        <case>
          <duration>0.0</duration>
          <className>com.mingyizhudao.qa.testcase.doctor.UpdateDoctorProfile</className>
          <testName>setUpTC</testName>
          <skipped>true</skipped>
          <failedSince>0</failedSince>
        </case>
        <case>
          <duration>0.0</duration>
          <className>com.mingyizhudao.qa.testcase.doctor.UpdateDoctorProfile</className>
          <testName>setUpTC</testName>
          <skipped>true</skipped>
          <failedSince>0</failedSince>
        </case>
        <case>
          <duration>0.0</duration>
          <className>com.mingyizhudao.qa.testcase.doctor.UpdateDoctorProfile</className>
          <testName>setUpTC</testName>
          <skipped>true</skipped>
          <failedSince>0</failedSince>
        </case>
        <case>
          <duration>0.0</duration>
          <className>com.mingyizhudao.qa.testcase.doctor.UpdateDoctorProfile</className>
          <testName>setUpTC</testName>
          <skipped>true</skipped>
          <failedSince>0</failedSince>
        </case>
        <case>
          <duration>0.0</duration>
          <className>com.mingyizhudao.qa.testcase.doctor.UpdateDoctorProfile</className>
          <testName>setUpTC</testName>
          <skipped>true</skipped>
          <failedSince>0</failedSince>
        </case>
        <case>
          <duration>0.0</duration>
          <className>com.mingyizhudao.qa.testcase.doctor.UpdateDoctorProfile</className>
          <testName>test_02_已登录有token的用户可以更新个人信息department</testName>
          <skipped>true</skipped>
          <failedSince>0</failedSince>
        </case>
        <case>
          <duration>0.0</duration>
          <className>com.mingyizhudao.qa.testcase.doctor.UpdateDoctorProfile</className>
          <testName>tearDownTC</testName>
          <skipped>true</skipped>
          <failedSince>0</failedSince>
        </case>
        <case>
          <duration>0.0</duration>
          <className>com.mingyizhudao.qa.testcase.doctor.UpdateDoctorProfile</className>
          <testName>tearDownTC</testName>
          <skipped>true</skipped>
          <failedSince>0</failedSince>
        </case>
        <case>
          <duration>0.0</duration>
          <className>com.mingyizhudao.qa.testcase.doctor.UpdateDoctorProfile</className>
          <testName>tearDownTC</testName>
          <skipped>true</skipped>
          <failedSince>0</failedSince>
        </case>
        <case>
          <duration>0.0</duration>
          <className>com.mingyizhudao.qa.testcase.doctor.UpdateDoctorProfile</className>
          <testName>tearDownTC</testName>
          <skipped>true</skipped>
          <failedSince>0</failedSince>
        </case>
        <case>
          <duration>0.0</duration>
          <className>com.mingyizhudao.qa.testcase.doctor.UpdateDoctorProfile</className>
          <testName>tearDownTC</testName>
          <skipped>true</skipped>
          <failedSince>0</failedSince>
        </case>
        <case>
          <duration>0.0</duration>
          <className>com.mingyizhudao.qa.testcase.doctor.UpdateDoctorProfile</className>
          <testName>tearDownTC</testName>
          <skipped>true</skipped>
          <failedSince>0</failedSince>
        </case>
        <case>
          <duration>0.0</duration>
          <className>com.mingyizhudao.qa.testcase.doctor.UpdateDoctorProfile</className>
          <testName>tearDownTC</testName>
          <skipped>true</skipped>
          <failedSince>0</failedSince>
        </case>
        <case>
          <duration>0.0</duration>
          <className>com.mingyizhudao.qa.testcase.doctor.UpdateDoctorProfile</className>
          <testName>tearDownTC</testName>
          <skipped>true</skipped>
          <failedSince>0</failedSince>
        </case>
        <case>
          <duration>0.0</duration>
          <className>com.mingyizhudao.qa.testcase.doctor.UpdateDoctorProfile</className>
          <testName>tearDownTC</testName>
          <skipped>true</skipped>
          <failedSince>0</failedSince>
        </case>
        <case>
          <duration>0.0</duration>
          <className>com.mingyizhudao.qa.testcase.doctor.UpdateDoctorProfile</className>
          <testName>test_03_已登录有token的用户可以更新个人信息hospital_id</testName>
          <skipped>true</skipped>
          <failedSince>0</failedSince>
        </case>
        <case>
          <duration>0.0</duration>
          <className>com.mingyizhudao.qa.testcase.doctor.UpdateDoctorProfile</className>
          <testName>test_05_已登录有token的用户可以更新个人信息major_id</testName>
          <skipped>true</skipped>
          <failedSince>0</failedSince>
        </case>
        <case>
          <duration>0.0</duration>
          <className>com.mingyizhudao.qa.testcase.doctor.UpdateDoctorProfile</className>
          <testName>test_06_未登录没有token的用户不可以更新信息</testName>
          <skipped>true</skipped>
          <failedSince>0</failedSince>
        </case>
        <case>
          <duration>0.0</duration>
          <className>com.mingyizhudao.qa.testcase.doctor.UpdateDoctorProfile</className>
          <testName>test_07_错误token的不可以更新信息并返回正确错误码</testName>
          <skipped>true</skipped>
          <failedSince>0</failedSince>
        </case>
        <case>
          <duration>0.0</duration>
          <className>com.mingyizhudao.qa.testcase.doctor.UpdateDoctorProfile</className>
          <testName>test_08_禁止更新city_name字段</testName>
          <skipped>true</skipped>
          <failedSince>0</failedSince>
        </case>
        <case>
          <duration>0.0</duration>
          <className>com.mingyizhudao.qa.testcase.doctor.UpdateDoctorProfile</className>
          <testName>test_09_禁止更新hospital_name字段</testName>
          <skipped>true</skipped>
          <failedSince>0</failedSince>
        </case>
        <case>
          <duration>0.0</duration>
          <className>com.mingyizhudao.qa.testcase.doctor.UpdateDoctorProfile</className>
          <testName>test_10_禁止更新major_name字段</testName>
          <skipped>true</skipped>
          <failedSince>0</failedSince>
        </case>
        <case>
          <duration>0.0</duration>
          <className>com.mingyizhudao.qa.testcase.doctor.UpdateDoctorProfile</className>
          <testName>test_12_更新doctor_card_pictures字段</testName>
          <skipped>true</skipped>
          <failedSince>0</failedSince>
        </case>
        <case>
          <duration>0.0</duration>
          <className>com.mingyizhudao.qa.testcase.doctor.UpdateDoctorProfile</className>
          <testName>tearDownClass</testName>
          <skipped>true</skipped>
          <failedSince>0</failedSince>
        </case>
        <case>
          <duration>0.0</duration>
          <className>com.mingyizhudao.qa.testcase.login.SendVerifyCode</className>
          <testName>setUpClass</testName>
          <skipped>true</skipped>
          <failedSince>0</failedSince>
        </case>
        <case>
          <duration>0.0</duration>
          <className>com.mingyizhudao.qa.testcase.login.SendVerifyCode</className>
          <testName>setUpTC</testName>
          <skipped>true</skipped>
          <failedSince>0</failedSince>
        </case>
        <case>
          <duration>0.0</duration>
          <className>com.mingyizhudao.qa.testcase.login.SendVerifyCode</className>
          <testName>setUpTC</testName>
          <skipped>true</skipped>
          <failedSince>0</failedSince>
        </case>
        <case>
          <duration>0.0</duration>
          <className>com.mingyizhudao.qa.testcase.login.SendVerifyCode</className>
          <testName>setUpTC</testName>
          <skipped>true</skipped>
          <failedSince>0</failedSince>
        </case>
        <case>
          <duration>0.0</duration>
          <className>com.mingyizhudao.qa.testcase.login.SendVerifyCode</className>
          <testName>填写正确手机号发送验证码成功</testName>
          <skipped>true</skipped>
          <failedSince>0</failedSince>
        </case>
        <case>
          <duration>0.0</duration>
          <className>com.mingyizhudao.qa.testcase.login.SendVerifyCode</className>
          <testName>tearDownTC</testName>
          <skipped>true</skipped>
          <failedSince>0</failedSince>
        </case>
        <case>
          <duration>0.0</duration>
          <className>com.mingyizhudao.qa.testcase.login.SendVerifyCode</className>
          <testName>tearDownTC</testName>
          <skipped>true</skipped>
          <failedSince>0</failedSince>
        </case>
        <case>
          <duration>0.0</duration>
          <className>com.mingyizhudao.qa.testcase.login.SendVerifyCode</className>
          <testName>tearDownTC</testName>
          <skipped>true</skipped>
          <failedSince>0</failedSince>
        </case>
        <case>
          <duration>0.0</duration>
          <className>com.mingyizhudao.qa.testcase.login.SendVerifyCode</className>
          <testName>填写错误少于11位的手机号发送验证码失败</testName>
          <skipped>true</skipped>
          <failedSince>0</failedSince>
        </case>
        <case>
          <duration>0.0</duration>
          <className>com.mingyizhudao.qa.testcase.login.SendVerifyCode</className>
          <testName>填写错误手机号发送验证码成功失败</testName>
          <skipped>true</skipped>
          <failedSince>0</failedSince>
        </case>
        <case>
          <duration>0.0</duration>
          <className>com.mingyizhudao.qa.testcase.login.SendVerifyCode</className>
          <testName>tearDownClass</testName>
          <skipped>true</skipped>
          <failedSince>0</failedSince>
        </case>
        <case>
          <duration>0.0</duration>
          <className>com.mingyizhudao.qa.testcase.login.CheckVerifyCode</className>
          <testName>setUpClass</testName>
          <skipped>true</skipped>
          <failedSince>0</failedSince>
        </case>
        <case>
          <duration>0.0</duration>
          <className>com.mingyizhudao.qa.testcase.login.CheckVerifyCode</className>
          <testName>setUpTC</testName>
          <skipped>true</skipped>
          <failedSince>0</failedSince>
        </case>
        <case>
          <duration>0.0</duration>
          <className>com.mingyizhudao.qa.testcase.login.CheckVerifyCode</className>
          <testName>setUpTC</testName>
          <skipped>true</skipped>
          <failedSince>0</failedSince>
        </case>
        <case>
          <duration>0.0</duration>
          <className>com.mingyizhudao.qa.testcase.login.CheckVerifyCode</className>
          <testName>setUpTC</testName>
          <skipped>true</skipped>
          <failedSince>0</failedSince>
        </case>
        <case>
          <duration>0.0</duration>
          <className>com.mingyizhudao.qa.testcase.login.CheckVerifyCode</className>
          <testName>setUpTC</testName>
          <skipped>true</skipped>
          <failedSince>0</failedSince>
        </case>
        <case>
          <duration>0.0</duration>
          <className>com.mingyizhudao.qa.testcase.login.CheckVerifyCode</className>
          <testName>setUpTC</testName>
          <skipped>true</skipped>
          <failedSince>0</failedSince>
        </case>
        <case>
          <duration>0.0</duration>
          <className>com.mingyizhudao.qa.testcase.login.CheckVerifyCode</className>
          <testName>同一手机号先请求验证码再验证应该返回token</testName>
          <skipped>true</skipped>
          <failedSince>0</failedSince>
        </case>
        <case>
          <duration>0.0</duration>
          <className>com.mingyizhudao.qa.testcase.login.CheckVerifyCode</className>
          <testName>tearDownTC</testName>
          <skipped>true</skipped>
          <failedSince>0</failedSince>
        </case>
        <case>
          <duration>0.0</duration>
          <className>com.mingyizhudao.qa.testcase.login.CheckVerifyCode</className>
          <testName>tearDownTC</testName>
          <skipped>true</skipped>
          <failedSince>0</failedSince>
        </case>
        <case>
          <duration>0.0</duration>
          <className>com.mingyizhudao.qa.testcase.login.CheckVerifyCode</className>
          <testName>tearDownTC</testName>
          <skipped>true</skipped>
          <failedSince>0</failedSince>
        </case>
        <case>
          <duration>0.0</duration>
          <className>com.mingyizhudao.qa.testcase.login.CheckVerifyCode</className>
          <testName>tearDownTC</testName>
          <skipped>true</skipped>
          <failedSince>0</failedSince>
        </case>
        <case>
          <duration>0.0</duration>
          <className>com.mingyizhudao.qa.testcase.login.CheckVerifyCode</className>
          <testName>tearDownTC</testName>
          <skipped>true</skipped>
          <failedSince>0</failedSince>
        </case>
        <case>
          <duration>0.0</duration>
          <className>com.mingyizhudao.qa.testcase.login.CheckVerifyCode</className>
          <testName>手机号未发送过请求但直接进行验证应该返回错误</testName>
          <skipped>true</skipped>
          <failedSince>0</failedSince>
        </case>
        <case>
          <duration>0.0</duration>
          <className>com.mingyizhudao.qa.testcase.login.CheckVerifyCode</className>
          <testName>手机号非法或不符时发送验证码返回正确的错误提示</testName>
          <skipped>true</skipped>
          <failedSince>0</failedSince>
        </case>
        <case>
          <duration>0.0</duration>
          <className>com.mingyizhudao.qa.testcase.login.CheckVerifyCode</className>
          <testName>无手机号有验证码返回正确的错误提示</testName>
          <skipped>true</skipped>
          <failedSince>0</failedSince>
        </case>
        <case>
          <duration>0.0</duration>
          <className>com.mingyizhudao.qa.testcase.login.CheckVerifyCode</className>
          <testName>有手机号无验证码返回正确的错误提示</testName>
          <skipped>true</skipped>
          <failedSince>0</failedSince>
        </case>
        <case>
          <duration>0.0</duration>
          <className>com.mingyizhudao.qa.testcase.login.CheckVerifyCode</className>
          <testName>tearDownClass</testName>
          <skipped>true</skipped>
          <failedSince>0</failedSince>
        </case>
        <case>
          <duration>0.0</duration>
          <className>com.mingyizhudao.qa.testcase.login.Refresh</className>
          <testName>setUpClass</testName>
          <skipped>true</skipped>
          <failedSince>0</failedSince>
        </case>
        <case>
          <duration>0.0</duration>
          <className>com.mingyizhudao.qa.testcase.login.Refresh</className>
          <testName>setUpTC</testName>
          <skipped>true</skipped>
          <failedSince>0</failedSince>
        </case>
        <case>
          <duration>0.0</duration>
          <className>com.mingyizhudao.qa.testcase.login.Refresh</className>
          <testName>setUpTC</testName>
          <skipped>true</skipped>
          <failedSince>0</failedSince>
        </case>
        <case>
          <duration>0.0</duration>
          <className>com.mingyizhudao.qa.testcase.login.Refresh</className>
          <testName>body中的token和http头中的token不一致</testName>
          <skipped>true</skipped>
          <failedSince>0</failedSince>
        </case>
        <case>
          <duration>0.0</duration>
          <className>com.mingyizhudao.qa.testcase.login.Refresh</className>
          <testName>tearDownTC</testName>
          <skipped>true</skipped>
          <failedSince>0</failedSince>
        </case>
        <case>
          <duration>0.0</duration>
          <className>com.mingyizhudao.qa.testcase.login.Refresh</className>
          <testName>tearDownTC</testName>
          <skipped>true</skipped>
          <failedSince>0</failedSince>
        </case>
        <case>
          <duration>0.0</duration>
          <className>com.mingyizhudao.qa.testcase.login.Refresh</className>
          <testName>刷新token后返回新的token且老token依然可用</testName>
          <skipped>true</skipped>
          <failedSince>0</failedSince>
        </case>
        <case>
          <duration>0.0</duration>
          <className>com.mingyizhudao.qa.testcase.login.Refresh</className>
          <testName>tearDownClass</testName>
          <skipped>true</skipped>
          <failedSince>0</failedSince>
        </case>
        <case>
          <duration>0.0</duration>
          <className>com.mingyizhudao.qa.testcase.doctor.CreateOrder</className>
          <testName>setUpClass</testName>
          <skipped>true</skipped>
          <failedSince>0</failedSince>
        </case>
        <case>
          <duration>0.0</duration>
          <className>com.mingyizhudao.qa.testcase.doctor.CreateOrder</className>
          <testName>setUpTC</testName>
          <skipped>true</skipped>
          <failedSince>0</failedSince>
        </case>
        <case>
          <duration>0.0</duration>
          <className>com.mingyizhudao.qa.testcase.doctor.CreateOrder</className>
          <testName>setUpTC</testName>
          <skipped>true</skipped>
          <failedSince>0</failedSince>
        </case>
        <case>
          <duration>0.0</duration>
          <className>com.mingyizhudao.qa.testcase.doctor.CreateOrder</className>
          <testName>setUpTC</testName>
          <skipped>true</skipped>
          <failedSince>0</failedSince>
        </case>
        <case>
          <duration>0.0</duration>
          <className>com.mingyizhudao.qa.testcase.doctor.CreateOrder</className>
          <testName>setUpTC</testName>
          <skipped>true</skipped>
          <failedSince>0</failedSince>
        </case>
        <case>
          <duration>0.0</duration>
          <className>com.mingyizhudao.qa.testcase.doctor.CreateOrder</className>
          <testName>setUpTC</testName>
          <skipped>true</skipped>
          <failedSince>0</failedSince>
        </case>
        <case>
          <duration>0.0</duration>
          <className>com.mingyizhudao.qa.testcase.doctor.CreateOrder</className>
          <testName>setUpTC</testName>
          <skipped>true</skipped>
          <failedSince>0</failedSince>
        </case>
        <case>
          <duration>0.0</duration>
          <className>com.mingyizhudao.qa.testcase.doctor.CreateOrder</className>
          <testName>setUpTC</testName>
          <skipped>true</skipped>
          <failedSince>0</failedSince>
        </case>
        <case>
          <duration>0.0</duration>
          <className>com.mingyizhudao.qa.testcase.doctor.CreateOrder</className>
          <testName>setUpTC</testName>
          <skipped>true</skipped>
          <failedSince>0</failedSince>
        </case>
        <case>
          <duration>0.0</duration>
          <className>com.mingyizhudao.qa.testcase.doctor.CreateOrder</className>
          <testName>setUpTC</testName>
          <skipped>true</skipped>
          <failedSince>0</failedSince>
        </case>
        <case>
          <duration>0.0</duration>
          <className>com.mingyizhudao.qa.testcase.doctor.CreateOrder</className>
          <testName>setUpTC</testName>
          <skipped>true</skipped>
          <failedSince>0</failedSince>
        </case>
        <case>
          <duration>0.0</duration>
          <className>com.mingyizhudao.qa.testcase.doctor.CreateOrder</className>
          <testName>setUpTC</testName>
          <skipped>true</skipped>
          <failedSince>0</failedSince>
        </case>
        <case>
          <duration>0.0</duration>
          <className>com.mingyizhudao.qa.testcase.doctor.CreateOrder</className>
          <testName>test_01_创建订单_信息齐备_已认证用户</testName>
          <skipped>true</skipped>
          <failedSince>0</failedSince>
        </case>
        <case>
          <duration>0.0</duration>
          <className>com.mingyizhudao.qa.testcase.doctor.CreateOrder</className>
          <testName>tearDownTC</testName>
          <skipped>true</skipped>
          <failedSince>0</failedSince>
        </case>
        <case>
          <duration>0.0</duration>
          <className>com.mingyizhudao.qa.testcase.doctor.CreateOrder</className>
          <testName>tearDownTC</testName>
          <skipped>true</skipped>
          <failedSince>0</failedSince>
        </case>
        <case>
          <duration>0.0</duration>
          <className>com.mingyizhudao.qa.testcase.doctor.CreateOrder</className>
          <testName>tearDownTC</testName>
          <skipped>true</skipped>
          <failedSince>0</failedSince>
        </case>
        <case>
          <duration>0.0</duration>
          <className>com.mingyizhudao.qa.testcase.doctor.CreateOrder</className>
          <testName>tearDownTC</testName>
          <skipped>true</skipped>
          <failedSince>0</failedSince>
        </case>
        <case>
          <duration>0.0</duration>
          <className>com.mingyizhudao.qa.testcase.doctor.CreateOrder</className>
          <testName>tearDownTC</testName>
          <skipped>true</skipped>
          <failedSince>0</failedSince>
        </case>
        <case>
          <duration>0.0</duration>
          <className>com.mingyizhudao.qa.testcase.doctor.CreateOrder</className>
          <testName>tearDownTC</testName>
          <skipped>true</skipped>
          <failedSince>0</failedSince>
        </case>
        <case>
          <duration>0.0</duration>
          <className>com.mingyizhudao.qa.testcase.doctor.CreateOrder</className>
          <testName>tearDownTC</testName>
          <skipped>true</skipped>
          <failedSince>0</failedSince>
        </case>
        <case>
          <duration>0.0</duration>
          <className>com.mingyizhudao.qa.testcase.doctor.CreateOrder</className>
          <testName>tearDownTC</testName>
          <skipped>true</skipped>
          <failedSince>0</failedSince>
        </case>
        <case>
          <duration>0.0</duration>
          <className>com.mingyizhudao.qa.testcase.doctor.CreateOrder</className>
          <testName>tearDownTC</testName>
          <skipped>true</skipped>
          <failedSince>0</failedSince>
        </case>
        <case>
          <duration>0.0</duration>
          <className>com.mingyizhudao.qa.testcase.doctor.CreateOrder</className>
          <testName>tearDownTC</testName>
          <skipped>true</skipped>
          <failedSince>0</failedSince>
        </case>
        <case>
          <duration>0.0</duration>
          <className>com.mingyizhudao.qa.testcase.doctor.CreateOrder</className>
          <testName>tearDownTC</testName>
          <skipped>true</skipped>
          <failedSince>0</failedSince>
        </case>
        <case>
          <duration>0.0</duration>
          <className>com.mingyizhudao.qa.testcase.doctor.CreateOrder</className>
          <testName>test_02_创建订单_信息齐备_未登录用户</testName>
          <skipped>true</skipped>
          <failedSince>0</failedSince>
        </case>
        <case>
          <duration>0.0</duration>
          <className>com.mingyizhudao.qa.testcase.doctor.CreateOrder</className>
          <testName>test_03_创建订单_缺少患者姓名不可以创建</testName>
          <skipped>true</skipped>
          <failedSince>0</failedSince>
        </case>
        <case>
          <duration>0.0</duration>
          <className>com.mingyizhudao.qa.testcase.doctor.CreateOrder</className>
          <testName>test_04_创建订单_缺少患者性别或性别不正确不可以创建</testName>
          <skipped>true</skipped>
          <failedSince>0</failedSince>
        </case>
        <case>
          <duration>0.0</duration>
          <className>com.mingyizhudao.qa.testcase.doctor.CreateOrder</className>
          <testName>test_05_创建订单_缺少患者年龄不可以创建</testName>
          <skipped>true</skipped>
          <failedSince>0</failedSince>
        </case>
        <case>
          <duration>0.0</duration>
          <className>com.mingyizhudao.qa.testcase.doctor.CreateOrder</className>
          <testName>test_06_创建订单_缺少患者手机不可以创建</testName>
          <skipped>true</skipped>
          <failedSince>0</failedSince>
        </case>
        <case>
          <duration>0.0</duration>
          <className>com.mingyizhudao.qa.testcase.doctor.CreateOrder</className>
          <testName>test_07_创建订单_缺少主诉疾病不可以创建</testName>
          <skipped>true</skipped>
          <failedSince>0</failedSince>
        </case>
        <case>
          <duration>0.0</duration>
          <className>com.mingyizhudao.qa.testcase.doctor.CreateOrder</className>
          <testName>test_08_创建订单_缺少次诉疾病可以创建</testName>
          <skipped>true</skipped>
          <failedSince>0</failedSince>
        </case>
        <case>
          <duration>0.0</duration>
          <className>com.mingyizhudao.qa.testcase.doctor.CreateOrder</className>
          <testName>test_09_创建订单_信息齐备_认证中的医生没有邀请者不可以创建</testName>
          <skipped>true</skipped>
          <failedSince>0</failedSince>
        </case>
        <case>
          <duration>0.0</duration>
          <className>com.mingyizhudao.qa.testcase.doctor.CreateOrder</className>
          <testName>test_10_创建订单_信息齐备_认证中的医生有邀请者可以创建</testName>
          <skipped>true</skipped>
          <failedSince>0</failedSince>
        </case>
        <case>
          <duration>0.0</duration>
          <className>com.mingyizhudao.qa.testcase.doctor.CreateOrder</className>
          <testName>test_11_创建订单_信息齐备_期望手术医院不传</testName>
          <skipped>true</skipped>
          <failedSince>0</failedSince>
        </case>
        <case>
          <duration>0.0</duration>
          <className>com.mingyizhudao.qa.testcase.doctor.CreateOrder</className>
          <testName>tearDownClass</testName>
          <skipped>true</skipped>
          <failedSince>0</failedSince>
        </case>
        <case>
          <duration>0.0</duration>
          <className>com.mingyizhudao.qa.testcase.doctor.GetOrderList</className>
          <testName>setUpClass</testName>
          <skipped>true</skipped>
          <failedSince>0</failedSince>
        </case>
        <case>
          <duration>0.0</duration>
          <className>com.mingyizhudao.qa.testcase.doctor.GetOrderList</className>
          <testName>setUpTC</testName>
          <skipped>true</skipped>
          <failedSince>0</failedSince>
        </case>
        <case>
          <duration>0.0</duration>
          <className>com.mingyizhudao.qa.testcase.doctor.GetOrderList</className>
          <testName>setUpTC</testName>
          <skipped>true</skipped>
          <failedSince>0</failedSince>
        </case>
        <case>
          <duration>0.0</duration>
          <className>com.mingyizhudao.qa.testcase.doctor.GetOrderList</className>
          <testName>setUpTC</testName>
          <skipped>true</skipped>
          <failedSince>0</failedSince>
        </case>
        <case>
          <duration>0.0</duration>
          <className>com.mingyizhudao.qa.testcase.doctor.GetOrderList</className>
          <testName>setUpTC</testName>
          <skipped>true</skipped>
          <failedSince>0</failedSince>
        </case>
        <case>
          <duration>0.0</duration>
          <className>com.mingyizhudao.qa.testcase.doctor.GetOrderList</className>
          <testName>setUpTC</testName>
          <skipped>true</skipped>
          <failedSince>0</failedSince>
        </case>
        <case>
          <duration>0.0</duration>
          <className>com.mingyizhudao.qa.testcase.doctor.GetOrderList</className>
          <testName>test_01_获取订单列表_登录用户</testName>
          <skipped>true</skipped>
          <failedSince>0</failedSince>
        </case>
        <case>
          <duration>0.0</duration>
          <className>com.mingyizhudao.qa.testcase.doctor.GetOrderList</className>
          <testName>tearDownTC</testName>
          <skipped>true</skipped>
          <failedSince>0</failedSince>
        </case>
        <case>
          <duration>0.0</duration>
          <className>com.mingyizhudao.qa.testcase.doctor.GetOrderList</className>
          <testName>tearDownTC</testName>
          <skipped>true</skipped>
          <failedSince>0</failedSince>
        </case>
        <case>
          <duration>0.0</duration>
          <className>com.mingyizhudao.qa.testcase.doctor.GetOrderList</className>
          <testName>tearDownTC</testName>
          <skipped>true</skipped>
          <failedSince>0</failedSince>
        </case>
        <case>
          <duration>0.0</duration>
          <className>com.mingyizhudao.qa.testcase.doctor.GetOrderList</className>
          <testName>tearDownTC</testName>
          <skipped>true</skipped>
          <failedSince>0</failedSince>
        </case>
        <case>
          <duration>0.0</duration>
          <className>com.mingyizhudao.qa.testcase.doctor.GetOrderList</className>
          <testName>tearDownTC</testName>
          <skipped>true</skipped>
          <failedSince>0</failedSince>
        </case>
        <case>
          <duration>0.0</duration>
          <className>com.mingyizhudao.qa.testcase.doctor.GetOrderList</className>
          <testName>test_02_获取订单列表_登录用户_订单列表会更新且按时间倒序</testName>
          <skipped>true</skipped>
          <failedSince>0</failedSince>
        </case>
        <case>
          <duration>0.0</duration>
          <className>com.mingyizhudao.qa.testcase.doctor.GetOrderList</className>
          <testName>test_03_获取订单列表_未登录用户</testName>
          <skipped>true</skipped>
          <failedSince>0</failedSince>
        </case>
        <case>
          <duration>0.0</duration>
          <className>com.mingyizhudao.qa.testcase.doctor.GetOrderList</className>
          <testName>test_04_获取订单列表_推荐医生后病历不展示上级医生信息</testName>
          <skipped>true</skipped>
          <failedSince>0</failedSince>
        </case>
        <case>
          <duration>0.0</duration>
          <className>com.mingyizhudao.qa.testcase.doctor.GetOrderList</className>
          <testName>test_05_获取订单列表_三方通话成功后病历上展示上级医生信息</testName>
          <skipped>true</skipped>
          <failedSince>0</failedSince>
        </case>
        <case>
          <duration>0.0</duration>
          <className>com.mingyizhudao.qa.testcase.doctor.GetOrderList</className>
          <testName>tearDownClass</testName>
          <skipped>true</skipped>
          <failedSince>0</failedSince>
        </case>
        <case>
          <duration>0.0</duration>
          <className>com.mingyizhudao.qa.testcase.doctor.GetUploadToken</className>
          <testName>setUpClass</testName>
          <skipped>true</skipped>
          <failedSince>0</failedSince>
        </case>
        <case>
          <duration>0.0</duration>
          <className>com.mingyizhudao.qa.testcase.doctor.GetUploadToken</className>
          <testName>setUpTC</testName>
          <skipped>true</skipped>
          <failedSince>0</failedSince>
        </case>
        <case>
          <duration>0.0</duration>
          <className>com.mingyizhudao.qa.testcase.doctor.GetUploadToken</className>
          <testName>setUpTC</testName>
          <skipped>true</skipped>
          <failedSince>0</failedSince>
        </case>
        <case>
          <duration>0.0</duration>
          <className>com.mingyizhudao.qa.testcase.doctor.GetUploadToken</className>
          <testName>setUpTC</testName>
          <skipped>true</skipped>
          <failedSince>0</failedSince>
        </case>
        <case>
          <duration>0.0</duration>
          <className>com.mingyizhudao.qa.testcase.doctor.GetUploadToken</className>
          <testName>setUpTC</testName>
          <skipped>true</skipped>
          <failedSince>0</failedSince>
        </case>
        <case>
          <duration>0.0</duration>
          <className>com.mingyizhudao.qa.testcase.doctor.GetUploadToken</className>
          <testName>setUpTC</testName>
          <skipped>true</skipped>
          <failedSince>0</failedSince>
        </case>
        <case>
          <duration>0.0</duration>
          <className>com.mingyizhudao.qa.testcase.doctor.GetUploadToken</className>
          <testName>setUpTC</testName>
          <skipped>true</skipped>
          <failedSince>0</failedSince>
        </case>
        <case>
          <duration>0.0</duration>
          <className>com.mingyizhudao.qa.testcase.doctor.GetUploadToken</className>
          <testName>test_01_获取type1的图片token_成功</testName>
          <skipped>true</skipped>
          <failedSince>0</failedSince>
        </case>
        <case>
          <duration>0.0</duration>
          <className>com.mingyizhudao.qa.testcase.doctor.GetUploadToken</className>
          <testName>tearDownTC</testName>
          <skipped>true</skipped>
          <failedSince>0</failedSince>
        </case>
        <case>
          <duration>0.0</duration>
          <className>com.mingyizhudao.qa.testcase.doctor.GetUploadToken</className>
          <testName>tearDownTC</testName>
          <skipped>true</skipped>
          <failedSince>0</failedSince>
        </case>
        <case>
          <duration>0.0</duration>
          <className>com.mingyizhudao.qa.testcase.doctor.GetUploadToken</className>
          <testName>tearDownTC</testName>
          <skipped>true</skipped>
          <failedSince>0</failedSince>
        </case>
        <case>
          <duration>0.0</duration>
          <className>com.mingyizhudao.qa.testcase.doctor.GetUploadToken</className>
          <testName>tearDownTC</testName>
          <skipped>true</skipped>
          <failedSince>0</failedSince>
        </case>
        <case>
          <duration>0.0</duration>
          <className>com.mingyizhudao.qa.testcase.doctor.GetUploadToken</className>
          <testName>tearDownTC</testName>
          <skipped>true</skipped>
          <failedSince>0</failedSince>
        </case>
        <case>
          <duration>0.0</duration>
          <className>com.mingyizhudao.qa.testcase.doctor.GetUploadToken</className>
          <testName>tearDownTC</testName>
          <skipped>true</skipped>
          <failedSince>0</failedSince>
        </case>
        <case>
          <duration>0.0</duration>
          <className>com.mingyizhudao.qa.testcase.doctor.GetUploadToken</className>
          <testName>test_02_获取type2的图片token_成功</testName>
          <skipped>true</skipped>
          <failedSince>0</failedSince>
        </case>
        <case>
          <duration>0.0</duration>
          <className>com.mingyizhudao.qa.testcase.doctor.GetUploadToken</className>
          <testName>test_03_获取type3的图片token_成功</testName>
          <skipped>true</skipped>
          <failedSince>0</failedSince>
        </case>
        <case>
          <duration>0.0</duration>
          <className>com.mingyizhudao.qa.testcase.doctor.GetUploadToken</className>
          <testName>test_04_获取PNG文件名正常图片token_成功</testName>
          <skipped>true</skipped>
          <failedSince>0</failedSince>
        </case>
        <case>
          <duration>0.0</duration>
          <className>com.mingyizhudao.qa.testcase.doctor.GetUploadToken</className>
          <testName>test_05_获取GIF文件名正常图片token_成功</testName>
          <skipped>true</skipped>
          <failedSince>0</failedSince>
        </case>
        <case>
          <duration>0.0</duration>
          <className>com.mingyizhudao.qa.testcase.doctor.GetUploadToken</className>
          <testName>test_06_获取文件名有特殊字符图片token_成功</testName>
          <skipped>true</skipped>
          <failedSince>0</failedSince>
        </case>
        <case>
          <duration>0.0</duration>
          <className>com.mingyizhudao.qa.testcase.doctor.GetUploadToken</className>
          <testName>tearDownClass</testName>
          <skipped>true</skipped>
          <failedSince>0</failedSince>
        </case>
        <case>
          <duration>0.0</duration>
          <className>com.mingyizhudao.qa.testcase.doctor.GetOrderDetail</className>
          <testName>setUpClass</testName>
          <skipped>true</skipped>
          <failedSince>0</failedSince>
        </case>
        <case>
          <duration>0.0</duration>
          <className>com.mingyizhudao.qa.testcase.doctor.GetOrderDetail</className>
          <testName>setUpTC</testName>
          <skipped>true</skipped>
          <failedSince>0</failedSince>
        </case>
        <case>
          <duration>0.0</duration>
          <className>com.mingyizhudao.qa.testcase.doctor.GetOrderDetail</className>
          <testName>setUpTC</testName>
          <skipped>true</skipped>
          <failedSince>0</failedSince>
        </case>
        <case>
          <duration>0.0</duration>
          <className>com.mingyizhudao.qa.testcase.doctor.GetOrderDetail</className>
          <testName>setUpTC</testName>
          <skipped>true</skipped>
          <failedSince>0</failedSince>
        </case>
        <case>
          <duration>0.0</duration>
          <className>com.mingyizhudao.qa.testcase.doctor.GetOrderDetail</className>
          <testName>setUpTC</testName>
          <skipped>true</skipped>
          <failedSince>0</failedSince>
        </case>
        <case>
          <duration>0.0</duration>
          <className>com.mingyizhudao.qa.testcase.doctor.GetOrderDetail</className>
          <testName>test_01_获取订单详情_提供正确的属于自己的订单ID</testName>
          <skipped>true</skipped>
          <failedSince>0</failedSince>
        </case>
        <case>
          <duration>0.0</duration>
          <className>com.mingyizhudao.qa.testcase.doctor.GetOrderDetail</className>
          <testName>tearDownTC</testName>
          <skipped>true</skipped>
          <failedSince>0</failedSince>
        </case>
        <case>
          <duration>0.0</duration>
          <className>com.mingyizhudao.qa.testcase.doctor.GetOrderDetail</className>
          <testName>tearDownTC</testName>
          <skipped>true</skipped>
          <failedSince>0</failedSince>
        </case>
        <case>
          <duration>0.0</duration>
          <className>com.mingyizhudao.qa.testcase.doctor.GetOrderDetail</className>
          <testName>tearDownTC</testName>
          <skipped>true</skipped>
          <failedSince>0</failedSince>
        </case>
        <case>
          <duration>0.0</duration>
          <className>com.mingyizhudao.qa.testcase.doctor.GetOrderDetail</className>
          <testName>tearDownTC</testName>
          <skipped>true</skipped>
          <failedSince>0</failedSince>
        </case>
        <case>
          <duration>0.0</duration>
          <className>com.mingyizhudao.qa.testcase.doctor.GetOrderDetail</className>
          <testName>test_02_获取订单详情_提供正确的错误的ID_ID为非法整数</testName>
          <skipped>true</skipped>
          <failedSince>0</failedSince>
        </case>
        <case>
          <duration>0.0</duration>
          <className>com.mingyizhudao.qa.testcase.doctor.GetOrderDetail</className>
          <testName>test_03_获取订单详情_提供正确的错误的ID_ID为英文</testName>
          <skipped>true</skipped>
          <failedSince>0</failedSince>
        </case>
        <case>
          <duration>0.0</duration>
          <className>com.mingyizhudao.qa.testcase.doctor.GetOrderDetail</className>
          <testName>test_04_获取订单详情_提供不属于自己的订单ID</testName>
          <skipped>true</skipped>
          <failedSince>0</failedSince>
        </case>
        <case>
          <duration>0.0</duration>
          <className>com.mingyizhudao.qa.testcase.doctor.GetOrderDetail</className>
          <testName>tearDownClass</testName>
          <skipped>true</skipped>
          <failedSince>0</failedSince>
        </case>
        <case>
          <duration>0.0</duration>
          <className>com.mingyizhudao.qa.testcase.doctor.UpdateMedicalRecords</className>
          <testName>setUpClass</testName>
          <skipped>true</skipped>
          <failedSince>0</failedSince>
        </case>
        <case>
          <duration>0.0</duration>
          <className>com.mingyizhudao.qa.testcase.doctor.UpdateMedicalRecords</className>
          <testName>setUpTC</testName>
          <skipped>true</skipped>
          <failedSince>0</failedSince>
        </case>
        <case>
          <duration>0.0</duration>
          <className>com.mingyizhudao.qa.testcase.doctor.UpdateMedicalRecords</className>
          <testName>setUpTC</testName>
          <skipped>true</skipped>
          <failedSince>0</failedSince>
        </case>
        <case>
          <duration>0.0</duration>
          <className>com.mingyizhudao.qa.testcase.doctor.UpdateMedicalRecords</className>
          <testName>setUpTC</testName>
          <skipped>true</skipped>
          <failedSince>0</failedSince>
        </case>
        <case>
          <duration>0.0</duration>
          <className>com.mingyizhudao.qa.testcase.doctor.UpdateMedicalRecords</className>
          <testName>setUpTC</testName>
          <skipped>true</skipped>
          <failedSince>0</failedSince>
        </case>
        <case>
          <duration>0.0</duration>
          <className>com.mingyizhudao.qa.testcase.doctor.UpdateMedicalRecords</className>
          <testName>setUpTC</testName>
          <skipped>true</skipped>
          <failedSince>0</failedSince>
        </case>
        <case>
          <duration>0.0</duration>
          <className>com.mingyizhudao.qa.testcase.doctor.UpdateMedicalRecords</className>
          <testName>setUpTC</testName>
          <skipped>true</skipped>
          <failedSince>0</failedSince>
        </case>
        <case>
          <duration>0.0</duration>
          <className>com.mingyizhudao.qa.testcase.doctor.UpdateMedicalRecords</className>
          <testName>setUpTC</testName>
          <skipped>true</skipped>
          <failedSince>0</failedSince>
        </case>
        <case>
          <duration>0.0</duration>
          <className>com.mingyizhudao.qa.testcase.doctor.UpdateMedicalRecords</className>
          <testName>setUpTC</testName>
          <skipped>true</skipped>
          <failedSince>0</failedSince>
        </case>
        <case>
          <duration>0.0</duration>
          <className>com.mingyizhudao.qa.testcase.doctor.UpdateMedicalRecords</className>
          <testName>test_01_更新病例_主诉疾病</testName>
          <skipped>true</skipped>
          <failedSince>0</failedSince>
        </case>
        <case>
          <duration>0.0</duration>
          <className>com.mingyizhudao.qa.testcase.doctor.UpdateMedicalRecords</className>
          <testName>tearDownTC</testName>
          <skipped>true</skipped>
          <failedSince>0</failedSince>
        </case>
        <case>
          <duration>0.0</duration>
          <className>com.mingyizhudao.qa.testcase.doctor.UpdateMedicalRecords</className>
          <testName>tearDownTC</testName>
          <skipped>true</skipped>
          <failedSince>0</failedSince>
        </case>
        <case>
          <duration>0.0</duration>
          <className>com.mingyizhudao.qa.testcase.doctor.UpdateMedicalRecords</className>
          <testName>tearDownTC</testName>
          <skipped>true</skipped>
          <failedSince>0</failedSince>
        </case>
        <case>
          <duration>0.0</duration>
          <className>com.mingyizhudao.qa.testcase.doctor.UpdateMedicalRecords</className>
          <testName>tearDownTC</testName>
          <skipped>true</skipped>
          <failedSince>0</failedSince>
        </case>
        <case>
          <duration>0.0</duration>
          <className>com.mingyizhudao.qa.testcase.doctor.UpdateMedicalRecords</className>
          <testName>tearDownTC</testName>
          <skipped>true</skipped>
          <failedSince>0</failedSince>
        </case>
        <case>
          <duration>0.0</duration>
          <className>com.mingyizhudao.qa.testcase.doctor.UpdateMedicalRecords</className>
          <testName>tearDownTC</testName>
          <skipped>true</skipped>
          <failedSince>0</failedSince>
        </case>
        <case>
          <duration>0.0</duration>
          <className>com.mingyizhudao.qa.testcase.doctor.UpdateMedicalRecords</className>
          <testName>tearDownTC</testName>
          <skipped>true</skipped>
          <failedSince>0</failedSince>
        </case>
        <case>
          <duration>0.0</duration>
          <className>com.mingyizhudao.qa.testcase.doctor.UpdateMedicalRecords</className>
          <testName>tearDownTC</testName>
          <skipped>true</skipped>
          <failedSince>0</failedSince>
        </case>
        <case>
          <duration>0.0</duration>
          <className>com.mingyizhudao.qa.testcase.doctor.UpdateMedicalRecords</className>
          <testName>test_02_更新病例_次诉疾病</testName>
          <skipped>true</skipped>
          <failedSince>0</failedSince>
        </case>
        <case>
          <duration>0.0</duration>
          <className>com.mingyizhudao.qa.testcase.doctor.UpdateMedicalRecords</className>
          <testName>test_03_更新病例_患者性别</testName>
          <skipped>true</skipped>
          <failedSince>0</failedSince>
        </case>
        <case>
          <duration>0.0</duration>
          <className>com.mingyizhudao.qa.testcase.doctor.UpdateMedicalRecords</className>
          <testName>test_04_更新病例_病例描述</testName>
          <skipped>true</skipped>
          <failedSince>0</failedSince>
        </case>
        <case>
          <duration>0.0</duration>
          <className>com.mingyizhudao.qa.testcase.doctor.UpdateMedicalRecords</className>
          <testName>test_05_更新病例_更新图片</testName>
          <skipped>true</skipped>
          <failedSince>0</failedSince>
        </case>
        <case>
          <duration>0.0</duration>
          <className>com.mingyizhudao.qa.testcase.doctor.UpdateMedicalRecords</className>
          <testName>test_06_更新病例_期望手术医院</testName>
          <skipped>true</skipped>
          <failedSince>0</failedSince>
        </case>
        <case>
          <duration>0.0</duration>
          <className>com.mingyizhudao.qa.testcase.doctor.UpdateMedicalRecords</className>
          <testName>test_07_更新病例_患者姓名</testName>
          <skipped>true</skipped>
          <failedSince>0</failedSince>
        </case>
        <case>
          <duration>0.0</duration>
          <className>com.mingyizhudao.qa.testcase.doctor.UpdateMedicalRecords</className>
          <testName>test_08_更新病例_患者年龄</testName>
          <skipped>true</skipped>
          <failedSince>0</failedSince>
        </case>
        <case>
          <duration>0.0</duration>
          <className>com.mingyizhudao.qa.testcase.doctor.UpdateMedicalRecords</className>
          <testName>tearDownClass</testName>
          <skipped>true</skipped>
          <failedSince>0</failedSince>
        </case>
      </cases>
    </suite>
    <suite>
      <file>C:\Program Files (x86)\Jenkins\workspace\TestJob\target\surefire-reports\junitreports\TEST-com.mingyizhudao.qa.testcase.doctor.CreateOrder.xml</file>
      <name>com.mingyizhudao.qa.testcase.doctor.CreateOrder</name>
      <duration>0.001</duration>
      <timestamp>19 Jul 2017 05:31:46 GMT</timestamp>
      <time>0.001</time>
      <cases>
        <case>
          <duration>0.0</duration>
          <className>com.mingyizhudao.qa.testcase.doctor.CreateOrder</className>
          <testName>test_04_创建订单_缺少患者性别或性别不正确不可以创建</testName>
          <skipped>false</skipped>
          <errorStackTrace>
      java.lang.NullPointerException
	at com.mingyizhudao.qa.testcase.crm.RegisteredDoctor_Certify_V2.certify(RegisteredDoctor_Certify_V2.java:35)
	at com.mingyizhudao.qa.common.BaseTest.setUpSuite(BaseTest.java:127)
	at sun.reflect.NativeMethodAccessorImpl.invoke0(Native Method)
	at sun.reflect.NativeMethodAccessorImpl.invoke(NativeMethodAccessorImpl.java:62)
	at sun.reflect.DelegatingMethodAccessorImpl.invoke(DelegatingMethodAccessorImpl.java:43)
	at java.lang.reflect.Method.invoke(Method.java:498)
	at org.testng.internal.MethodInvocationHelper.invokeMethod(MethodInvocationHelper.java:80)
	at org.testng.internal.Invoker.invokeConfigurationMethod(Invoker.java:564)
	at org.testng.internal.Invoker.invokeConfigurations(Invoker.java:213)
	at org.testng.internal.Invoker.invokeConfigurations(Invoker.java:138)
	at org.testng.SuiteRunner.privateRun(SuiteRunner.java:277)
	at org.testng.SuiteRunner.run(SuiteRunner.java:240)
	at org.testng.SuiteRunnerWorker.runSuite(SuiteRunnerWorker.java:52)
	at org.testng.SuiteRunnerWorker.run(SuiteRunnerWorker.java:86)
	at org.testng.TestNG.runSuitesSequentially(TestNG.java:1198)
	at org.testng.TestNG.runSuitesLocally(TestNG.java:1123)
	at org.testng.TestNG.run(TestNG.java:1031)
	at org.apache.maven.surefire.testng.TestNGExecutor.run(TestNGExecutor.java:281)
	at org.apache.maven.surefire.testng.TestNGXmlTestSuite.execute(TestNGXmlTestSuite.java:75)
	at org.apache.maven.surefire.testng.TestNGProvider.invoke(TestNGProvider.java:121)
	at org.apache.maven.surefire.booter.ForkedBooter.invokeProviderInSameClassLoader(ForkedBooter.java:290)
	at org.apache.maven.surefire.booter.ForkedBooter.runSuitesInProcess(ForkedBooter.java:242)
	at org.apache.maven.surefire.booter.ForkedBooter.main(ForkedBooter.java:121)

    </errorStackTrace>
          <failedSince>11</failedSince>
        </case>
        <case>
          <duration>0.0</duration>
          <className>com.mingyizhudao.qa.testcase.doctor.CreateOrder</className>
          <testName>test_03_创建订单_缺少患者姓名不可以创建</testName>
          <skipped>false</skipped>
          <errorStackTrace>
      java.lang.NullPointerException
	at com.mingyizhudao.qa.testcase.crm.RegisteredDoctor_Certify_V2.certify(RegisteredDoctor_Certify_V2.java:35)
	at com.mingyizhudao.qa.common.BaseTest.setUpSuite(BaseTest.java:127)
	at sun.reflect.NativeMethodAccessorImpl.invoke0(Native Method)
	at sun.reflect.NativeMethodAccessorImpl.invoke(NativeMethodAccessorImpl.java:62)
	at sun.reflect.DelegatingMethodAccessorImpl.invoke(DelegatingMethodAccessorImpl.java:43)
	at java.lang.reflect.Method.invoke(Method.java:498)
	at org.testng.internal.MethodInvocationHelper.invokeMethod(MethodInvocationHelper.java:80)
	at org.testng.internal.Invoker.invokeConfigurationMethod(Invoker.java:564)
	at org.testng.internal.Invoker.invokeConfigurations(Invoker.java:213)
	at org.testng.internal.Invoker.invokeConfigurations(Invoker.java:138)
	at org.testng.SuiteRunner.privateRun(SuiteRunner.java:277)
	at org.testng.SuiteRunner.run(SuiteRunner.java:240)
	at org.testng.SuiteRunnerWorker.runSuite(SuiteRunnerWorker.java:52)
	at org.testng.SuiteRunnerWorker.run(SuiteRunnerWorker.java:86)
	at org.testng.TestNG.runSuitesSequentially(TestNG.java:1198)
	at org.testng.TestNG.runSuitesLocally(TestNG.java:1123)
	at org.testng.TestNG.run(TestNG.java:1031)
	at org.apache.maven.surefire.testng.TestNGExecutor.run(TestNGExecutor.java:281)
	at org.apache.maven.surefire.testng.TestNGXmlTestSuite.execute(TestNGXmlTestSuite.java:75)
	at org.apache.maven.surefire.testng.TestNGProvider.invoke(TestNGProvider.java:121)
	at org.apache.maven.surefire.booter.ForkedBooter.invokeProviderInSameClassLoader(ForkedBooter.java:290)
	at org.apache.maven.surefire.booter.ForkedBooter.runSuitesInProcess(ForkedBooter.java:242)
	at org.apache.maven.surefire.booter.ForkedBooter.main(ForkedBooter.java:121)

    </errorStackTrace>
          <failedSince>11</failedSince>
        </case>
        <case>
          <duration>0.0</duration>
          <className>com.mingyizhudao.qa.testcase.doctor.CreateOrder</className>
          <testName>test_05_创建订单_缺少患者年龄不可以创建</testName>
          <skipped>false</skipped>
          <errorStackTrace>
      java.lang.NullPointerException
	at com.mingyizhudao.qa.testcase.crm.RegisteredDoctor_Certify_V2.certify(RegisteredDoctor_Certify_V2.java:35)
	at com.mingyizhudao.qa.common.BaseTest.setUpSuite(BaseTest.java:127)
	at sun.reflect.NativeMethodAccessorImpl.invoke0(Native Method)
	at sun.reflect.NativeMethodAccessorImpl.invoke(NativeMethodAccessorImpl.java:62)
	at sun.reflect.DelegatingMethodAccessorImpl.invoke(DelegatingMethodAccessorImpl.java:43)
	at java.lang.reflect.Method.invoke(Method.java:498)
	at org.testng.internal.MethodInvocationHelper.invokeMethod(MethodInvocationHelper.java:80)
	at org.testng.internal.Invoker.invokeConfigurationMethod(Invoker.java:564)
	at org.testng.internal.Invoker.invokeConfigurations(Invoker.java:213)
	at org.testng.internal.Invoker.invokeConfigurations(Invoker.java:138)
	at org.testng.SuiteRunner.privateRun(SuiteRunner.java:277)
	at org.testng.SuiteRunner.run(SuiteRunner.java:240)
	at org.testng.SuiteRunnerWorker.runSuite(SuiteRunnerWorker.java:52)
	at org.testng.SuiteRunnerWorker.run(SuiteRunnerWorker.java:86)
	at org.testng.TestNG.runSuitesSequentially(TestNG.java:1198)
	at org.testng.TestNG.runSuitesLocally(TestNG.java:1123)
	at org.testng.TestNG.run(TestNG.java:1031)
	at org.apache.maven.surefire.testng.TestNGExecutor.run(TestNGExecutor.java:281)
	at org.apache.maven.surefire.testng.TestNGXmlTestSuite.execute(TestNGXmlTestSuite.java:75)
	at org.apache.maven.surefire.testng.TestNGProvider.invoke(TestNGProvider.java:121)
	at org.apache.maven.surefire.booter.ForkedBooter.invokeProviderInSameClassLoader(ForkedBooter.java:290)
	at org.apache.maven.surefire.booter.ForkedBooter.runSuitesInProcess(ForkedBooter.java:242)
	at org.apache.maven.surefire.booter.ForkedBooter.main(ForkedBooter.java:121)

    </errorStackTrace>
          <failedSince>11</failedSince>
        </case>
        <case>
          <duration>0.0</duration>
          <className>com.mingyizhudao.qa.testcase.doctor.CreateOrder</className>
          <testName>test_06_创建订单_缺少患者手机不可以创建</testName>
          <skipped>false</skipped>
          <errorStackTrace>
      java.lang.NullPointerException
	at com.mingyizhudao.qa.testcase.crm.RegisteredDoctor_Certify_V2.certify(RegisteredDoctor_Certify_V2.java:35)
	at com.mingyizhudao.qa.common.BaseTest.setUpSuite(BaseTest.java:127)
	at sun.reflect.NativeMethodAccessorImpl.invoke0(Native Method)
	at sun.reflect.NativeMethodAccessorImpl.invoke(NativeMethodAccessorImpl.java:62)
	at sun.reflect.DelegatingMethodAccessorImpl.invoke(DelegatingMethodAccessorImpl.java:43)
	at java.lang.reflect.Method.invoke(Method.java:498)
	at org.testng.internal.MethodInvocationHelper.invokeMethod(MethodInvocationHelper.java:80)
	at org.testng.internal.Invoker.invokeConfigurationMethod(Invoker.java:564)
	at org.testng.internal.Invoker.invokeConfigurations(Invoker.java:213)
	at org.testng.internal.Invoker.invokeConfigurations(Invoker.java:138)
	at org.testng.SuiteRunner.privateRun(SuiteRunner.java:277)
	at org.testng.SuiteRunner.run(SuiteRunner.java:240)
	at org.testng.SuiteRunnerWorker.runSuite(SuiteRunnerWorker.java:52)
	at org.testng.SuiteRunnerWorker.run(SuiteRunnerWorker.java:86)
	at org.testng.TestNG.runSuitesSequentially(TestNG.java:1198)
	at org.testng.TestNG.runSuitesLocally(TestNG.java:1123)
	at org.testng.TestNG.run(TestNG.java:1031)
	at org.apache.maven.surefire.testng.TestNGExecutor.run(TestNGExecutor.java:281)
	at org.apache.maven.surefire.testng.TestNGXmlTestSuite.execute(TestNGXmlTestSuite.java:75)
	at org.apache.maven.surefire.testng.TestNGProvider.invoke(TestNGProvider.java:121)
	at org.apache.maven.surefire.booter.ForkedBooter.invokeProviderInSameClassLoader(ForkedBooter.java:290)
	at org.apache.maven.surefire.booter.ForkedBooter.runSuitesInProcess(ForkedBooter.java:242)
	at org.apache.maven.surefire.booter.ForkedBooter.main(ForkedBooter.java:121)

    </errorStackTrace>
          <failedSince>11</failedSince>
        </case>
        <case>
          <duration>0.0</duration>
          <className>com.mingyizhudao.qa.testcase.doctor.CreateOrder</className>
          <testName>test_08_创建订单_缺少次诉疾病可以创建</testName>
          <skipped>false</skipped>
          <errorStackTrace>
      java.lang.NullPointerException
	at com.mingyizhudao.qa.testcase.crm.RegisteredDoctor_Certify_V2.certify(RegisteredDoctor_Certify_V2.java:35)
	at com.mingyizhudao.qa.common.BaseTest.setUpSuite(BaseTest.java:127)
	at sun.reflect.NativeMethodAccessorImpl.invoke0(Native Method)
	at sun.reflect.NativeMethodAccessorImpl.invoke(NativeMethodAccessorImpl.java:62)
	at sun.reflect.DelegatingMethodAccessorImpl.invoke(DelegatingMethodAccessorImpl.java:43)
	at java.lang.reflect.Method.invoke(Method.java:498)
	at org.testng.internal.MethodInvocationHelper.invokeMethod(MethodInvocationHelper.java:80)
	at org.testng.internal.Invoker.invokeConfigurationMethod(Invoker.java:564)
	at org.testng.internal.Invoker.invokeConfigurations(Invoker.java:213)
	at org.testng.internal.Invoker.invokeConfigurations(Invoker.java:138)
	at org.testng.SuiteRunner.privateRun(SuiteRunner.java:277)
	at org.testng.SuiteRunner.run(SuiteRunner.java:240)
	at org.testng.SuiteRunnerWorker.runSuite(SuiteRunnerWorker.java:52)
	at org.testng.SuiteRunnerWorker.run(SuiteRunnerWorker.java:86)
	at org.testng.TestNG.runSuitesSequentially(TestNG.java:1198)
	at org.testng.TestNG.runSuitesLocally(TestNG.java:1123)
	at org.testng.TestNG.run(TestNG.java:1031)
	at org.apache.maven.surefire.testng.TestNGExecutor.run(TestNGExecutor.java:281)
	at org.apache.maven.surefire.testng.TestNGXmlTestSuite.execute(TestNGXmlTestSuite.java:75)
	at org.apache.maven.surefire.testng.TestNGProvider.invoke(TestNGProvider.java:121)
	at org.apache.maven.surefire.booter.ForkedBooter.invokeProviderInSameClassLoader(ForkedBooter.java:290)
	at org.apache.maven.surefire.booter.ForkedBooter.runSuitesInProcess(ForkedBooter.java:242)
	at org.apache.maven.surefire.booter.ForkedBooter.main(ForkedBooter.java:121)

    </errorStackTrace>
          <failedSince>11</failedSince>
        </case>
        <case>
          <duration>0.0</duration>
          <className>com.mingyizhudao.qa.testcase.doctor.CreateOrder</className>
          <testName>test_07_创建订单_缺少主诉疾病不可以创建</testName>
          <skipped>false</skipped>
          <errorStackTrace>
      java.lang.NullPointerException
	at com.mingyizhudao.qa.testcase.crm.RegisteredDoctor_Certify_V2.certify(RegisteredDoctor_Certify_V2.java:35)
	at com.mingyizhudao.qa.common.BaseTest.setUpSuite(BaseTest.java:127)
	at sun.reflect.NativeMethodAccessorImpl.invoke0(Native Method)
	at sun.reflect.NativeMethodAccessorImpl.invoke(NativeMethodAccessorImpl.java:62)
	at sun.reflect.DelegatingMethodAccessorImpl.invoke(DelegatingMethodAccessorImpl.java:43)
	at java.lang.reflect.Method.invoke(Method.java:498)
	at org.testng.internal.MethodInvocationHelper.invokeMethod(MethodInvocationHelper.java:80)
	at org.testng.internal.Invoker.invokeConfigurationMethod(Invoker.java:564)
	at org.testng.internal.Invoker.invokeConfigurations(Invoker.java:213)
	at org.testng.internal.Invoker.invokeConfigurations(Invoker.java:138)
	at org.testng.SuiteRunner.privateRun(SuiteRunner.java:277)
	at org.testng.SuiteRunner.run(SuiteRunner.java:240)
	at org.testng.SuiteRunnerWorker.runSuite(SuiteRunnerWorker.java:52)
	at org.testng.SuiteRunnerWorker.run(SuiteRunnerWorker.java:86)
	at org.testng.TestNG.runSuitesSequentially(TestNG.java:1198)
	at org.testng.TestNG.runSuitesLocally(TestNG.java:1123)
	at org.testng.TestNG.run(TestNG.java:1031)
	at org.apache.maven.surefire.testng.TestNGExecutor.run(TestNGExecutor.java:281)
	at org.apache.maven.surefire.testng.TestNGXmlTestSuite.execute(TestNGXmlTestSuite.java:75)
	at org.apache.maven.surefire.testng.TestNGProvider.invoke(TestNGProvider.java:121)
	at org.apache.maven.surefire.booter.ForkedBooter.invokeProviderInSameClassLoader(ForkedBooter.java:290)
	at org.apache.maven.surefire.booter.ForkedBooter.runSuitesInProcess(ForkedBooter.java:242)
	at org.apache.maven.surefire.booter.ForkedBooter.main(ForkedBooter.java:121)

    </errorStackTrace>
          <failedSince>11</failedSince>
        </case>
        <case>
          <duration>0.0</duration>
          <className>com.mingyizhudao.qa.testcase.doctor.CreateOrder</className>
          <testName>test_09_创建订单_信息齐备_认证中的医生没有邀请者不可以创建</testName>
          <skipped>false</skipped>
          <errorStackTrace>
      java.lang.NullPointerException
	at com.mingyizhudao.qa.testcase.crm.RegisteredDoctor_Certify_V2.certify(RegisteredDoctor_Certify_V2.java:35)
	at com.mingyizhudao.qa.common.BaseTest.setUpSuite(BaseTest.java:127)
	at sun.reflect.NativeMethodAccessorImpl.invoke0(Native Method)
	at sun.reflect.NativeMethodAccessorImpl.invoke(NativeMethodAccessorImpl.java:62)
	at sun.reflect.DelegatingMethodAccessorImpl.invoke(DelegatingMethodAccessorImpl.java:43)
	at java.lang.reflect.Method.invoke(Method.java:498)
	at org.testng.internal.MethodInvocationHelper.invokeMethod(MethodInvocationHelper.java:80)
	at org.testng.internal.Invoker.invokeConfigurationMethod(Invoker.java:564)
	at org.testng.internal.Invoker.invokeConfigurations(Invoker.java:213)
	at org.testng.internal.Invoker.invokeConfigurations(Invoker.java:138)
	at org.testng.SuiteRunner.privateRun(SuiteRunner.java:277)
	at org.testng.SuiteRunner.run(SuiteRunner.java:240)
	at org.testng.SuiteRunnerWorker.runSuite(SuiteRunnerWorker.java:52)
	at org.testng.SuiteRunnerWorker.run(SuiteRunnerWorker.java:86)
	at org.testng.TestNG.runSuitesSequentially(TestNG.java:1198)
	at org.testng.TestNG.runSuitesLocally(TestNG.java:1123)
	at org.testng.TestNG.run(TestNG.java:1031)
	at org.apache.maven.surefire.testng.TestNGExecutor.run(TestNGExecutor.java:281)
	at org.apache.maven.surefire.testng.TestNGXmlTestSuite.execute(TestNGXmlTestSuite.java:75)
	at org.apache.maven.surefire.testng.TestNGProvider.invoke(TestNGProvider.java:121)
	at org.apache.maven.surefire.booter.ForkedBooter.invokeProviderInSameClassLoader(ForkedBooter.java:290)
	at org.apache.maven.surefire.booter.ForkedBooter.runSuitesInProcess(ForkedBooter.java:242)
	at org.apache.maven.surefire.booter.ForkedBooter.main(ForkedBooter.java:121)

    </errorStackTrace>
          <failedSince>11</failedSince>
        </case>
        <case>
          <duration>0.001</duration>
          <className>com.mingyizhudao.qa.testcase.doctor.CreateOrder</className>
          <testName>test_02_创建订单_信息齐备_未登录用户</testName>
          <skipped>false</skipped>
          <errorStackTrace>
      java.lang.NullPointerException
	at com.mingyizhudao.qa.testcase.crm.RegisteredDoctor_Certify_V2.certify(RegisteredDoctor_Certify_V2.java:35)
	at com.mingyizhudao.qa.common.BaseTest.setUpSuite(BaseTest.java:127)
	at sun.reflect.NativeMethodAccessorImpl.invoke0(Native Method)
	at sun.reflect.NativeMethodAccessorImpl.invoke(NativeMethodAccessorImpl.java:62)
	at sun.reflect.DelegatingMethodAccessorImpl.invoke(DelegatingMethodAccessorImpl.java:43)
	at java.lang.reflect.Method.invoke(Method.java:498)
	at org.testng.internal.MethodInvocationHelper.invokeMethod(MethodInvocationHelper.java:80)
	at org.testng.internal.Invoker.invokeConfigurationMethod(Invoker.java:564)
	at org.testng.internal.Invoker.invokeConfigurations(Invoker.java:213)
	at org.testng.internal.Invoker.invokeConfigurations(Invoker.java:138)
	at org.testng.SuiteRunner.privateRun(SuiteRunner.java:277)
	at org.testng.SuiteRunner.run(SuiteRunner.java:240)
	at org.testng.SuiteRunnerWorker.runSuite(SuiteRunnerWorker.java:52)
	at org.testng.SuiteRunnerWorker.run(SuiteRunnerWorker.java:86)
	at org.testng.TestNG.runSuitesSequentially(TestNG.java:1198)
	at org.testng.TestNG.runSuitesLocally(TestNG.java:1123)
	at org.testng.TestNG.run(TestNG.java:1031)
	at org.apache.maven.surefire.testng.TestNGExecutor.run(TestNGExecutor.java:281)
	at org.apache.maven.surefire.testng.TestNGXmlTestSuite.execute(TestNGXmlTestSuite.java:75)
	at org.apache.maven.surefire.testng.TestNGProvider.invoke(TestNGProvider.java:121)
	at org.apache.maven.surefire.booter.ForkedBooter.invokeProviderInSameClassLoader(ForkedBooter.java:290)
	at org.apache.maven.surefire.booter.ForkedBooter.runSuitesInProcess(ForkedBooter.java:242)
	at org.apache.maven.surefire.booter.ForkedBooter.main(ForkedBooter.java:121)

    </errorStackTrace>
          <failedSince>11</failedSince>
        </case>
        <case>
          <duration>0.0</duration>
          <className>com.mingyizhudao.qa.testcase.doctor.CreateOrder</className>
          <testName>test_01_创建订单_信息齐备_已认证用户</testName>
          <skipped>false</skipped>
          <errorStackTrace>
      java.lang.NullPointerException
	at com.mingyizhudao.qa.testcase.crm.RegisteredDoctor_Certify_V2.certify(RegisteredDoctor_Certify_V2.java:35)
	at com.mingyizhudao.qa.common.BaseTest.setUpSuite(BaseTest.java:127)
	at sun.reflect.NativeMethodAccessorImpl.invoke0(Native Method)
	at sun.reflect.NativeMethodAccessorImpl.invoke(NativeMethodAccessorImpl.java:62)
	at sun.reflect.DelegatingMethodAccessorImpl.invoke(DelegatingMethodAccessorImpl.java:43)
	at java.lang.reflect.Method.invoke(Method.java:498)
	at org.testng.internal.MethodInvocationHelper.invokeMethod(MethodInvocationHelper.java:80)
	at org.testng.internal.Invoker.invokeConfigurationMethod(Invoker.java:564)
	at org.testng.internal.Invoker.invokeConfigurations(Invoker.java:213)
	at org.testng.internal.Invoker.invokeConfigurations(Invoker.java:138)
	at org.testng.SuiteRunner.privateRun(SuiteRunner.java:277)
	at org.testng.SuiteRunner.run(SuiteRunner.java:240)
	at org.testng.SuiteRunnerWorker.runSuite(SuiteRunnerWorker.java:52)
	at org.testng.SuiteRunnerWorker.run(SuiteRunnerWorker.java:86)
	at org.testng.TestNG.runSuitesSequentially(TestNG.java:1198)
	at org.testng.TestNG.runSuitesLocally(TestNG.java:1123)
	at org.testng.TestNG.run(TestNG.java:1031)
	at org.apache.maven.surefire.testng.TestNGExecutor.run(TestNGExecutor.java:281)
	at org.apache.maven.surefire.testng.TestNGXmlTestSuite.execute(TestNGXmlTestSuite.java:75)
	at org.apache.maven.surefire.testng.TestNGProvider.invoke(TestNGProvider.java:121)
	at org.apache.maven.surefire.booter.ForkedBooter.invokeProviderInSameClassLoader(ForkedBooter.java:290)
	at org.apache.maven.surefire.booter.ForkedBooter.runSuitesInProcess(ForkedBooter.java:242)
	at org.apache.maven.surefire.booter.ForkedBooter.main(ForkedBooter.java:121)

    </errorStackTrace>
          <failedSince>10</failedSince>
        </case>
        <case>
          <duration>0.0</duration>
          <className>com.mingyizhudao.qa.testcase.doctor.CreateOrder</className>
          <testName>test_11_创建订单_信息齐备_期望手术医院不传</testName>
          <skipped>false</skipped>
          <errorStackTrace>
      java.lang.NullPointerException
	at com.mingyizhudao.qa.testcase.crm.RegisteredDoctor_Certify_V2.certify(RegisteredDoctor_Certify_V2.java:35)
	at com.mingyizhudao.qa.common.BaseTest.setUpSuite(BaseTest.java:127)
	at sun.reflect.NativeMethodAccessorImpl.invoke0(Native Method)
	at sun.reflect.NativeMethodAccessorImpl.invoke(NativeMethodAccessorImpl.java:62)
	at sun.reflect.DelegatingMethodAccessorImpl.invoke(DelegatingMethodAccessorImpl.java:43)
	at java.lang.reflect.Method.invoke(Method.java:498)
	at org.testng.internal.MethodInvocationHelper.invokeMethod(MethodInvocationHelper.java:80)
	at org.testng.internal.Invoker.invokeConfigurationMethod(Invoker.java:564)
	at org.testng.internal.Invoker.invokeConfigurations(Invoker.java:213)
	at org.testng.internal.Invoker.invokeConfigurations(Invoker.java:138)
	at org.testng.SuiteRunner.privateRun(SuiteRunner.java:277)
	at org.testng.SuiteRunner.run(SuiteRunner.java:240)
	at org.testng.SuiteRunnerWorker.runSuite(SuiteRunnerWorker.java:52)
	at org.testng.SuiteRunnerWorker.run(SuiteRunnerWorker.java:86)
	at org.testng.TestNG.runSuitesSequentially(TestNG.java:1198)
	at org.testng.TestNG.runSuitesLocally(TestNG.java:1123)
	at org.testng.TestNG.run(TestNG.java:1031)
	at org.apache.maven.surefire.testng.TestNGExecutor.run(TestNGExecutor.java:281)
	at org.apache.maven.surefire.testng.TestNGXmlTestSuite.execute(TestNGXmlTestSuite.java:75)
	at org.apache.maven.surefire.testng.TestNGProvider.invoke(TestNGProvider.java:121)
	at org.apache.maven.surefire.booter.ForkedBooter.invokeProviderInSameClassLoader(ForkedBooter.java:290)
	at org.apache.maven.surefire.booter.ForkedBooter.runSuitesInProcess(ForkedBooter.java:242)
	at org.apache.maven.surefire.booter.ForkedBooter.main(ForkedBooter.java:121)

    </errorStackTrace>
          <failedSince>11</failedSince>
        </case>
        <case>
          <duration>0.0</duration>
          <className>com.mingyizhudao.qa.testcase.doctor.CreateOrder</className>
          <testName>test_10_创建订单_信息齐备_认证中的医生有邀请者可以创建</testName>
          <skipped>false</skipped>
          <errorStackTrace>
      java.lang.NullPointerException
	at com.mingyizhudao.qa.testcase.crm.RegisteredDoctor_Certify_V2.certify(RegisteredDoctor_Certify_V2.java:35)
	at com.mingyizhudao.qa.common.BaseTest.setUpSuite(BaseTest.java:127)
	at sun.reflect.NativeMethodAccessorImpl.invoke0(Native Method)
	at sun.reflect.NativeMethodAccessorImpl.invoke(NativeMethodAccessorImpl.java:62)
	at sun.reflect.DelegatingMethodAccessorImpl.invoke(DelegatingMethodAccessorImpl.java:43)
	at java.lang.reflect.Method.invoke(Method.java:498)
	at org.testng.internal.MethodInvocationHelper.invokeMethod(MethodInvocationHelper.java:80)
	at org.testng.internal.Invoker.invokeConfigurationMethod(Invoker.java:564)
	at org.testng.internal.Invoker.invokeConfigurations(Invoker.java:213)
	at org.testng.internal.Invoker.invokeConfigurations(Invoker.java:138)
	at org.testng.SuiteRunner.privateRun(SuiteRunner.java:277)
	at org.testng.SuiteRunner.run(SuiteRunner.java:240)
	at org.testng.SuiteRunnerWorker.runSuite(SuiteRunnerWorker.java:52)
	at org.testng.SuiteRunnerWorker.run(SuiteRunnerWorker.java:86)
	at org.testng.TestNG.runSuitesSequentially(TestNG.java:1198)
	at org.testng.TestNG.runSuitesLocally(TestNG.java:1123)
	at org.testng.TestNG.run(TestNG.java:1031)
	at org.apache.maven.surefire.testng.TestNGExecutor.run(TestNGExecutor.java:281)
	at org.apache.maven.surefire.testng.TestNGXmlTestSuite.execute(TestNGXmlTestSuite.java:75)
	at org.apache.maven.surefire.testng.TestNGProvider.invoke(TestNGProvider.java:121)
	at org.apache.maven.surefire.booter.ForkedBooter.invokeProviderInSameClassLoader(ForkedBooter.java:290)
	at org.apache.maven.surefire.booter.ForkedBooter.runSuitesInProcess(ForkedBooter.java:242)
	at org.apache.maven.surefire.booter.ForkedBooter.main(ForkedBooter.java:121)

    </errorStackTrace>
          <failedSince>11</failedSince>
        </case>
      </cases>
    </suite>
    <suite>
      <file>C:\Program Files (x86)\Jenkins\workspace\TestJob\target\surefire-reports\junitreports\TEST-com.mingyizhudao.qa.testcase.doctor.GetDiseasesInCategory.xml</file>
      <name>com.mingyizhudao.qa.testcase.doctor.GetDiseasesInCategory</name>
      <duration>0.0</duration>
      <timestamp>19 Jul 2017 05:31:46 GMT</timestamp>
      <time>0.000</time>
      <cases>
        <case>
          <duration>0.0</duration>
          <className>com.mingyizhudao.qa.testcase.doctor.GetDiseasesInCategory</className>
          <testName>test_02_获取疾病_提供无效的categoryId_ID不存在</testName>
          <skipped>false</skipped>
          <errorStackTrace>
      java.lang.NullPointerException
	at com.mingyizhudao.qa.testcase.crm.RegisteredDoctor_Certify_V2.certify(RegisteredDoctor_Certify_V2.java:35)
	at com.mingyizhudao.qa.common.BaseTest.setUpSuite(BaseTest.java:127)
	at sun.reflect.NativeMethodAccessorImpl.invoke0(Native Method)
	at sun.reflect.NativeMethodAccessorImpl.invoke(NativeMethodAccessorImpl.java:62)
	at sun.reflect.DelegatingMethodAccessorImpl.invoke(DelegatingMethodAccessorImpl.java:43)
	at java.lang.reflect.Method.invoke(Method.java:498)
	at org.testng.internal.MethodInvocationHelper.invokeMethod(MethodInvocationHelper.java:80)
	at org.testng.internal.Invoker.invokeConfigurationMethod(Invoker.java:564)
	at org.testng.internal.Invoker.invokeConfigurations(Invoker.java:213)
	at org.testng.internal.Invoker.invokeConfigurations(Invoker.java:138)
	at org.testng.SuiteRunner.privateRun(SuiteRunner.java:277)
	at org.testng.SuiteRunner.run(SuiteRunner.java:240)
	at org.testng.SuiteRunnerWorker.runSuite(SuiteRunnerWorker.java:52)
	at org.testng.SuiteRunnerWorker.run(SuiteRunnerWorker.java:86)
	at org.testng.TestNG.runSuitesSequentially(TestNG.java:1198)
	at org.testng.TestNG.runSuitesLocally(TestNG.java:1123)
	at org.testng.TestNG.run(TestNG.java:1031)
	at org.apache.maven.surefire.testng.TestNGExecutor.run(TestNGExecutor.java:281)
	at org.apache.maven.surefire.testng.TestNGXmlTestSuite.execute(TestNGXmlTestSuite.java:75)
	at org.apache.maven.surefire.testng.TestNGProvider.invoke(TestNGProvider.java:121)
	at org.apache.maven.surefire.booter.ForkedBooter.invokeProviderInSameClassLoader(ForkedBooter.java:290)
	at org.apache.maven.surefire.booter.ForkedBooter.runSuitesInProcess(ForkedBooter.java:242)
	at org.apache.maven.surefire.booter.ForkedBooter.main(ForkedBooter.java:121)

    </errorStackTrace>
          <failedSince>11</failedSince>
        </case>
        <case>
          <duration>0.0</duration>
          <className>com.mingyizhudao.qa.testcase.doctor.GetDiseasesInCategory</className>
          <testName>test_01_获取疾病_提供有效的categoryId</testName>
          <skipped>false</skipped>
          <errorStackTrace>
      java.lang.NullPointerException
	at com.mingyizhudao.qa.testcase.crm.RegisteredDoctor_Certify_V2.certify(RegisteredDoctor_Certify_V2.java:35)
	at com.mingyizhudao.qa.common.BaseTest.setUpSuite(BaseTest.java:127)
	at sun.reflect.NativeMethodAccessorImpl.invoke0(Native Method)
	at sun.reflect.NativeMethodAccessorImpl.invoke(NativeMethodAccessorImpl.java:62)
	at sun.reflect.DelegatingMethodAccessorImpl.invoke(DelegatingMethodAccessorImpl.java:43)
	at java.lang.reflect.Method.invoke(Method.java:498)
	at org.testng.internal.MethodInvocationHelper.invokeMethod(MethodInvocationHelper.java:80)
	at org.testng.internal.Invoker.invokeConfigurationMethod(Invoker.java:564)
	at org.testng.internal.Invoker.invokeConfigurations(Invoker.java:213)
	at org.testng.internal.Invoker.invokeConfigurations(Invoker.java:138)
	at org.testng.SuiteRunner.privateRun(SuiteRunner.java:277)
	at org.testng.SuiteRunner.run(SuiteRunner.java:240)
	at org.testng.SuiteRunnerWorker.runSuite(SuiteRunnerWorker.java:52)
	at org.testng.SuiteRunnerWorker.run(SuiteRunnerWorker.java:86)
	at org.testng.TestNG.runSuitesSequentially(TestNG.java:1198)
	at org.testng.TestNG.runSuitesLocally(TestNG.java:1123)
	at org.testng.TestNG.run(TestNG.java:1031)
	at org.apache.maven.surefire.testng.TestNGExecutor.run(TestNGExecutor.java:281)
	at org.apache.maven.surefire.testng.TestNGXmlTestSuite.execute(TestNGXmlTestSuite.java:75)
	at org.apache.maven.surefire.testng.TestNGProvider.invoke(TestNGProvider.java:121)
	at org.apache.maven.surefire.booter.ForkedBooter.invokeProviderInSameClassLoader(ForkedBooter.java:290)
	at org.apache.maven.surefire.booter.ForkedBooter.runSuitesInProcess(ForkedBooter.java:242)
	at org.apache.maven.surefire.booter.ForkedBooter.main(ForkedBooter.java:121)

    </errorStackTrace>
          <failedSince>11</failedSince>
        </case>
        <case>
          <duration>0.0</duration>
          <className>com.mingyizhudao.qa.testcase.doctor.GetDiseasesInCategory</className>
          <testName>test_03_获取疾病_提供无效的categoryId_ID为其他字符</testName>
          <skipped>false</skipped>
          <errorStackTrace>
      java.lang.NullPointerException
	at com.mingyizhudao.qa.testcase.crm.RegisteredDoctor_Certify_V2.certify(RegisteredDoctor_Certify_V2.java:35)
	at com.mingyizhudao.qa.common.BaseTest.setUpSuite(BaseTest.java:127)
	at sun.reflect.NativeMethodAccessorImpl.invoke0(Native Method)
	at sun.reflect.NativeMethodAccessorImpl.invoke(NativeMethodAccessorImpl.java:62)
	at sun.reflect.DelegatingMethodAccessorImpl.invoke(DelegatingMethodAccessorImpl.java:43)
	at java.lang.reflect.Method.invoke(Method.java:498)
	at org.testng.internal.MethodInvocationHelper.invokeMethod(MethodInvocationHelper.java:80)
	at org.testng.internal.Invoker.invokeConfigurationMethod(Invoker.java:564)
	at org.testng.internal.Invoker.invokeConfigurations(Invoker.java:213)
	at org.testng.internal.Invoker.invokeConfigurations(Invoker.java:138)
	at org.testng.SuiteRunner.privateRun(SuiteRunner.java:277)
	at org.testng.SuiteRunner.run(SuiteRunner.java:240)
	at org.testng.SuiteRunnerWorker.runSuite(SuiteRunnerWorker.java:52)
	at org.testng.SuiteRunnerWorker.run(SuiteRunnerWorker.java:86)
	at org.testng.TestNG.runSuitesSequentially(TestNG.java:1198)
	at org.testng.TestNG.runSuitesLocally(TestNG.java:1123)
	at org.testng.TestNG.run(TestNG.java:1031)
	at org.apache.maven.surefire.testng.TestNGExecutor.run(TestNGExecutor.java:281)
	at org.apache.maven.surefire.testng.TestNGXmlTestSuite.execute(TestNGXmlTestSuite.java:75)
	at org.apache.maven.surefire.testng.TestNGProvider.invoke(TestNGProvider.java:121)
	at org.apache.maven.surefire.booter.ForkedBooter.invokeProviderInSameClassLoader(ForkedBooter.java:290)
	at org.apache.maven.surefire.booter.ForkedBooter.runSuitesInProcess(ForkedBooter.java:242)
	at org.apache.maven.surefire.booter.ForkedBooter.main(ForkedBooter.java:121)

    </errorStackTrace>
          <failedSince>11</failedSince>
        </case>
      </cases>
    </suite>
    <suite>
      <file>C:\Program Files (x86)\Jenkins\workspace\TestJob\target\surefire-reports\junitreports\TEST-com.mingyizhudao.qa.testcase.doctor.GetDoctorProfile.xml</file>
      <name>com.mingyizhudao.qa.testcase.doctor.GetDoctorProfile</name>
      <duration>0.001</duration>
      <timestamp>19 Jul 2017 05:31:46 GMT</timestamp>
      <time>0.001</time>
      <cases>
        <case>
          <duration>0.0</duration>
          <className>com.mingyizhudao.qa.testcase.doctor.GetDoctorProfile</className>
          <testName>test_07_测试总订单数_测试处理中订单数_推荐完医生</testName>
          <skipped>false</skipped>
          <errorStackTrace>
      java.lang.NullPointerException
	at com.mingyizhudao.qa.testcase.crm.RegisteredDoctor_Certify_V2.certify(RegisteredDoctor_Certify_V2.java:35)
	at com.mingyizhudao.qa.common.BaseTest.setUpSuite(BaseTest.java:127)
	at sun.reflect.NativeMethodAccessorImpl.invoke0(Native Method)
	at sun.reflect.NativeMethodAccessorImpl.invoke(NativeMethodAccessorImpl.java:62)
	at sun.reflect.DelegatingMethodAccessorImpl.invoke(DelegatingMethodAccessorImpl.java:43)
	at java.lang.reflect.Method.invoke(Method.java:498)
	at org.testng.internal.MethodInvocationHelper.invokeMethod(MethodInvocationHelper.java:80)
	at org.testng.internal.Invoker.invokeConfigurationMethod(Invoker.java:564)
	at org.testng.internal.Invoker.invokeConfigurations(Invoker.java:213)
	at org.testng.internal.Invoker.invokeConfigurations(Invoker.java:138)
	at org.testng.SuiteRunner.privateRun(SuiteRunner.java:277)
	at org.testng.SuiteRunner.run(SuiteRunner.java:240)
	at org.testng.SuiteRunnerWorker.runSuite(SuiteRunnerWorker.java:52)
	at org.testng.SuiteRunnerWorker.run(SuiteRunnerWorker.java:86)
	at org.testng.TestNG.runSuitesSequentially(TestNG.java:1198)
	at org.testng.TestNG.runSuitesLocally(TestNG.java:1123)
	at org.testng.TestNG.run(TestNG.java:1031)
	at org.apache.maven.surefire.testng.TestNGExecutor.run(TestNGExecutor.java:281)
	at org.apache.maven.surefire.testng.TestNGXmlTestSuite.execute(TestNGXmlTestSuite.java:75)
	at org.apache.maven.surefire.testng.TestNGProvider.invoke(TestNGProvider.java:121)
	at org.apache.maven.surefire.booter.ForkedBooter.invokeProviderInSameClassLoader(ForkedBooter.java:290)
	at org.apache.maven.surefire.booter.ForkedBooter.runSuitesInProcess(ForkedBooter.java:242)
	at org.apache.maven.surefire.booter.ForkedBooter.main(ForkedBooter.java:121)

    </errorStackTrace>
          <failedSince>11</failedSince>
        </case>
        <case>
          <duration>0.001</duration>
          <className>com.mingyizhudao.qa.testcase.doctor.GetDoctorProfile</className>
          <testName>test_06_测试总订单数_测试处理中订单数_CRM已领取</testName>
          <skipped>false</skipped>
          <errorStackTrace>
      java.lang.NullPointerException
	at com.mingyizhudao.qa.testcase.crm.RegisteredDoctor_Certify_V2.certify(RegisteredDoctor_Certify_V2.java:35)
	at com.mingyizhudao.qa.common.BaseTest.setUpSuite(BaseTest.java:127)
	at sun.reflect.NativeMethodAccessorImpl.invoke0(Native Method)
	at sun.reflect.NativeMethodAccessorImpl.invoke(NativeMethodAccessorImpl.java:62)
	at sun.reflect.DelegatingMethodAccessorImpl.invoke(DelegatingMethodAccessorImpl.java:43)
	at java.lang.reflect.Method.invoke(Method.java:498)
	at org.testng.internal.MethodInvocationHelper.invokeMethod(MethodInvocationHelper.java:80)
	at org.testng.internal.Invoker.invokeConfigurationMethod(Invoker.java:564)
	at org.testng.internal.Invoker.invokeConfigurations(Invoker.java:213)
	at org.testng.internal.Invoker.invokeConfigurations(Invoker.java:138)
	at org.testng.SuiteRunner.privateRun(SuiteRunner.java:277)
	at org.testng.SuiteRunner.run(SuiteRunner.java:240)
	at org.testng.SuiteRunnerWorker.runSuite(SuiteRunnerWorker.java:52)
	at org.testng.SuiteRunnerWorker.run(SuiteRunnerWorker.java:86)
	at org.testng.TestNG.runSuitesSequentially(TestNG.java:1198)
	at org.testng.TestNG.runSuitesLocally(TestNG.java:1123)
	at org.testng.TestNG.run(TestNG.java:1031)
	at org.apache.maven.surefire.testng.TestNGExecutor.run(TestNGExecutor.java:281)
	at org.apache.maven.surefire.testng.TestNGXmlTestSuite.execute(TestNGXmlTestSuite.java:75)
	at org.apache.maven.surefire.testng.TestNGProvider.invoke(TestNGProvider.java:121)
	at org.apache.maven.surefire.booter.ForkedBooter.invokeProviderInSameClassLoader(ForkedBooter.java:290)
	at org.apache.maven.surefire.booter.ForkedBooter.runSuitesInProcess(ForkedBooter.java:242)
	at org.apache.maven.surefire.booter.ForkedBooter.main(ForkedBooter.java:121)

    </errorStackTrace>
          <failedSince>11</failedSince>
        </case>
        <case>
          <duration>0.0</duration>
          <className>com.mingyizhudao.qa.testcase.doctor.GetDoctorProfile</className>
          <testName>test_05_测试总订单数_测试处理中订单数_CRM未领取</testName>
          <skipped>false</skipped>
          <errorStackTrace>
      java.lang.NullPointerException
	at com.mingyizhudao.qa.testcase.crm.RegisteredDoctor_Certify_V2.certify(RegisteredDoctor_Certify_V2.java:35)
	at com.mingyizhudao.qa.common.BaseTest.setUpSuite(BaseTest.java:127)
	at sun.reflect.NativeMethodAccessorImpl.invoke0(Native Method)
	at sun.reflect.NativeMethodAccessorImpl.invoke(NativeMethodAccessorImpl.java:62)
	at sun.reflect.DelegatingMethodAccessorImpl.invoke(DelegatingMethodAccessorImpl.java:43)
	at java.lang.reflect.Method.invoke(Method.java:498)
	at org.testng.internal.MethodInvocationHelper.invokeMethod(MethodInvocationHelper.java:80)
	at org.testng.internal.Invoker.invokeConfigurationMethod(Invoker.java:564)
	at org.testng.internal.Invoker.invokeConfigurations(Invoker.java:213)
	at org.testng.internal.Invoker.invokeConfigurations(Invoker.java:138)
	at org.testng.SuiteRunner.privateRun(SuiteRunner.java:277)
	at org.testng.SuiteRunner.run(SuiteRunner.java:240)
	at org.testng.SuiteRunnerWorker.runSuite(SuiteRunnerWorker.java:52)
	at org.testng.SuiteRunnerWorker.run(SuiteRunnerWorker.java:86)
	at org.testng.TestNG.runSuitesSequentially(TestNG.java:1198)
	at org.testng.TestNG.runSuitesLocally(TestNG.java:1123)
	at org.testng.TestNG.run(TestNG.java:1031)
	at org.apache.maven.surefire.testng.TestNGExecutor.run(TestNGExecutor.java:281)
	at org.apache.maven.surefire.testng.TestNGXmlTestSuite.execute(TestNGXmlTestSuite.java:75)
	at org.apache.maven.surefire.testng.TestNGProvider.invoke(TestNGProvider.java:121)
	at org.apache.maven.surefire.booter.ForkedBooter.invokeProviderInSameClassLoader(ForkedBooter.java:290)
	at org.apache.maven.surefire.booter.ForkedBooter.runSuitesInProcess(ForkedBooter.java:242)
	at org.apache.maven.surefire.booter.ForkedBooter.main(ForkedBooter.java:121)

    </errorStackTrace>
          <failedSince>11</failedSince>
        </case>
        <case>
          <duration>0.0</duration>
          <className>com.mingyizhudao.qa.testcase.doctor.GetDoctorProfile</className>
          <testName>test_08_测试总订单数_待支付状态的订单数</testName>
          <skipped>false</skipped>
          <errorStackTrace>
      java.lang.NullPointerException
	at com.mingyizhudao.qa.testcase.crm.RegisteredDoctor_Certify_V2.certify(RegisteredDoctor_Certify_V2.java:35)
	at com.mingyizhudao.qa.common.BaseTest.setUpSuite(BaseTest.java:127)
	at sun.reflect.NativeMethodAccessorImpl.invoke0(Native Method)
	at sun.reflect.NativeMethodAccessorImpl.invoke(NativeMethodAccessorImpl.java:62)
	at sun.reflect.DelegatingMethodAccessorImpl.invoke(DelegatingMethodAccessorImpl.java:43)
	at java.lang.reflect.Method.invoke(Method.java:498)
	at org.testng.internal.MethodInvocationHelper.invokeMethod(MethodInvocationHelper.java:80)
	at org.testng.internal.Invoker.invokeConfigurationMethod(Invoker.java:564)
	at org.testng.internal.Invoker.invokeConfigurations(Invoker.java:213)
	at org.testng.internal.Invoker.invokeConfigurations(Invoker.java:138)
	at org.testng.SuiteRunner.privateRun(SuiteRunner.java:277)
	at org.testng.SuiteRunner.run(SuiteRunner.java:240)
	at org.testng.SuiteRunnerWorker.runSuite(SuiteRunnerWorker.java:52)
	at org.testng.SuiteRunnerWorker.run(SuiteRunnerWorker.java:86)
	at org.testng.TestNG.runSuitesSequentially(TestNG.java:1198)
	at org.testng.TestNG.runSuitesLocally(TestNG.java:1123)
	at org.testng.TestNG.run(TestNG.java:1031)
	at org.apache.maven.surefire.testng.TestNGExecutor.run(TestNGExecutor.java:281)
	at org.apache.maven.surefire.testng.TestNGXmlTestSuite.execute(TestNGXmlTestSuite.java:75)
	at org.apache.maven.surefire.testng.TestNGProvider.invoke(TestNGProvider.java:121)
	at org.apache.maven.surefire.booter.ForkedBooter.invokeProviderInSameClassLoader(ForkedBooter.java:290)
	at org.apache.maven.surefire.booter.ForkedBooter.runSuitesInProcess(ForkedBooter.java:242)
	at org.apache.maven.surefire.booter.ForkedBooter.main(ForkedBooter.java:121)

    </errorStackTrace>
          <failedSince>11</failedSince>
        </case>
        <case>
          <duration>0.0</duration>
          <className>com.mingyizhudao.qa.testcase.doctor.GetDoctorProfile</className>
          <testName>test_03_错误token的请求不能获得个人信息并返回正确的错误提示</testName>
          <skipped>false</skipped>
          <errorStackTrace>
      java.lang.NullPointerException
	at com.mingyizhudao.qa.testcase.crm.RegisteredDoctor_Certify_V2.certify(RegisteredDoctor_Certify_V2.java:35)
	at com.mingyizhudao.qa.common.BaseTest.setUpSuite(BaseTest.java:127)
	at sun.reflect.NativeMethodAccessorImpl.invoke0(Native Method)
	at sun.reflect.NativeMethodAccessorImpl.invoke(NativeMethodAccessorImpl.java:62)
	at sun.reflect.DelegatingMethodAccessorImpl.invoke(DelegatingMethodAccessorImpl.java:43)
	at java.lang.reflect.Method.invoke(Method.java:498)
	at org.testng.internal.MethodInvocationHelper.invokeMethod(MethodInvocationHelper.java:80)
	at org.testng.internal.Invoker.invokeConfigurationMethod(Invoker.java:564)
	at org.testng.internal.Invoker.invokeConfigurations(Invoker.java:213)
	at org.testng.internal.Invoker.invokeConfigurations(Invoker.java:138)
	at org.testng.SuiteRunner.privateRun(SuiteRunner.java:277)
	at org.testng.SuiteRunner.run(SuiteRunner.java:240)
	at org.testng.SuiteRunnerWorker.runSuite(SuiteRunnerWorker.java:52)
	at org.testng.SuiteRunnerWorker.run(SuiteRunnerWorker.java:86)
	at org.testng.TestNG.runSuitesSequentially(TestNG.java:1198)
	at org.testng.TestNG.runSuitesLocally(TestNG.java:1123)
	at org.testng.TestNG.run(TestNG.java:1031)
	at org.apache.maven.surefire.testng.TestNGExecutor.run(TestNGExecutor.java:281)
	at org.apache.maven.surefire.testng.TestNGXmlTestSuite.execute(TestNGXmlTestSuite.java:75)
	at org.apache.maven.surefire.testng.TestNGProvider.invoke(TestNGProvider.java:121)
	at org.apache.maven.surefire.booter.ForkedBooter.invokeProviderInSameClassLoader(ForkedBooter.java:290)
	at org.apache.maven.surefire.booter.ForkedBooter.runSuitesInProcess(ForkedBooter.java:242)
	at org.apache.maven.surefire.booter.ForkedBooter.main(ForkedBooter.java:121)

    </errorStackTrace>
          <failedSince>11</failedSince>
        </case>
        <case>
          <duration>0.0</duration>
          <className>com.mingyizhudao.qa.testcase.doctor.GetDoctorProfile</className>
          <testName>test_09_测试返回的地区服务专员</testName>
          <skipped>false</skipped>
          <errorStackTrace>
      java.lang.NullPointerException
	at com.mingyizhudao.qa.testcase.crm.RegisteredDoctor_Certify_V2.certify(RegisteredDoctor_Certify_V2.java:35)
	at com.mingyizhudao.qa.common.BaseTest.setUpSuite(BaseTest.java:127)
	at sun.reflect.NativeMethodAccessorImpl.invoke0(Native Method)
	at sun.reflect.NativeMethodAccessorImpl.invoke(NativeMethodAccessorImpl.java:62)
	at sun.reflect.DelegatingMethodAccessorImpl.invoke(DelegatingMethodAccessorImpl.java:43)
	at java.lang.reflect.Method.invoke(Method.java:498)
	at org.testng.internal.MethodInvocationHelper.invokeMethod(MethodInvocationHelper.java:80)
	at org.testng.internal.Invoker.invokeConfigurationMethod(Invoker.java:564)
	at org.testng.internal.Invoker.invokeConfigurations(Invoker.java:213)
	at org.testng.internal.Invoker.invokeConfigurations(Invoker.java:138)
	at org.testng.SuiteRunner.privateRun(SuiteRunner.java:277)
	at org.testng.SuiteRunner.run(SuiteRunner.java:240)
	at org.testng.SuiteRunnerWorker.runSuite(SuiteRunnerWorker.java:52)
	at org.testng.SuiteRunnerWorker.run(SuiteRunnerWorker.java:86)
	at org.testng.TestNG.runSuitesSequentially(TestNG.java:1198)
	at org.testng.TestNG.runSuitesLocally(TestNG.java:1123)
	at org.testng.TestNG.run(TestNG.java:1031)
	at org.apache.maven.surefire.testng.TestNGExecutor.run(TestNGExecutor.java:281)
	at org.apache.maven.surefire.testng.TestNGXmlTestSuite.execute(TestNGXmlTestSuite.java:75)
	at org.apache.maven.surefire.testng.TestNGProvider.invoke(TestNGProvider.java:121)
	at org.apache.maven.surefire.booter.ForkedBooter.invokeProviderInSameClassLoader(ForkedBooter.java:290)
	at org.apache.maven.surefire.booter.ForkedBooter.runSuitesInProcess(ForkedBooter.java:242)
	at org.apache.maven.surefire.booter.ForkedBooter.main(ForkedBooter.java:121)

    </errorStackTrace>
          <failedSince>11</failedSince>
        </case>
        <case>
          <duration>0.0</duration>
          <className>com.mingyizhudao.qa.testcase.doctor.GetDoctorProfile</className>
          <testName>test_02_没有token信息的请求不能获得个人信息并返回正确的错误提示</testName>
          <skipped>false</skipped>
          <errorStackTrace>
      java.lang.NullPointerException
	at com.mingyizhudao.qa.testcase.crm.RegisteredDoctor_Certify_V2.certify(RegisteredDoctor_Certify_V2.java:35)
	at com.mingyizhudao.qa.common.BaseTest.setUpSuite(BaseTest.java:127)
	at sun.reflect.NativeMethodAccessorImpl.invoke0(Native Method)
	at sun.reflect.NativeMethodAccessorImpl.invoke(NativeMethodAccessorImpl.java:62)
	at sun.reflect.DelegatingMethodAccessorImpl.invoke(DelegatingMethodAccessorImpl.java:43)
	at java.lang.reflect.Method.invoke(Method.java:498)
	at org.testng.internal.MethodInvocationHelper.invokeMethod(MethodInvocationHelper.java:80)
	at org.testng.internal.Invoker.invokeConfigurationMethod(Invoker.java:564)
	at org.testng.internal.Invoker.invokeConfigurations(Invoker.java:213)
	at org.testng.internal.Invoker.invokeConfigurations(Invoker.java:138)
	at org.testng.SuiteRunner.privateRun(SuiteRunner.java:277)
	at org.testng.SuiteRunner.run(SuiteRunner.java:240)
	at org.testng.SuiteRunnerWorker.runSuite(SuiteRunnerWorker.java:52)
	at org.testng.SuiteRunnerWorker.run(SuiteRunnerWorker.java:86)
	at org.testng.TestNG.runSuitesSequentially(TestNG.java:1198)
	at org.testng.TestNG.runSuitesLocally(TestNG.java:1123)
	at org.testng.TestNG.run(TestNG.java:1031)
	at org.apache.maven.surefire.testng.TestNGExecutor.run(TestNGExecutor.java:281)
	at org.apache.maven.surefire.testng.TestNGXmlTestSuite.execute(TestNGXmlTestSuite.java:75)
	at org.apache.maven.surefire.testng.TestNGProvider.invoke(TestNGProvider.java:121)
	at org.apache.maven.surefire.booter.ForkedBooter.invokeProviderInSameClassLoader(ForkedBooter.java:290)
	at org.apache.maven.surefire.booter.ForkedBooter.runSuitesInProcess(ForkedBooter.java:242)
	at org.apache.maven.surefire.booter.ForkedBooter.main(ForkedBooter.java:121)

    </errorStackTrace>
          <failedSince>11</failedSince>
        </case>
        <case>
          <duration>0.0</duration>
          <className>com.mingyizhudao.qa.testcase.doctor.GetDoctorProfile</className>
          <testName>test_04_测试data字段返回了足够的医生信息</testName>
          <skipped>false</skipped>
          <errorStackTrace>
      java.lang.NullPointerException
	at com.mingyizhudao.qa.testcase.crm.RegisteredDoctor_Certify_V2.certify(RegisteredDoctor_Certify_V2.java:35)
	at com.mingyizhudao.qa.common.BaseTest.setUpSuite(BaseTest.java:127)
	at sun.reflect.NativeMethodAccessorImpl.invoke0(Native Method)
	at sun.reflect.NativeMethodAccessorImpl.invoke(NativeMethodAccessorImpl.java:62)
	at sun.reflect.DelegatingMethodAccessorImpl.invoke(DelegatingMethodAccessorImpl.java:43)
	at java.lang.reflect.Method.invoke(Method.java:498)
	at org.testng.internal.MethodInvocationHelper.invokeMethod(MethodInvocationHelper.java:80)
	at org.testng.internal.Invoker.invokeConfigurationMethod(Invoker.java:564)
	at org.testng.internal.Invoker.invokeConfigurations(Invoker.java:213)
	at org.testng.internal.Invoker.invokeConfigurations(Invoker.java:138)
	at org.testng.SuiteRunner.privateRun(SuiteRunner.java:277)
	at org.testng.SuiteRunner.run(SuiteRunner.java:240)
	at org.testng.SuiteRunnerWorker.runSuite(SuiteRunnerWorker.java:52)
	at org.testng.SuiteRunnerWorker.run(SuiteRunnerWorker.java:86)
	at org.testng.TestNG.runSuitesSequentially(TestNG.java:1198)
	at org.testng.TestNG.runSuitesLocally(TestNG.java:1123)
	at org.testng.TestNG.run(TestNG.java:1031)
	at org.apache.maven.surefire.testng.TestNGExecutor.run(TestNGExecutor.java:281)
	at org.apache.maven.surefire.testng.TestNGXmlTestSuite.execute(TestNGXmlTestSuite.java:75)
	at org.apache.maven.surefire.testng.TestNGProvider.invoke(TestNGProvider.java:121)
	at org.apache.maven.surefire.booter.ForkedBooter.invokeProviderInSameClassLoader(ForkedBooter.java:290)
	at org.apache.maven.surefire.booter.ForkedBooter.runSuitesInProcess(ForkedBooter.java:242)
	at org.apache.maven.surefire.booter.ForkedBooter.main(ForkedBooter.java:121)

    </errorStackTrace>
          <failedSince>11</failedSince>
        </case>
        <case>
          <duration>0.0</duration>
          <className>com.mingyizhudao.qa.testcase.doctor.GetDoctorProfile</className>
          <testName>test_01_有token信息的请求可以获得有效信息</testName>
          <skipped>false</skipped>
          <errorStackTrace>
      java.lang.NullPointerException
	at com.mingyizhudao.qa.testcase.crm.RegisteredDoctor_Certify_V2.certify(RegisteredDoctor_Certify_V2.java:35)
	at com.mingyizhudao.qa.common.BaseTest.setUpSuite(BaseTest.java:127)
	at sun.reflect.NativeMethodAccessorImpl.invoke0(Native Method)
	at sun.reflect.NativeMethodAccessorImpl.invoke(NativeMethodAccessorImpl.java:62)
	at sun.reflect.DelegatingMethodAccessorImpl.invoke(DelegatingMethodAccessorImpl.java:43)
	at java.lang.reflect.Method.invoke(Method.java:498)
	at org.testng.internal.MethodInvocationHelper.invokeMethod(MethodInvocationHelper.java:80)
	at org.testng.internal.Invoker.invokeConfigurationMethod(Invoker.java:564)
	at org.testng.internal.Invoker.invokeConfigurations(Invoker.java:213)
	at org.testng.internal.Invoker.invokeConfigurations(Invoker.java:138)
	at org.testng.SuiteRunner.privateRun(SuiteRunner.java:277)
	at org.testng.SuiteRunner.run(SuiteRunner.java:240)
	at org.testng.SuiteRunnerWorker.runSuite(SuiteRunnerWorker.java:52)
	at org.testng.SuiteRunnerWorker.run(SuiteRunnerWorker.java:86)
	at org.testng.TestNG.runSuitesSequentially(TestNG.java:1198)
	at org.testng.TestNG.runSuitesLocally(TestNG.java:1123)
	at org.testng.TestNG.run(TestNG.java:1031)
	at org.apache.maven.surefire.testng.TestNGExecutor.run(TestNGExecutor.java:281)
	at org.apache.maven.surefire.testng.TestNGXmlTestSuite.execute(TestNGXmlTestSuite.java:75)
	at org.apache.maven.surefire.testng.TestNGProvider.invoke(TestNGProvider.java:121)
	at org.apache.maven.surefire.booter.ForkedBooter.invokeProviderInSameClassLoader(ForkedBooter.java:290)
	at org.apache.maven.surefire.booter.ForkedBooter.runSuitesInProcess(ForkedBooter.java:242)
	at org.apache.maven.surefire.booter.ForkedBooter.main(ForkedBooter.java:121)

    </errorStackTrace>
          <failedSince>11</failedSince>
        </case>
      </cases>
    </suite>
    <suite>
      <file>C:\Program Files (x86)\Jenkins\workspace\TestJob\target\surefire-reports\junitreports\TEST-com.mingyizhudao.qa.testcase.doctor.GetEmployeeProfile.xml</file>
      <name>com.mingyizhudao.qa.testcase.doctor.GetEmployeeProfile</name>
      <duration>0.0</duration>
      <timestamp>19 Jul 2017 05:31:46 GMT</timestamp>
      <time>0.000</time>
      <cases>
        <case>
          <duration>0.0</duration>
          <className>com.mingyizhudao.qa.testcase.doctor.GetEmployeeProfile</className>
          <testName>test_01_有token的用户请求可以获得有效信息</testName>
          <skipped>false</skipped>
          <errorStackTrace>
      java.lang.NullPointerException
	at com.mingyizhudao.qa.testcase.crm.RegisteredDoctor_Certify_V2.certify(RegisteredDoctor_Certify_V2.java:35)
	at com.mingyizhudao.qa.common.BaseTest.setUpSuite(BaseTest.java:127)
	at sun.reflect.NativeMethodAccessorImpl.invoke0(Native Method)
	at sun.reflect.NativeMethodAccessorImpl.invoke(NativeMethodAccessorImpl.java:62)
	at sun.reflect.DelegatingMethodAccessorImpl.invoke(DelegatingMethodAccessorImpl.java:43)
	at java.lang.reflect.Method.invoke(Method.java:498)
	at org.testng.internal.MethodInvocationHelper.invokeMethod(MethodInvocationHelper.java:80)
	at org.testng.internal.Invoker.invokeConfigurationMethod(Invoker.java:564)
	at org.testng.internal.Invoker.invokeConfigurations(Invoker.java:213)
	at org.testng.internal.Invoker.invokeConfigurations(Invoker.java:138)
	at org.testng.SuiteRunner.privateRun(SuiteRunner.java:277)
	at org.testng.SuiteRunner.run(SuiteRunner.java:240)
	at org.testng.SuiteRunnerWorker.runSuite(SuiteRunnerWorker.java:52)
	at org.testng.SuiteRunnerWorker.run(SuiteRunnerWorker.java:86)
	at org.testng.TestNG.runSuitesSequentially(TestNG.java:1198)
	at org.testng.TestNG.runSuitesLocally(TestNG.java:1123)
	at org.testng.TestNG.run(TestNG.java:1031)
	at org.apache.maven.surefire.testng.TestNGExecutor.run(TestNGExecutor.java:281)
	at org.apache.maven.surefire.testng.TestNGXmlTestSuite.execute(TestNGXmlTestSuite.java:75)
	at org.apache.maven.surefire.testng.TestNGProvider.invoke(TestNGProvider.java:121)
	at org.apache.maven.surefire.booter.ForkedBooter.invokeProviderInSameClassLoader(ForkedBooter.java:290)
	at org.apache.maven.surefire.booter.ForkedBooter.runSuitesInProcess(ForkedBooter.java:242)
	at org.apache.maven.surefire.booter.ForkedBooter.main(ForkedBooter.java:121)

    </errorStackTrace>
          <failedSince>11</failedSince>
        </case>
        <case>
          <duration>0.0</duration>
          <className>com.mingyizhudao.qa.testcase.doctor.GetEmployeeProfile</className>
          <testName>test_02_没有token的用户请求可以获得有效信息</testName>
          <skipped>false</skipped>
          <errorStackTrace>
      java.lang.NullPointerException
	at com.mingyizhudao.qa.testcase.crm.RegisteredDoctor_Certify_V2.certify(RegisteredDoctor_Certify_V2.java:35)
	at com.mingyizhudao.qa.common.BaseTest.setUpSuite(BaseTest.java:127)
	at sun.reflect.NativeMethodAccessorImpl.invoke0(Native Method)
	at sun.reflect.NativeMethodAccessorImpl.invoke(NativeMethodAccessorImpl.java:62)
	at sun.reflect.DelegatingMethodAccessorImpl.invoke(DelegatingMethodAccessorImpl.java:43)
	at java.lang.reflect.Method.invoke(Method.java:498)
	at org.testng.internal.MethodInvocationHelper.invokeMethod(MethodInvocationHelper.java:80)
	at org.testng.internal.Invoker.invokeConfigurationMethod(Invoker.java:564)
	at org.testng.internal.Invoker.invokeConfigurations(Invoker.java:213)
	at org.testng.internal.Invoker.invokeConfigurations(Invoker.java:138)
	at org.testng.SuiteRunner.privateRun(SuiteRunner.java:277)
	at org.testng.SuiteRunner.run(SuiteRunner.java:240)
	at org.testng.SuiteRunnerWorker.runSuite(SuiteRunnerWorker.java:52)
	at org.testng.SuiteRunnerWorker.run(SuiteRunnerWorker.java:86)
	at org.testng.TestNG.runSuitesSequentially(TestNG.java:1198)
	at org.testng.TestNG.runSuitesLocally(TestNG.java:1123)
	at org.testng.TestNG.run(TestNG.java:1031)
	at org.apache.maven.surefire.testng.TestNGExecutor.run(TestNGExecutor.java:281)
	at org.apache.maven.surefire.testng.TestNGXmlTestSuite.execute(TestNGXmlTestSuite.java:75)
	at org.apache.maven.surefire.testng.TestNGProvider.invoke(TestNGProvider.java:121)
	at org.apache.maven.surefire.booter.ForkedBooter.invokeProviderInSameClassLoader(ForkedBooter.java:290)
	at org.apache.maven.surefire.booter.ForkedBooter.runSuitesInProcess(ForkedBooter.java:242)
	at org.apache.maven.surefire.booter.ForkedBooter.main(ForkedBooter.java:121)

    </errorStackTrace>
          <failedSince>11</failedSince>
        </case>
        <case>
          <duration>0.0</duration>
          <className>com.mingyizhudao.qa.testcase.doctor.GetEmployeeProfile</className>
          <testName>test_03_员工ID无效时返回空的Employee</testName>
          <skipped>false</skipped>
          <errorStackTrace>
      java.lang.NullPointerException
	at com.mingyizhudao.qa.testcase.crm.RegisteredDoctor_Certify_V2.certify(RegisteredDoctor_Certify_V2.java:35)
	at com.mingyizhudao.qa.common.BaseTest.setUpSuite(BaseTest.java:127)
	at sun.reflect.NativeMethodAccessorImpl.invoke0(Native Method)
	at sun.reflect.NativeMethodAccessorImpl.invoke(NativeMethodAccessorImpl.java:62)
	at sun.reflect.DelegatingMethodAccessorImpl.invoke(DelegatingMethodAccessorImpl.java:43)
	at java.lang.reflect.Method.invoke(Method.java:498)
	at org.testng.internal.MethodInvocationHelper.invokeMethod(MethodInvocationHelper.java:80)
	at org.testng.internal.Invoker.invokeConfigurationMethod(Invoker.java:564)
	at org.testng.internal.Invoker.invokeConfigurations(Invoker.java:213)
	at org.testng.internal.Invoker.invokeConfigurations(Invoker.java:138)
	at org.testng.SuiteRunner.privateRun(SuiteRunner.java:277)
	at org.testng.SuiteRunner.run(SuiteRunner.java:240)
	at org.testng.SuiteRunnerWorker.runSuite(SuiteRunnerWorker.java:52)
	at org.testng.SuiteRunnerWorker.run(SuiteRunnerWorker.java:86)
	at org.testng.TestNG.runSuitesSequentially(TestNG.java:1198)
	at org.testng.TestNG.runSuitesLocally(TestNG.java:1123)
	at org.testng.TestNG.run(TestNG.java:1031)
	at org.apache.maven.surefire.testng.TestNGExecutor.run(TestNGExecutor.java:281)
	at org.apache.maven.surefire.testng.TestNGXmlTestSuite.execute(TestNGXmlTestSuite.java:75)
	at org.apache.maven.surefire.testng.TestNGProvider.invoke(TestNGProvider.java:121)
	at org.apache.maven.surefire.booter.ForkedBooter.invokeProviderInSameClassLoader(ForkedBooter.java:290)
	at org.apache.maven.surefire.booter.ForkedBooter.runSuitesInProcess(ForkedBooter.java:242)
	at org.apache.maven.surefire.booter.ForkedBooter.main(ForkedBooter.java:121)

    </errorStackTrace>
          <failedSince>11</failedSince>
        </case>
      </cases>
    </suite>
    <suite>
      <file>C:\Program Files (x86)\Jenkins\workspace\TestJob\target\surefire-reports\junitreports\TEST-com.mingyizhudao.qa.testcase.doctor.GetOrderDetail.xml</file>
      <name>com.mingyizhudao.qa.testcase.doctor.GetOrderDetail</name>
      <duration>0.001</duration>
      <timestamp>19 Jul 2017 05:31:46 GMT</timestamp>
      <time>0.001</time>
      <cases>
        <case>
          <duration>0.0</duration>
          <className>com.mingyizhudao.qa.testcase.doctor.GetOrderDetail</className>
          <testName>test_03_获取订单详情_提供正确的错误的ID_ID为英文</testName>
          <skipped>false</skipped>
          <errorStackTrace>
      java.lang.NullPointerException
	at com.mingyizhudao.qa.testcase.crm.RegisteredDoctor_Certify_V2.certify(RegisteredDoctor_Certify_V2.java:35)
	at com.mingyizhudao.qa.common.BaseTest.setUpSuite(BaseTest.java:127)
	at sun.reflect.NativeMethodAccessorImpl.invoke0(Native Method)
	at sun.reflect.NativeMethodAccessorImpl.invoke(NativeMethodAccessorImpl.java:62)
	at sun.reflect.DelegatingMethodAccessorImpl.invoke(DelegatingMethodAccessorImpl.java:43)
	at java.lang.reflect.Method.invoke(Method.java:498)
	at org.testng.internal.MethodInvocationHelper.invokeMethod(MethodInvocationHelper.java:80)
	at org.testng.internal.Invoker.invokeConfigurationMethod(Invoker.java:564)
	at org.testng.internal.Invoker.invokeConfigurations(Invoker.java:213)
	at org.testng.internal.Invoker.invokeConfigurations(Invoker.java:138)
	at org.testng.SuiteRunner.privateRun(SuiteRunner.java:277)
	at org.testng.SuiteRunner.run(SuiteRunner.java:240)
	at org.testng.SuiteRunnerWorker.runSuite(SuiteRunnerWorker.java:52)
	at org.testng.SuiteRunnerWorker.run(SuiteRunnerWorker.java:86)
	at org.testng.TestNG.runSuitesSequentially(TestNG.java:1198)
	at org.testng.TestNG.runSuitesLocally(TestNG.java:1123)
	at org.testng.TestNG.run(TestNG.java:1031)
	at org.apache.maven.surefire.testng.TestNGExecutor.run(TestNGExecutor.java:281)
	at org.apache.maven.surefire.testng.TestNGXmlTestSuite.execute(TestNGXmlTestSuite.java:75)
	at org.apache.maven.surefire.testng.TestNGProvider.invoke(TestNGProvider.java:121)
	at org.apache.maven.surefire.booter.ForkedBooter.invokeProviderInSameClassLoader(ForkedBooter.java:290)
	at org.apache.maven.surefire.booter.ForkedBooter.runSuitesInProcess(ForkedBooter.java:242)
	at org.apache.maven.surefire.booter.ForkedBooter.main(ForkedBooter.java:121)

    </errorStackTrace>
          <failedSince>11</failedSince>
        </case>
        <case>
          <duration>0.001</duration>
          <className>com.mingyizhudao.qa.testcase.doctor.GetOrderDetail</className>
          <testName>test_02_获取订单详情_提供正确的错误的ID_ID为非法整数</testName>
          <skipped>false</skipped>
          <errorStackTrace>
      java.lang.NullPointerException
	at com.mingyizhudao.qa.testcase.crm.RegisteredDoctor_Certify_V2.certify(RegisteredDoctor_Certify_V2.java:35)
	at com.mingyizhudao.qa.common.BaseTest.setUpSuite(BaseTest.java:127)
	at sun.reflect.NativeMethodAccessorImpl.invoke0(Native Method)
	at sun.reflect.NativeMethodAccessorImpl.invoke(NativeMethodAccessorImpl.java:62)
	at sun.reflect.DelegatingMethodAccessorImpl.invoke(DelegatingMethodAccessorImpl.java:43)
	at java.lang.reflect.Method.invoke(Method.java:498)
	at org.testng.internal.MethodInvocationHelper.invokeMethod(MethodInvocationHelper.java:80)
	at org.testng.internal.Invoker.invokeConfigurationMethod(Invoker.java:564)
	at org.testng.internal.Invoker.invokeConfigurations(Invoker.java:213)
	at org.testng.internal.Invoker.invokeConfigurations(Invoker.java:138)
	at org.testng.SuiteRunner.privateRun(SuiteRunner.java:277)
	at org.testng.SuiteRunner.run(SuiteRunner.java:240)
	at org.testng.SuiteRunnerWorker.runSuite(SuiteRunnerWorker.java:52)
	at org.testng.SuiteRunnerWorker.run(SuiteRunnerWorker.java:86)
	at org.testng.TestNG.runSuitesSequentially(TestNG.java:1198)
	at org.testng.TestNG.runSuitesLocally(TestNG.java:1123)
	at org.testng.TestNG.run(TestNG.java:1031)
	at org.apache.maven.surefire.testng.TestNGExecutor.run(TestNGExecutor.java:281)
	at org.apache.maven.surefire.testng.TestNGXmlTestSuite.execute(TestNGXmlTestSuite.java:75)
	at org.apache.maven.surefire.testng.TestNGProvider.invoke(TestNGProvider.java:121)
	at org.apache.maven.surefire.booter.ForkedBooter.invokeProviderInSameClassLoader(ForkedBooter.java:290)
	at org.apache.maven.surefire.booter.ForkedBooter.runSuitesInProcess(ForkedBooter.java:242)
	at org.apache.maven.surefire.booter.ForkedBooter.main(ForkedBooter.java:121)

    </errorStackTrace>
          <failedSince>11</failedSince>
        </case>
        <case>
          <duration>0.0</duration>
          <className>com.mingyizhudao.qa.testcase.doctor.GetOrderDetail</className>
          <testName>test_04_获取订单详情_提供不属于自己的订单ID</testName>
          <skipped>false</skipped>
          <errorStackTrace>
      java.lang.NullPointerException
	at com.mingyizhudao.qa.testcase.crm.RegisteredDoctor_Certify_V2.certify(RegisteredDoctor_Certify_V2.java:35)
	at com.mingyizhudao.qa.common.BaseTest.setUpSuite(BaseTest.java:127)
	at sun.reflect.NativeMethodAccessorImpl.invoke0(Native Method)
	at sun.reflect.NativeMethodAccessorImpl.invoke(NativeMethodAccessorImpl.java:62)
	at sun.reflect.DelegatingMethodAccessorImpl.invoke(DelegatingMethodAccessorImpl.java:43)
	at java.lang.reflect.Method.invoke(Method.java:498)
	at org.testng.internal.MethodInvocationHelper.invokeMethod(MethodInvocationHelper.java:80)
	at org.testng.internal.Invoker.invokeConfigurationMethod(Invoker.java:564)
	at org.testng.internal.Invoker.invokeConfigurations(Invoker.java:213)
	at org.testng.internal.Invoker.invokeConfigurations(Invoker.java:138)
	at org.testng.SuiteRunner.privateRun(SuiteRunner.java:277)
	at org.testng.SuiteRunner.run(SuiteRunner.java:240)
	at org.testng.SuiteRunnerWorker.runSuite(SuiteRunnerWorker.java:52)
	at org.testng.SuiteRunnerWorker.run(SuiteRunnerWorker.java:86)
	at org.testng.TestNG.runSuitesSequentially(TestNG.java:1198)
	at org.testng.TestNG.runSuitesLocally(TestNG.java:1123)
	at org.testng.TestNG.run(TestNG.java:1031)
	at org.apache.maven.surefire.testng.TestNGExecutor.run(TestNGExecutor.java:281)
	at org.apache.maven.surefire.testng.TestNGXmlTestSuite.execute(TestNGXmlTestSuite.java:75)
	at org.apache.maven.surefire.testng.TestNGProvider.invoke(TestNGProvider.java:121)
	at org.apache.maven.surefire.booter.ForkedBooter.invokeProviderInSameClassLoader(ForkedBooter.java:290)
	at org.apache.maven.surefire.booter.ForkedBooter.runSuitesInProcess(ForkedBooter.java:242)
	at org.apache.maven.surefire.booter.ForkedBooter.main(ForkedBooter.java:121)

    </errorStackTrace>
          <failedSince>11</failedSince>
        </case>
        <case>
          <duration>0.0</duration>
          <className>com.mingyizhudao.qa.testcase.doctor.GetOrderDetail</className>
          <testName>test_01_获取订单详情_提供正确的属于自己的订单ID</testName>
          <skipped>false</skipped>
          <errorStackTrace>
      java.lang.NullPointerException
	at com.mingyizhudao.qa.testcase.crm.RegisteredDoctor_Certify_V2.certify(RegisteredDoctor_Certify_V2.java:35)
	at com.mingyizhudao.qa.common.BaseTest.setUpSuite(BaseTest.java:127)
	at sun.reflect.NativeMethodAccessorImpl.invoke0(Native Method)
	at sun.reflect.NativeMethodAccessorImpl.invoke(NativeMethodAccessorImpl.java:62)
	at sun.reflect.DelegatingMethodAccessorImpl.invoke(DelegatingMethodAccessorImpl.java:43)
	at java.lang.reflect.Method.invoke(Method.java:498)
	at org.testng.internal.MethodInvocationHelper.invokeMethod(MethodInvocationHelper.java:80)
	at org.testng.internal.Invoker.invokeConfigurationMethod(Invoker.java:564)
	at org.testng.internal.Invoker.invokeConfigurations(Invoker.java:213)
	at org.testng.internal.Invoker.invokeConfigurations(Invoker.java:138)
	at org.testng.SuiteRunner.privateRun(SuiteRunner.java:277)
	at org.testng.SuiteRunner.run(SuiteRunner.java:240)
	at org.testng.SuiteRunnerWorker.runSuite(SuiteRunnerWorker.java:52)
	at org.testng.SuiteRunnerWorker.run(SuiteRunnerWorker.java:86)
	at org.testng.TestNG.runSuitesSequentially(TestNG.java:1198)
	at org.testng.TestNG.runSuitesLocally(TestNG.java:1123)
	at org.testng.TestNG.run(TestNG.java:1031)
	at org.apache.maven.surefire.testng.TestNGExecutor.run(TestNGExecutor.java:281)
	at org.apache.maven.surefire.testng.TestNGXmlTestSuite.execute(TestNGXmlTestSuite.java:75)
	at org.apache.maven.surefire.testng.TestNGProvider.invoke(TestNGProvider.java:121)
	at org.apache.maven.surefire.booter.ForkedBooter.invokeProviderInSameClassLoader(ForkedBooter.java:290)
	at org.apache.maven.surefire.booter.ForkedBooter.runSuitesInProcess(ForkedBooter.java:242)
	at org.apache.maven.surefire.booter.ForkedBooter.main(ForkedBooter.java:121)

    </errorStackTrace>
          <failedSince>11</failedSince>
        </case>
      </cases>
    </suite>
    <suite>
      <file>C:\Program Files (x86)\Jenkins\workspace\TestJob\target\surefire-reports\junitreports\TEST-com.mingyizhudao.qa.testcase.doctor.GetOrderList.xml</file>
      <name>com.mingyizhudao.qa.testcase.doctor.GetOrderList</name>
      <duration>0.0</duration>
      <timestamp>19 Jul 2017 05:31:46 GMT</timestamp>
      <time>0.000</time>
      <cases>
        <case>
          <duration>0.0</duration>
          <className>com.mingyizhudao.qa.testcase.doctor.GetOrderList</className>
          <testName>test_05_获取订单列表_三方通话成功后病历上展示上级医生信息</testName>
          <skipped>false</skipped>
          <errorStackTrace>
      java.lang.NullPointerException
	at com.mingyizhudao.qa.testcase.crm.RegisteredDoctor_Certify_V2.certify(RegisteredDoctor_Certify_V2.java:35)
	at com.mingyizhudao.qa.common.BaseTest.setUpSuite(BaseTest.java:127)
	at sun.reflect.NativeMethodAccessorImpl.invoke0(Native Method)
	at sun.reflect.NativeMethodAccessorImpl.invoke(NativeMethodAccessorImpl.java:62)
	at sun.reflect.DelegatingMethodAccessorImpl.invoke(DelegatingMethodAccessorImpl.java:43)
	at java.lang.reflect.Method.invoke(Method.java:498)
	at org.testng.internal.MethodInvocationHelper.invokeMethod(MethodInvocationHelper.java:80)
	at org.testng.internal.Invoker.invokeConfigurationMethod(Invoker.java:564)
	at org.testng.internal.Invoker.invokeConfigurations(Invoker.java:213)
	at org.testng.internal.Invoker.invokeConfigurations(Invoker.java:138)
	at org.testng.SuiteRunner.privateRun(SuiteRunner.java:277)
	at org.testng.SuiteRunner.run(SuiteRunner.java:240)
	at org.testng.SuiteRunnerWorker.runSuite(SuiteRunnerWorker.java:52)
	at org.testng.SuiteRunnerWorker.run(SuiteRunnerWorker.java:86)
	at org.testng.TestNG.runSuitesSequentially(TestNG.java:1198)
	at org.testng.TestNG.runSuitesLocally(TestNG.java:1123)
	at org.testng.TestNG.run(TestNG.java:1031)
	at org.apache.maven.surefire.testng.TestNGExecutor.run(TestNGExecutor.java:281)
	at org.apache.maven.surefire.testng.TestNGXmlTestSuite.execute(TestNGXmlTestSuite.java:75)
	at org.apache.maven.surefire.testng.TestNGProvider.invoke(TestNGProvider.java:121)
	at org.apache.maven.surefire.booter.ForkedBooter.invokeProviderInSameClassLoader(ForkedBooter.java:290)
	at org.apache.maven.surefire.booter.ForkedBooter.runSuitesInProcess(ForkedBooter.java:242)
	at org.apache.maven.surefire.booter.ForkedBooter.main(ForkedBooter.java:121)

    </errorStackTrace>
          <failedSince>11</failedSince>
        </case>
        <case>
          <duration>0.0</duration>
          <className>com.mingyizhudao.qa.testcase.doctor.GetOrderList</className>
          <testName>test_02_获取订单列表_登录用户_订单列表会更新且按时间倒序</testName>
          <skipped>false</skipped>
          <errorStackTrace>
      java.lang.NullPointerException
	at com.mingyizhudao.qa.testcase.crm.RegisteredDoctor_Certify_V2.certify(RegisteredDoctor_Certify_V2.java:35)
	at com.mingyizhudao.qa.common.BaseTest.setUpSuite(BaseTest.java:127)
	at sun.reflect.NativeMethodAccessorImpl.invoke0(Native Method)
	at sun.reflect.NativeMethodAccessorImpl.invoke(NativeMethodAccessorImpl.java:62)
	at sun.reflect.DelegatingMethodAccessorImpl.invoke(DelegatingMethodAccessorImpl.java:43)
	at java.lang.reflect.Method.invoke(Method.java:498)
	at org.testng.internal.MethodInvocationHelper.invokeMethod(MethodInvocationHelper.java:80)
	at org.testng.internal.Invoker.invokeConfigurationMethod(Invoker.java:564)
	at org.testng.internal.Invoker.invokeConfigurations(Invoker.java:213)
	at org.testng.internal.Invoker.invokeConfigurations(Invoker.java:138)
	at org.testng.SuiteRunner.privateRun(SuiteRunner.java:277)
	at org.testng.SuiteRunner.run(SuiteRunner.java:240)
	at org.testng.SuiteRunnerWorker.runSuite(SuiteRunnerWorker.java:52)
	at org.testng.SuiteRunnerWorker.run(SuiteRunnerWorker.java:86)
	at org.testng.TestNG.runSuitesSequentially(TestNG.java:1198)
	at org.testng.TestNG.runSuitesLocally(TestNG.java:1123)
	at org.testng.TestNG.run(TestNG.java:1031)
	at org.apache.maven.surefire.testng.TestNGExecutor.run(TestNGExecutor.java:281)
	at org.apache.maven.surefire.testng.TestNGXmlTestSuite.execute(TestNGXmlTestSuite.java:75)
	at org.apache.maven.surefire.testng.TestNGProvider.invoke(TestNGProvider.java:121)
	at org.apache.maven.surefire.booter.ForkedBooter.invokeProviderInSameClassLoader(ForkedBooter.java:290)
	at org.apache.maven.surefire.booter.ForkedBooter.runSuitesInProcess(ForkedBooter.java:242)
	at org.apache.maven.surefire.booter.ForkedBooter.main(ForkedBooter.java:121)

    </errorStackTrace>
          <failedSince>11</failedSince>
        </case>
        <case>
          <duration>0.0</duration>
          <className>com.mingyizhudao.qa.testcase.doctor.GetOrderList</className>
          <testName>test_03_获取订单列表_未登录用户</testName>
          <skipped>false</skipped>
          <errorStackTrace>
      java.lang.NullPointerException
	at com.mingyizhudao.qa.testcase.crm.RegisteredDoctor_Certify_V2.certify(RegisteredDoctor_Certify_V2.java:35)
	at com.mingyizhudao.qa.common.BaseTest.setUpSuite(BaseTest.java:127)
	at sun.reflect.NativeMethodAccessorImpl.invoke0(Native Method)
	at sun.reflect.NativeMethodAccessorImpl.invoke(NativeMethodAccessorImpl.java:62)
	at sun.reflect.DelegatingMethodAccessorImpl.invoke(DelegatingMethodAccessorImpl.java:43)
	at java.lang.reflect.Method.invoke(Method.java:498)
	at org.testng.internal.MethodInvocationHelper.invokeMethod(MethodInvocationHelper.java:80)
	at org.testng.internal.Invoker.invokeConfigurationMethod(Invoker.java:564)
	at org.testng.internal.Invoker.invokeConfigurations(Invoker.java:213)
	at org.testng.internal.Invoker.invokeConfigurations(Invoker.java:138)
	at org.testng.SuiteRunner.privateRun(SuiteRunner.java:277)
	at org.testng.SuiteRunner.run(SuiteRunner.java:240)
	at org.testng.SuiteRunnerWorker.runSuite(SuiteRunnerWorker.java:52)
	at org.testng.SuiteRunnerWorker.run(SuiteRunnerWorker.java:86)
	at org.testng.TestNG.runSuitesSequentially(TestNG.java:1198)
	at org.testng.TestNG.runSuitesLocally(TestNG.java:1123)
	at org.testng.TestNG.run(TestNG.java:1031)
	at org.apache.maven.surefire.testng.TestNGExecutor.run(TestNGExecutor.java:281)
	at org.apache.maven.surefire.testng.TestNGXmlTestSuite.execute(TestNGXmlTestSuite.java:75)
	at org.apache.maven.surefire.testng.TestNGProvider.invoke(TestNGProvider.java:121)
	at org.apache.maven.surefire.booter.ForkedBooter.invokeProviderInSameClassLoader(ForkedBooter.java:290)
	at org.apache.maven.surefire.booter.ForkedBooter.runSuitesInProcess(ForkedBooter.java:242)
	at org.apache.maven.surefire.booter.ForkedBooter.main(ForkedBooter.java:121)

    </errorStackTrace>
          <failedSince>11</failedSince>
        </case>
        <case>
          <duration>0.0</duration>
          <className>com.mingyizhudao.qa.testcase.doctor.GetOrderList</className>
          <testName>test_01_获取订单列表_登录用户</testName>
          <skipped>false</skipped>
          <errorStackTrace>
      java.lang.NullPointerException
	at com.mingyizhudao.qa.testcase.crm.RegisteredDoctor_Certify_V2.certify(RegisteredDoctor_Certify_V2.java:35)
	at com.mingyizhudao.qa.common.BaseTest.setUpSuite(BaseTest.java:127)
	at sun.reflect.NativeMethodAccessorImpl.invoke0(Native Method)
	at sun.reflect.NativeMethodAccessorImpl.invoke(NativeMethodAccessorImpl.java:62)
	at sun.reflect.DelegatingMethodAccessorImpl.invoke(DelegatingMethodAccessorImpl.java:43)
	at java.lang.reflect.Method.invoke(Method.java:498)
	at org.testng.internal.MethodInvocationHelper.invokeMethod(MethodInvocationHelper.java:80)
	at org.testng.internal.Invoker.invokeConfigurationMethod(Invoker.java:564)
	at org.testng.internal.Invoker.invokeConfigurations(Invoker.java:213)
	at org.testng.internal.Invoker.invokeConfigurations(Invoker.java:138)
	at org.testng.SuiteRunner.privateRun(SuiteRunner.java:277)
	at org.testng.SuiteRunner.run(SuiteRunner.java:240)
	at org.testng.SuiteRunnerWorker.runSuite(SuiteRunnerWorker.java:52)
	at org.testng.SuiteRunnerWorker.run(SuiteRunnerWorker.java:86)
	at org.testng.TestNG.runSuitesSequentially(TestNG.java:1198)
	at org.testng.TestNG.runSuitesLocally(TestNG.java:1123)
	at org.testng.TestNG.run(TestNG.java:1031)
	at org.apache.maven.surefire.testng.TestNGExecutor.run(TestNGExecutor.java:281)
	at org.apache.maven.surefire.testng.TestNGXmlTestSuite.execute(TestNGXmlTestSuite.java:75)
	at org.apache.maven.surefire.testng.TestNGProvider.invoke(TestNGProvider.java:121)
	at org.apache.maven.surefire.booter.ForkedBooter.invokeProviderInSameClassLoader(ForkedBooter.java:290)
	at org.apache.maven.surefire.booter.ForkedBooter.runSuitesInProcess(ForkedBooter.java:242)
	at org.apache.maven.surefire.booter.ForkedBooter.main(ForkedBooter.java:121)

    </errorStackTrace>
          <failedSince>11</failedSince>
        </case>
        <case>
          <duration>0.0</duration>
          <className>com.mingyizhudao.qa.testcase.doctor.GetOrderList</className>
          <testName>test_04_获取订单列表_推荐医生后病历不展示上级医生信息</testName>
          <skipped>false</skipped>
          <errorStackTrace>
      java.lang.NullPointerException
	at com.mingyizhudao.qa.testcase.crm.RegisteredDoctor_Certify_V2.certify(RegisteredDoctor_Certify_V2.java:35)
	at com.mingyizhudao.qa.common.BaseTest.setUpSuite(BaseTest.java:127)
	at sun.reflect.NativeMethodAccessorImpl.invoke0(Native Method)
	at sun.reflect.NativeMethodAccessorImpl.invoke(NativeMethodAccessorImpl.java:62)
	at sun.reflect.DelegatingMethodAccessorImpl.invoke(DelegatingMethodAccessorImpl.java:43)
	at java.lang.reflect.Method.invoke(Method.java:498)
	at org.testng.internal.MethodInvocationHelper.invokeMethod(MethodInvocationHelper.java:80)
	at org.testng.internal.Invoker.invokeConfigurationMethod(Invoker.java:564)
	at org.testng.internal.Invoker.invokeConfigurations(Invoker.java:213)
	at org.testng.internal.Invoker.invokeConfigurations(Invoker.java:138)
	at org.testng.SuiteRunner.privateRun(SuiteRunner.java:277)
	at org.testng.SuiteRunner.run(SuiteRunner.java:240)
	at org.testng.SuiteRunnerWorker.runSuite(SuiteRunnerWorker.java:52)
	at org.testng.SuiteRunnerWorker.run(SuiteRunnerWorker.java:86)
	at org.testng.TestNG.runSuitesSequentially(TestNG.java:1198)
	at org.testng.TestNG.runSuitesLocally(TestNG.java:1123)
	at org.testng.TestNG.run(TestNG.java:1031)
	at org.apache.maven.surefire.testng.TestNGExecutor.run(TestNGExecutor.java:281)
	at org.apache.maven.surefire.testng.TestNGXmlTestSuite.execute(TestNGXmlTestSuite.java:75)
	at org.apache.maven.surefire.testng.TestNGProvider.invoke(TestNGProvider.java:121)
	at org.apache.maven.surefire.booter.ForkedBooter.invokeProviderInSameClassLoader(ForkedBooter.java:290)
	at org.apache.maven.surefire.booter.ForkedBooter.runSuitesInProcess(ForkedBooter.java:242)
	at org.apache.maven.surefire.booter.ForkedBooter.main(ForkedBooter.java:121)

    </errorStackTrace>
          <failedSince>11</failedSince>
        </case>
      </cases>
    </suite>
    <suite>
      <file>C:\Program Files (x86)\Jenkins\workspace\TestJob\target\surefire-reports\junitreports\TEST-com.mingyizhudao.qa.testcase.doctor.GetUploadToken.xml</file>
      <name>com.mingyizhudao.qa.testcase.doctor.GetUploadToken</name>
      <duration>0.002</duration>
      <timestamp>19 Jul 2017 05:31:46 GMT</timestamp>
      <time>0.002</time>
      <cases>
        <case>
          <duration>0.0</duration>
          <className>com.mingyizhudao.qa.testcase.doctor.GetUploadToken</className>
          <testName>test_04_获取PNG文件名正常图片token_成功</testName>
          <skipped>false</skipped>
          <errorStackTrace>
      java.lang.NullPointerException
	at com.mingyizhudao.qa.testcase.crm.RegisteredDoctor_Certify_V2.certify(RegisteredDoctor_Certify_V2.java:35)
	at com.mingyizhudao.qa.common.BaseTest.setUpSuite(BaseTest.java:127)
	at sun.reflect.NativeMethodAccessorImpl.invoke0(Native Method)
	at sun.reflect.NativeMethodAccessorImpl.invoke(NativeMethodAccessorImpl.java:62)
	at sun.reflect.DelegatingMethodAccessorImpl.invoke(DelegatingMethodAccessorImpl.java:43)
	at java.lang.reflect.Method.invoke(Method.java:498)
	at org.testng.internal.MethodInvocationHelper.invokeMethod(MethodInvocationHelper.java:80)
	at org.testng.internal.Invoker.invokeConfigurationMethod(Invoker.java:564)
	at org.testng.internal.Invoker.invokeConfigurations(Invoker.java:213)
	at org.testng.internal.Invoker.invokeConfigurations(Invoker.java:138)
	at org.testng.SuiteRunner.privateRun(SuiteRunner.java:277)
	at org.testng.SuiteRunner.run(SuiteRunner.java:240)
	at org.testng.SuiteRunnerWorker.runSuite(SuiteRunnerWorker.java:52)
	at org.testng.SuiteRunnerWorker.run(SuiteRunnerWorker.java:86)
	at org.testng.TestNG.runSuitesSequentially(TestNG.java:1198)
	at org.testng.TestNG.runSuitesLocally(TestNG.java:1123)
	at org.testng.TestNG.run(TestNG.java:1031)
	at org.apache.maven.surefire.testng.TestNGExecutor.run(TestNGExecutor.java:281)
	at org.apache.maven.surefire.testng.TestNGXmlTestSuite.execute(TestNGXmlTestSuite.java:75)
	at org.apache.maven.surefire.testng.TestNGProvider.invoke(TestNGProvider.java:121)
	at org.apache.maven.surefire.booter.ForkedBooter.invokeProviderInSameClassLoader(ForkedBooter.java:290)
	at org.apache.maven.surefire.booter.ForkedBooter.runSuitesInProcess(ForkedBooter.java:242)
	at org.apache.maven.surefire.booter.ForkedBooter.main(ForkedBooter.java:121)

    </errorStackTrace>
          <failedSince>11</failedSince>
        </case>
        <case>
          <duration>0.0</duration>
          <className>com.mingyizhudao.qa.testcase.doctor.GetUploadToken</className>
          <testName>test_03_获取type3的图片token_成功</testName>
          <skipped>false</skipped>
          <errorStackTrace>
      java.lang.NullPointerException
	at com.mingyizhudao.qa.testcase.crm.RegisteredDoctor_Certify_V2.certify(RegisteredDoctor_Certify_V2.java:35)
	at com.mingyizhudao.qa.common.BaseTest.setUpSuite(BaseTest.java:127)
	at sun.reflect.NativeMethodAccessorImpl.invoke0(Native Method)
	at sun.reflect.NativeMethodAccessorImpl.invoke(NativeMethodAccessorImpl.java:62)
	at sun.reflect.DelegatingMethodAccessorImpl.invoke(DelegatingMethodAccessorImpl.java:43)
	at java.lang.reflect.Method.invoke(Method.java:498)
	at org.testng.internal.MethodInvocationHelper.invokeMethod(MethodInvocationHelper.java:80)
	at org.testng.internal.Invoker.invokeConfigurationMethod(Invoker.java:564)
	at org.testng.internal.Invoker.invokeConfigurations(Invoker.java:213)
	at org.testng.internal.Invoker.invokeConfigurations(Invoker.java:138)
	at org.testng.SuiteRunner.privateRun(SuiteRunner.java:277)
	at org.testng.SuiteRunner.run(SuiteRunner.java:240)
	at org.testng.SuiteRunnerWorker.runSuite(SuiteRunnerWorker.java:52)
	at org.testng.SuiteRunnerWorker.run(SuiteRunnerWorker.java:86)
	at org.testng.TestNG.runSuitesSequentially(TestNG.java:1198)
	at org.testng.TestNG.runSuitesLocally(TestNG.java:1123)
	at org.testng.TestNG.run(TestNG.java:1031)
	at org.apache.maven.surefire.testng.TestNGExecutor.run(TestNGExecutor.java:281)
	at org.apache.maven.surefire.testng.TestNGXmlTestSuite.execute(TestNGXmlTestSuite.java:75)
	at org.apache.maven.surefire.testng.TestNGProvider.invoke(TestNGProvider.java:121)
	at org.apache.maven.surefire.booter.ForkedBooter.invokeProviderInSameClassLoader(ForkedBooter.java:290)
	at org.apache.maven.surefire.booter.ForkedBooter.runSuitesInProcess(ForkedBooter.java:242)
	at org.apache.maven.surefire.booter.ForkedBooter.main(ForkedBooter.java:121)

    </errorStackTrace>
          <failedSince>11</failedSince>
        </case>
        <case>
          <duration>0.001</duration>
          <className>com.mingyizhudao.qa.testcase.doctor.GetUploadToken</className>
          <testName>test_01_获取type1的图片token_成功</testName>
          <skipped>false</skipped>
          <errorStackTrace>
      java.lang.NullPointerException
	at com.mingyizhudao.qa.testcase.crm.RegisteredDoctor_Certify_V2.certify(RegisteredDoctor_Certify_V2.java:35)
	at com.mingyizhudao.qa.common.BaseTest.setUpSuite(BaseTest.java:127)
	at sun.reflect.NativeMethodAccessorImpl.invoke0(Native Method)
	at sun.reflect.NativeMethodAccessorImpl.invoke(NativeMethodAccessorImpl.java:62)
	at sun.reflect.DelegatingMethodAccessorImpl.invoke(DelegatingMethodAccessorImpl.java:43)
	at java.lang.reflect.Method.invoke(Method.java:498)
	at org.testng.internal.MethodInvocationHelper.invokeMethod(MethodInvocationHelper.java:80)
	at org.testng.internal.Invoker.invokeConfigurationMethod(Invoker.java:564)
	at org.testng.internal.Invoker.invokeConfigurations(Invoker.java:213)
	at org.testng.internal.Invoker.invokeConfigurations(Invoker.java:138)
	at org.testng.SuiteRunner.privateRun(SuiteRunner.java:277)
	at org.testng.SuiteRunner.run(SuiteRunner.java:240)
	at org.testng.SuiteRunnerWorker.runSuite(SuiteRunnerWorker.java:52)
	at org.testng.SuiteRunnerWorker.run(SuiteRunnerWorker.java:86)
	at org.testng.TestNG.runSuitesSequentially(TestNG.java:1198)
	at org.testng.TestNG.runSuitesLocally(TestNG.java:1123)
	at org.testng.TestNG.run(TestNG.java:1031)
	at org.apache.maven.surefire.testng.TestNGExecutor.run(TestNGExecutor.java:281)
	at org.apache.maven.surefire.testng.TestNGXmlTestSuite.execute(TestNGXmlTestSuite.java:75)
	at org.apache.maven.surefire.testng.TestNGProvider.invoke(TestNGProvider.java:121)
	at org.apache.maven.surefire.booter.ForkedBooter.invokeProviderInSameClassLoader(ForkedBooter.java:290)
	at org.apache.maven.surefire.booter.ForkedBooter.runSuitesInProcess(ForkedBooter.java:242)
	at org.apache.maven.surefire.booter.ForkedBooter.main(ForkedBooter.java:121)

    </errorStackTrace>
          <failedSince>11</failedSince>
        </case>
        <case>
          <duration>0.001</duration>
          <className>com.mingyizhudao.qa.testcase.doctor.GetUploadToken</className>
          <testName>test_02_获取type2的图片token_成功</testName>
          <skipped>false</skipped>
          <errorStackTrace>
      java.lang.NullPointerException
	at com.mingyizhudao.qa.testcase.crm.RegisteredDoctor_Certify_V2.certify(RegisteredDoctor_Certify_V2.java:35)
	at com.mingyizhudao.qa.common.BaseTest.setUpSuite(BaseTest.java:127)
	at sun.reflect.NativeMethodAccessorImpl.invoke0(Native Method)
	at sun.reflect.NativeMethodAccessorImpl.invoke(NativeMethodAccessorImpl.java:62)
	at sun.reflect.DelegatingMethodAccessorImpl.invoke(DelegatingMethodAccessorImpl.java:43)
	at java.lang.reflect.Method.invoke(Method.java:498)
	at org.testng.internal.MethodInvocationHelper.invokeMethod(MethodInvocationHelper.java:80)
	at org.testng.internal.Invoker.invokeConfigurationMethod(Invoker.java:564)
	at org.testng.internal.Invoker.invokeConfigurations(Invoker.java:213)
	at org.testng.internal.Invoker.invokeConfigurations(Invoker.java:138)
	at org.testng.SuiteRunner.privateRun(SuiteRunner.java:277)
	at org.testng.SuiteRunner.run(SuiteRunner.java:240)
	at org.testng.SuiteRunnerWorker.runSuite(SuiteRunnerWorker.java:52)
	at org.testng.SuiteRunnerWorker.run(SuiteRunnerWorker.java:86)
	at org.testng.TestNG.runSuitesSequentially(TestNG.java:1198)
	at org.testng.TestNG.runSuitesLocally(TestNG.java:1123)
	at org.testng.TestNG.run(TestNG.java:1031)
	at org.apache.maven.surefire.testng.TestNGExecutor.run(TestNGExecutor.java:281)
	at org.apache.maven.surefire.testng.TestNGXmlTestSuite.execute(TestNGXmlTestSuite.java:75)
	at org.apache.maven.surefire.testng.TestNGProvider.invoke(TestNGProvider.java:121)
	at org.apache.maven.surefire.booter.ForkedBooter.invokeProviderInSameClassLoader(ForkedBooter.java:290)
	at org.apache.maven.surefire.booter.ForkedBooter.runSuitesInProcess(ForkedBooter.java:242)
	at org.apache.maven.surefire.booter.ForkedBooter.main(ForkedBooter.java:121)

    </errorStackTrace>
          <failedSince>11</failedSince>
        </case>
        <case>
          <duration>0.0</duration>
          <className>com.mingyizhudao.qa.testcase.doctor.GetUploadToken</className>
          <testName>test_05_获取GIF文件名正常图片token_成功</testName>
          <skipped>false</skipped>
          <errorStackTrace>
      java.lang.NullPointerException
	at com.mingyizhudao.qa.testcase.crm.RegisteredDoctor_Certify_V2.certify(RegisteredDoctor_Certify_V2.java:35)
	at com.mingyizhudao.qa.common.BaseTest.setUpSuite(BaseTest.java:127)
	at sun.reflect.NativeMethodAccessorImpl.invoke0(Native Method)
	at sun.reflect.NativeMethodAccessorImpl.invoke(NativeMethodAccessorImpl.java:62)
	at sun.reflect.DelegatingMethodAccessorImpl.invoke(DelegatingMethodAccessorImpl.java:43)
	at java.lang.reflect.Method.invoke(Method.java:498)
	at org.testng.internal.MethodInvocationHelper.invokeMethod(MethodInvocationHelper.java:80)
	at org.testng.internal.Invoker.invokeConfigurationMethod(Invoker.java:564)
	at org.testng.internal.Invoker.invokeConfigurations(Invoker.java:213)
	at org.testng.internal.Invoker.invokeConfigurations(Invoker.java:138)
	at org.testng.SuiteRunner.privateRun(SuiteRunner.java:277)
	at org.testng.SuiteRunner.run(SuiteRunner.java:240)
	at org.testng.SuiteRunnerWorker.runSuite(SuiteRunnerWorker.java:52)
	at org.testng.SuiteRunnerWorker.run(SuiteRunnerWorker.java:86)
	at org.testng.TestNG.runSuitesSequentially(TestNG.java:1198)
	at org.testng.TestNG.runSuitesLocally(TestNG.java:1123)
	at org.testng.TestNG.run(TestNG.java:1031)
	at org.apache.maven.surefire.testng.TestNGExecutor.run(TestNGExecutor.java:281)
	at org.apache.maven.surefire.testng.TestNGXmlTestSuite.execute(TestNGXmlTestSuite.java:75)
	at org.apache.maven.surefire.testng.TestNGProvider.invoke(TestNGProvider.java:121)
	at org.apache.maven.surefire.booter.ForkedBooter.invokeProviderInSameClassLoader(ForkedBooter.java:290)
	at org.apache.maven.surefire.booter.ForkedBooter.runSuitesInProcess(ForkedBooter.java:242)
	at org.apache.maven.surefire.booter.ForkedBooter.main(ForkedBooter.java:121)

    </errorStackTrace>
          <failedSince>11</failedSince>
        </case>
        <case>
          <duration>0.0</duration>
          <className>com.mingyizhudao.qa.testcase.doctor.GetUploadToken</className>
          <testName>test_06_获取文件名有特殊字符图片token_成功</testName>
          <skipped>false</skipped>
          <errorStackTrace>
      java.lang.NullPointerException
	at com.mingyizhudao.qa.testcase.crm.RegisteredDoctor_Certify_V2.certify(RegisteredDoctor_Certify_V2.java:35)
	at com.mingyizhudao.qa.common.BaseTest.setUpSuite(BaseTest.java:127)
	at sun.reflect.NativeMethodAccessorImpl.invoke0(Native Method)
	at sun.reflect.NativeMethodAccessorImpl.invoke(NativeMethodAccessorImpl.java:62)
	at sun.reflect.DelegatingMethodAccessorImpl.invoke(DelegatingMethodAccessorImpl.java:43)
	at java.lang.reflect.Method.invoke(Method.java:498)
	at org.testng.internal.MethodInvocationHelper.invokeMethod(MethodInvocationHelper.java:80)
	at org.testng.internal.Invoker.invokeConfigurationMethod(Invoker.java:564)
	at org.testng.internal.Invoker.invokeConfigurations(Invoker.java:213)
	at org.testng.internal.Invoker.invokeConfigurations(Invoker.java:138)
	at org.testng.SuiteRunner.privateRun(SuiteRunner.java:277)
	at org.testng.SuiteRunner.run(SuiteRunner.java:240)
	at org.testng.SuiteRunnerWorker.runSuite(SuiteRunnerWorker.java:52)
	at org.testng.SuiteRunnerWorker.run(SuiteRunnerWorker.java:86)
	at org.testng.TestNG.runSuitesSequentially(TestNG.java:1198)
	at org.testng.TestNG.runSuitesLocally(TestNG.java:1123)
	at org.testng.TestNG.run(TestNG.java:1031)
	at org.apache.maven.surefire.testng.TestNGExecutor.run(TestNGExecutor.java:281)
	at org.apache.maven.surefire.testng.TestNGXmlTestSuite.execute(TestNGXmlTestSuite.java:75)
	at org.apache.maven.surefire.testng.TestNGProvider.invoke(TestNGProvider.java:121)
	at org.apache.maven.surefire.booter.ForkedBooter.invokeProviderInSameClassLoader(ForkedBooter.java:290)
	at org.apache.maven.surefire.booter.ForkedBooter.runSuitesInProcess(ForkedBooter.java:242)
	at org.apache.maven.surefire.booter.ForkedBooter.main(ForkedBooter.java:121)

    </errorStackTrace>
          <failedSince>11</failedSince>
        </case>
      </cases>
    </suite>
    <suite>
      <file>C:\Program Files (x86)\Jenkins\workspace\TestJob\target\surefire-reports\junitreports\TEST-com.mingyizhudao.qa.testcase.doctor.HospitalSearch.xml</file>
      <name>com.mingyizhudao.qa.testcase.doctor.HospitalSearch</name>
      <duration>0.0</duration>
      <timestamp>19 Jul 2017 05:31:46 GMT</timestamp>
      <time>0.000</time>
      <cases>
        <case>
          <duration>0.0</duration>
          <className>com.mingyizhudao.qa.testcase.doctor.HospitalSearch</className>
          <testName>test_02_没有searchName字段的请求可以获得有效信息</testName>
          <skipped>false</skipped>
          <errorStackTrace>
      java.lang.NullPointerException
	at com.mingyizhudao.qa.testcase.crm.RegisteredDoctor_Certify_V2.certify(RegisteredDoctor_Certify_V2.java:35)
	at com.mingyizhudao.qa.common.BaseTest.setUpSuite(BaseTest.java:127)
	at sun.reflect.NativeMethodAccessorImpl.invoke0(Native Method)
	at sun.reflect.NativeMethodAccessorImpl.invoke(NativeMethodAccessorImpl.java:62)
	at sun.reflect.DelegatingMethodAccessorImpl.invoke(DelegatingMethodAccessorImpl.java:43)
	at java.lang.reflect.Method.invoke(Method.java:498)
	at org.testng.internal.MethodInvocationHelper.invokeMethod(MethodInvocationHelper.java:80)
	at org.testng.internal.Invoker.invokeConfigurationMethod(Invoker.java:564)
	at org.testng.internal.Invoker.invokeConfigurations(Invoker.java:213)
	at org.testng.internal.Invoker.invokeConfigurations(Invoker.java:138)
	at org.testng.SuiteRunner.privateRun(SuiteRunner.java:277)
	at org.testng.SuiteRunner.run(SuiteRunner.java:240)
	at org.testng.SuiteRunnerWorker.runSuite(SuiteRunnerWorker.java:52)
	at org.testng.SuiteRunnerWorker.run(SuiteRunnerWorker.java:86)
	at org.testng.TestNG.runSuitesSequentially(TestNG.java:1198)
	at org.testng.TestNG.runSuitesLocally(TestNG.java:1123)
	at org.testng.TestNG.run(TestNG.java:1031)
	at org.apache.maven.surefire.testng.TestNGExecutor.run(TestNGExecutor.java:281)
	at org.apache.maven.surefire.testng.TestNGXmlTestSuite.execute(TestNGXmlTestSuite.java:75)
	at org.apache.maven.surefire.testng.TestNGProvider.invoke(TestNGProvider.java:121)
	at org.apache.maven.surefire.booter.ForkedBooter.invokeProviderInSameClassLoader(ForkedBooter.java:290)
	at org.apache.maven.surefire.booter.ForkedBooter.runSuitesInProcess(ForkedBooter.java:242)
	at org.apache.maven.surefire.booter.ForkedBooter.main(ForkedBooter.java:121)

    </errorStackTrace>
          <failedSince>11</failedSince>
        </case>
        <case>
          <duration>0.0</duration>
          <className>com.mingyizhudao.qa.testcase.doctor.HospitalSearch</className>
          <testName>test_03_查询字符串为空时的返回结果</testName>
          <skipped>false</skipped>
          <errorStackTrace>
      java.lang.NullPointerException
	at com.mingyizhudao.qa.testcase.crm.RegisteredDoctor_Certify_V2.certify(RegisteredDoctor_Certify_V2.java:35)
	at com.mingyizhudao.qa.common.BaseTest.setUpSuite(BaseTest.java:127)
	at sun.reflect.NativeMethodAccessorImpl.invoke0(Native Method)
	at sun.reflect.NativeMethodAccessorImpl.invoke(NativeMethodAccessorImpl.java:62)
	at sun.reflect.DelegatingMethodAccessorImpl.invoke(DelegatingMethodAccessorImpl.java:43)
	at java.lang.reflect.Method.invoke(Method.java:498)
	at org.testng.internal.MethodInvocationHelper.invokeMethod(MethodInvocationHelper.java:80)
	at org.testng.internal.Invoker.invokeConfigurationMethod(Invoker.java:564)
	at org.testng.internal.Invoker.invokeConfigurations(Invoker.java:213)
	at org.testng.internal.Invoker.invokeConfigurations(Invoker.java:138)
	at org.testng.SuiteRunner.privateRun(SuiteRunner.java:277)
	at org.testng.SuiteRunner.run(SuiteRunner.java:240)
	at org.testng.SuiteRunnerWorker.runSuite(SuiteRunnerWorker.java:52)
	at org.testng.SuiteRunnerWorker.run(SuiteRunnerWorker.java:86)
	at org.testng.TestNG.runSuitesSequentially(TestNG.java:1198)
	at org.testng.TestNG.runSuitesLocally(TestNG.java:1123)
	at org.testng.TestNG.run(TestNG.java:1031)
	at org.apache.maven.surefire.testng.TestNGExecutor.run(TestNGExecutor.java:281)
	at org.apache.maven.surefire.testng.TestNGXmlTestSuite.execute(TestNGXmlTestSuite.java:75)
	at org.apache.maven.surefire.testng.TestNGProvider.invoke(TestNGProvider.java:121)
	at org.apache.maven.surefire.booter.ForkedBooter.invokeProviderInSameClassLoader(ForkedBooter.java:290)
	at org.apache.maven.surefire.booter.ForkedBooter.runSuitesInProcess(ForkedBooter.java:242)
	at org.apache.maven.surefire.booter.ForkedBooter.main(ForkedBooter.java:121)

    </errorStackTrace>
          <failedSince>11</failedSince>
        </case>
        <case>
          <duration>0.0</duration>
          <className>com.mingyizhudao.qa.testcase.doctor.HospitalSearch</className>
          <testName>test_04_查询字符串为中文时的返回结果</testName>
          <skipped>false</skipped>
          <errorStackTrace>
      java.lang.NullPointerException
	at com.mingyizhudao.qa.testcase.crm.RegisteredDoctor_Certify_V2.certify(RegisteredDoctor_Certify_V2.java:35)
	at com.mingyizhudao.qa.common.BaseTest.setUpSuite(BaseTest.java:127)
	at sun.reflect.NativeMethodAccessorImpl.invoke0(Native Method)
	at sun.reflect.NativeMethodAccessorImpl.invoke(NativeMethodAccessorImpl.java:62)
	at sun.reflect.DelegatingMethodAccessorImpl.invoke(DelegatingMethodAccessorImpl.java:43)
	at java.lang.reflect.Method.invoke(Method.java:498)
	at org.testng.internal.MethodInvocationHelper.invokeMethod(MethodInvocationHelper.java:80)
	at org.testng.internal.Invoker.invokeConfigurationMethod(Invoker.java:564)
	at org.testng.internal.Invoker.invokeConfigurations(Invoker.java:213)
	at org.testng.internal.Invoker.invokeConfigurations(Invoker.java:138)
	at org.testng.SuiteRunner.privateRun(SuiteRunner.java:277)
	at org.testng.SuiteRunner.run(SuiteRunner.java:240)
	at org.testng.SuiteRunnerWorker.runSuite(SuiteRunnerWorker.java:52)
	at org.testng.SuiteRunnerWorker.run(SuiteRunnerWorker.java:86)
	at org.testng.TestNG.runSuitesSequentially(TestNG.java:1198)
	at org.testng.TestNG.runSuitesLocally(TestNG.java:1123)
	at org.testng.TestNG.run(TestNG.java:1031)
	at org.apache.maven.surefire.testng.TestNGExecutor.run(TestNGExecutor.java:281)
	at org.apache.maven.surefire.testng.TestNGXmlTestSuite.execute(TestNGXmlTestSuite.java:75)
	at org.apache.maven.surefire.testng.TestNGProvider.invoke(TestNGProvider.java:121)
	at org.apache.maven.surefire.booter.ForkedBooter.invokeProviderInSameClassLoader(ForkedBooter.java:290)
	at org.apache.maven.surefire.booter.ForkedBooter.runSuitesInProcess(ForkedBooter.java:242)
	at org.apache.maven.surefire.booter.ForkedBooter.main(ForkedBooter.java:121)

    </errorStackTrace>
          <failedSince>11</failedSince>
        </case>
        <case>
          <duration>0.0</duration>
          <className>com.mingyizhudao.qa.testcase.doctor.HospitalSearch</className>
          <testName>test_05_查询字符串为一串拼音时的返回结果</testName>
          <skipped>false</skipped>
          <errorStackTrace>
      java.lang.NullPointerException
	at com.mingyizhudao.qa.testcase.crm.RegisteredDoctor_Certify_V2.certify(RegisteredDoctor_Certify_V2.java:35)
	at com.mingyizhudao.qa.common.BaseTest.setUpSuite(BaseTest.java:127)
	at sun.reflect.NativeMethodAccessorImpl.invoke0(Native Method)
	at sun.reflect.NativeMethodAccessorImpl.invoke(NativeMethodAccessorImpl.java:62)
	at sun.reflect.DelegatingMethodAccessorImpl.invoke(DelegatingMethodAccessorImpl.java:43)
	at java.lang.reflect.Method.invoke(Method.java:498)
	at org.testng.internal.MethodInvocationHelper.invokeMethod(MethodInvocationHelper.java:80)
	at org.testng.internal.Invoker.invokeConfigurationMethod(Invoker.java:564)
	at org.testng.internal.Invoker.invokeConfigurations(Invoker.java:213)
	at org.testng.internal.Invoker.invokeConfigurations(Invoker.java:138)
	at org.testng.SuiteRunner.privateRun(SuiteRunner.java:277)
	at org.testng.SuiteRunner.run(SuiteRunner.java:240)
	at org.testng.SuiteRunnerWorker.runSuite(SuiteRunnerWorker.java:52)
	at org.testng.SuiteRunnerWorker.run(SuiteRunnerWorker.java:86)
	at org.testng.TestNG.runSuitesSequentially(TestNG.java:1198)
	at org.testng.TestNG.runSuitesLocally(TestNG.java:1123)
	at org.testng.TestNG.run(TestNG.java:1031)
	at org.apache.maven.surefire.testng.TestNGExecutor.run(TestNGExecutor.java:281)
	at org.apache.maven.surefire.testng.TestNGXmlTestSuite.execute(TestNGXmlTestSuite.java:75)
	at org.apache.maven.surefire.testng.TestNGProvider.invoke(TestNGProvider.java:121)
	at org.apache.maven.surefire.booter.ForkedBooter.invokeProviderInSameClassLoader(ForkedBooter.java:290)
	at org.apache.maven.surefire.booter.ForkedBooter.runSuitesInProcess(ForkedBooter.java:242)
	at org.apache.maven.surefire.booter.ForkedBooter.main(ForkedBooter.java:121)

    </errorStackTrace>
          <failedSince>11</failedSince>
        </case>
        <case>
          <duration>0.0</duration>
          <className>com.mingyizhudao.qa.testcase.doctor.HospitalSearch</className>
          <testName>test_08_加城市ID搜索</testName>
          <skipped>false</skipped>
          <errorStackTrace>
      java.lang.NullPointerException
	at com.mingyizhudao.qa.testcase.crm.RegisteredDoctor_Certify_V2.certify(RegisteredDoctor_Certify_V2.java:35)
	at com.mingyizhudao.qa.common.BaseTest.setUpSuite(BaseTest.java:127)
	at sun.reflect.NativeMethodAccessorImpl.invoke0(Native Method)
	at sun.reflect.NativeMethodAccessorImpl.invoke(NativeMethodAccessorImpl.java:62)
	at sun.reflect.DelegatingMethodAccessorImpl.invoke(DelegatingMethodAccessorImpl.java:43)
	at java.lang.reflect.Method.invoke(Method.java:498)
	at org.testng.internal.MethodInvocationHelper.invokeMethod(MethodInvocationHelper.java:80)
	at org.testng.internal.Invoker.invokeConfigurationMethod(Invoker.java:564)
	at org.testng.internal.Invoker.invokeConfigurations(Invoker.java:213)
	at org.testng.internal.Invoker.invokeConfigurations(Invoker.java:138)
	at org.testng.SuiteRunner.privateRun(SuiteRunner.java:277)
	at org.testng.SuiteRunner.run(SuiteRunner.java:240)
	at org.testng.SuiteRunnerWorker.runSuite(SuiteRunnerWorker.java:52)
	at org.testng.SuiteRunnerWorker.run(SuiteRunnerWorker.java:86)
	at org.testng.TestNG.runSuitesSequentially(TestNG.java:1198)
	at org.testng.TestNG.runSuitesLocally(TestNG.java:1123)
	at org.testng.TestNG.run(TestNG.java:1031)
	at org.apache.maven.surefire.testng.TestNGExecutor.run(TestNGExecutor.java:281)
	at org.apache.maven.surefire.testng.TestNGXmlTestSuite.execute(TestNGXmlTestSuite.java:75)
	at org.apache.maven.surefire.testng.TestNGProvider.invoke(TestNGProvider.java:121)
	at org.apache.maven.surefire.booter.ForkedBooter.invokeProviderInSameClassLoader(ForkedBooter.java:290)
	at org.apache.maven.surefire.booter.ForkedBooter.runSuitesInProcess(ForkedBooter.java:242)
	at org.apache.maven.surefire.booter.ForkedBooter.main(ForkedBooter.java:121)

    </errorStackTrace>
          <failedSince>11</failedSince>
        </case>
        <case>
          <duration>0.0</duration>
          <className>com.mingyizhudao.qa.testcase.doctor.HospitalSearch</className>
          <testName>test_06_查询字符串为中英混合时的返回结果</testName>
          <skipped>false</skipped>
          <errorStackTrace>
      java.lang.NullPointerException
	at com.mingyizhudao.qa.testcase.crm.RegisteredDoctor_Certify_V2.certify(RegisteredDoctor_Certify_V2.java:35)
	at com.mingyizhudao.qa.common.BaseTest.setUpSuite(BaseTest.java:127)
	at sun.reflect.NativeMethodAccessorImpl.invoke0(Native Method)
	at sun.reflect.NativeMethodAccessorImpl.invoke(NativeMethodAccessorImpl.java:62)
	at sun.reflect.DelegatingMethodAccessorImpl.invoke(DelegatingMethodAccessorImpl.java:43)
	at java.lang.reflect.Method.invoke(Method.java:498)
	at org.testng.internal.MethodInvocationHelper.invokeMethod(MethodInvocationHelper.java:80)
	at org.testng.internal.Invoker.invokeConfigurationMethod(Invoker.java:564)
	at org.testng.internal.Invoker.invokeConfigurations(Invoker.java:213)
	at org.testng.internal.Invoker.invokeConfigurations(Invoker.java:138)
	at org.testng.SuiteRunner.privateRun(SuiteRunner.java:277)
	at org.testng.SuiteRunner.run(SuiteRunner.java:240)
	at org.testng.SuiteRunnerWorker.runSuite(SuiteRunnerWorker.java:52)
	at org.testng.SuiteRunnerWorker.run(SuiteRunnerWorker.java:86)
	at org.testng.TestNG.runSuitesSequentially(TestNG.java:1198)
	at org.testng.TestNG.runSuitesLocally(TestNG.java:1123)
	at org.testng.TestNG.run(TestNG.java:1031)
	at org.apache.maven.surefire.testng.TestNGExecutor.run(TestNGExecutor.java:281)
	at org.apache.maven.surefire.testng.TestNGXmlTestSuite.execute(TestNGXmlTestSuite.java:75)
	at org.apache.maven.surefire.testng.TestNGProvider.invoke(TestNGProvider.java:121)
	at org.apache.maven.surefire.booter.ForkedBooter.invokeProviderInSameClassLoader(ForkedBooter.java:290)
	at org.apache.maven.surefire.booter.ForkedBooter.runSuitesInProcess(ForkedBooter.java:242)
	at org.apache.maven.surefire.booter.ForkedBooter.main(ForkedBooter.java:121)

    </errorStackTrace>
          <failedSince>11</failedSince>
        </case>
        <case>
          <duration>0.0</duration>
          <className>com.mingyizhudao.qa.testcase.doctor.HospitalSearch</className>
          <testName>test_07_返回的结果中详细字段不缺少</testName>
          <skipped>false</skipped>
          <errorStackTrace>
      java.lang.NullPointerException
	at com.mingyizhudao.qa.testcase.crm.RegisteredDoctor_Certify_V2.certify(RegisteredDoctor_Certify_V2.java:35)
	at com.mingyizhudao.qa.common.BaseTest.setUpSuite(BaseTest.java:127)
	at sun.reflect.NativeMethodAccessorImpl.invoke0(Native Method)
	at sun.reflect.NativeMethodAccessorImpl.invoke(NativeMethodAccessorImpl.java:62)
	at sun.reflect.DelegatingMethodAccessorImpl.invoke(DelegatingMethodAccessorImpl.java:43)
	at java.lang.reflect.Method.invoke(Method.java:498)
	at org.testng.internal.MethodInvocationHelper.invokeMethod(MethodInvocationHelper.java:80)
	at org.testng.internal.Invoker.invokeConfigurationMethod(Invoker.java:564)
	at org.testng.internal.Invoker.invokeConfigurations(Invoker.java:213)
	at org.testng.internal.Invoker.invokeConfigurations(Invoker.java:138)
	at org.testng.SuiteRunner.privateRun(SuiteRunner.java:277)
	at org.testng.SuiteRunner.run(SuiteRunner.java:240)
	at org.testng.SuiteRunnerWorker.runSuite(SuiteRunnerWorker.java:52)
	at org.testng.SuiteRunnerWorker.run(SuiteRunnerWorker.java:86)
	at org.testng.TestNG.runSuitesSequentially(TestNG.java:1198)
	at org.testng.TestNG.runSuitesLocally(TestNG.java:1123)
	at org.testng.TestNG.run(TestNG.java:1031)
	at org.apache.maven.surefire.testng.TestNGExecutor.run(TestNGExecutor.java:281)
	at org.apache.maven.surefire.testng.TestNGXmlTestSuite.execute(TestNGXmlTestSuite.java:75)
	at org.apache.maven.surefire.testng.TestNGProvider.invoke(TestNGProvider.java:121)
	at org.apache.maven.surefire.booter.ForkedBooter.invokeProviderInSameClassLoader(ForkedBooter.java:290)
	at org.apache.maven.surefire.booter.ForkedBooter.runSuitesInProcess(ForkedBooter.java:242)
	at org.apache.maven.surefire.booter.ForkedBooter.main(ForkedBooter.java:121)

    </errorStackTrace>
          <failedSince>11</failedSince>
        </case>
        <case>
          <duration>0.0</duration>
          <className>com.mingyizhudao.qa.testcase.doctor.HospitalSearch</className>
          <testName>test_01_有token信息的请求可以获得有效信息</testName>
          <skipped>false</skipped>
          <errorStackTrace>
      java.lang.NullPointerException
	at com.mingyizhudao.qa.testcase.crm.RegisteredDoctor_Certify_V2.certify(RegisteredDoctor_Certify_V2.java:35)
	at com.mingyizhudao.qa.common.BaseTest.setUpSuite(BaseTest.java:127)
	at sun.reflect.NativeMethodAccessorImpl.invoke0(Native Method)
	at sun.reflect.NativeMethodAccessorImpl.invoke(NativeMethodAccessorImpl.java:62)
	at sun.reflect.DelegatingMethodAccessorImpl.invoke(DelegatingMethodAccessorImpl.java:43)
	at java.lang.reflect.Method.invoke(Method.java:498)
	at org.testng.internal.MethodInvocationHelper.invokeMethod(MethodInvocationHelper.java:80)
	at org.testng.internal.Invoker.invokeConfigurationMethod(Invoker.java:564)
	at org.testng.internal.Invoker.invokeConfigurations(Invoker.java:213)
	at org.testng.internal.Invoker.invokeConfigurations(Invoker.java:138)
	at org.testng.SuiteRunner.privateRun(SuiteRunner.java:277)
	at org.testng.SuiteRunner.run(SuiteRunner.java:240)
	at org.testng.SuiteRunnerWorker.runSuite(SuiteRunnerWorker.java:52)
	at org.testng.SuiteRunnerWorker.run(SuiteRunnerWorker.java:86)
	at org.testng.TestNG.runSuitesSequentially(TestNG.java:1198)
	at org.testng.TestNG.runSuitesLocally(TestNG.java:1123)
	at org.testng.TestNG.run(TestNG.java:1031)
	at org.apache.maven.surefire.testng.TestNGExecutor.run(TestNGExecutor.java:281)
	at org.apache.maven.surefire.testng.TestNGXmlTestSuite.execute(TestNGXmlTestSuite.java:75)
	at org.apache.maven.surefire.testng.TestNGProvider.invoke(TestNGProvider.java:121)
	at org.apache.maven.surefire.booter.ForkedBooter.invokeProviderInSameClassLoader(ForkedBooter.java:290)
	at org.apache.maven.surefire.booter.ForkedBooter.runSuitesInProcess(ForkedBooter.java:242)
	at org.apache.maven.surefire.booter.ForkedBooter.main(ForkedBooter.java:121)

    </errorStackTrace>
          <failedSince>11</failedSince>
        </case>
      </cases>
    </suite>
    <suite>
      <file>C:\Program Files (x86)\Jenkins\workspace\TestJob\target\surefire-reports\junitreports\TEST-com.mingyizhudao.qa.testcase.doctor.ProfessionList.xml</file>
      <name>com.mingyizhudao.qa.testcase.doctor.ProfessionList</name>
      <duration>0.0</duration>
      <timestamp>19 Jul 2017 05:31:46 GMT</timestamp>
      <time>0.000</time>
      <cases>
        <case>
          <duration>0.0</duration>
          <className>com.mingyizhudao.qa.testcase.doctor.ProfessionList</className>
          <testName>test_02_没有token信息的请求可以获得有效信息</testName>
          <skipped>false</skipped>
          <errorStackTrace>
      java.lang.NullPointerException
	at com.mingyizhudao.qa.testcase.crm.RegisteredDoctor_Certify_V2.certify(RegisteredDoctor_Certify_V2.java:35)
	at com.mingyizhudao.qa.common.BaseTest.setUpSuite(BaseTest.java:127)
	at sun.reflect.NativeMethodAccessorImpl.invoke0(Native Method)
	at sun.reflect.NativeMethodAccessorImpl.invoke(NativeMethodAccessorImpl.java:62)
	at sun.reflect.DelegatingMethodAccessorImpl.invoke(DelegatingMethodAccessorImpl.java:43)
	at java.lang.reflect.Method.invoke(Method.java:498)
	at org.testng.internal.MethodInvocationHelper.invokeMethod(MethodInvocationHelper.java:80)
	at org.testng.internal.Invoker.invokeConfigurationMethod(Invoker.java:564)
	at org.testng.internal.Invoker.invokeConfigurations(Invoker.java:213)
	at org.testng.internal.Invoker.invokeConfigurations(Invoker.java:138)
	at org.testng.SuiteRunner.privateRun(SuiteRunner.java:277)
	at org.testng.SuiteRunner.run(SuiteRunner.java:240)
	at org.testng.SuiteRunnerWorker.runSuite(SuiteRunnerWorker.java:52)
	at org.testng.SuiteRunnerWorker.run(SuiteRunnerWorker.java:86)
	at org.testng.TestNG.runSuitesSequentially(TestNG.java:1198)
	at org.testng.TestNG.runSuitesLocally(TestNG.java:1123)
	at org.testng.TestNG.run(TestNG.java:1031)
	at org.apache.maven.surefire.testng.TestNGExecutor.run(TestNGExecutor.java:281)
	at org.apache.maven.surefire.testng.TestNGXmlTestSuite.execute(TestNGXmlTestSuite.java:75)
	at org.apache.maven.surefire.testng.TestNGProvider.invoke(TestNGProvider.java:121)
	at org.apache.maven.surefire.booter.ForkedBooter.invokeProviderInSameClassLoader(ForkedBooter.java:290)
	at org.apache.maven.surefire.booter.ForkedBooter.runSuitesInProcess(ForkedBooter.java:242)
	at org.apache.maven.surefire.booter.ForkedBooter.main(ForkedBooter.java:121)

    </errorStackTrace>
          <failedSince>11</failedSince>
        </case>
        <case>
          <duration>0.0</duration>
          <className>com.mingyizhudao.qa.testcase.doctor.ProfessionList</className>
          <testName>test_01_有token信息的请求可以获得有效信息</testName>
          <skipped>false</skipped>
          <errorStackTrace>
      java.lang.NullPointerException
	at com.mingyizhudao.qa.testcase.crm.RegisteredDoctor_Certify_V2.certify(RegisteredDoctor_Certify_V2.java:35)
	at com.mingyizhudao.qa.common.BaseTest.setUpSuite(BaseTest.java:127)
	at sun.reflect.NativeMethodAccessorImpl.invoke0(Native Method)
	at sun.reflect.NativeMethodAccessorImpl.invoke(NativeMethodAccessorImpl.java:62)
	at sun.reflect.DelegatingMethodAccessorImpl.invoke(DelegatingMethodAccessorImpl.java:43)
	at java.lang.reflect.Method.invoke(Method.java:498)
	at org.testng.internal.MethodInvocationHelper.invokeMethod(MethodInvocationHelper.java:80)
	at org.testng.internal.Invoker.invokeConfigurationMethod(Invoker.java:564)
	at org.testng.internal.Invoker.invokeConfigurations(Invoker.java:213)
	at org.testng.internal.Invoker.invokeConfigurations(Invoker.java:138)
	at org.testng.SuiteRunner.privateRun(SuiteRunner.java:277)
	at org.testng.SuiteRunner.run(SuiteRunner.java:240)
	at org.testng.SuiteRunnerWorker.runSuite(SuiteRunnerWorker.java:52)
	at org.testng.SuiteRunnerWorker.run(SuiteRunnerWorker.java:86)
	at org.testng.TestNG.runSuitesSequentially(TestNG.java:1198)
	at org.testng.TestNG.runSuitesLocally(TestNG.java:1123)
	at org.testng.TestNG.run(TestNG.java:1031)
	at org.apache.maven.surefire.testng.TestNGExecutor.run(TestNGExecutor.java:281)
	at org.apache.maven.surefire.testng.TestNGXmlTestSuite.execute(TestNGXmlTestSuite.java:75)
	at org.apache.maven.surefire.testng.TestNGProvider.invoke(TestNGProvider.java:121)
	at org.apache.maven.surefire.booter.ForkedBooter.invokeProviderInSameClassLoader(ForkedBooter.java:290)
	at org.apache.maven.surefire.booter.ForkedBooter.runSuitesInProcess(ForkedBooter.java:242)
	at org.apache.maven.surefire.booter.ForkedBooter.main(ForkedBooter.java:121)

    </errorStackTrace>
          <failedSince>11</failedSince>
        </case>
      </cases>
    </suite>
    <suite>
      <file>C:\Program Files (x86)\Jenkins\workspace\TestJob\target\surefire-reports\junitreports\TEST-com.mingyizhudao.qa.testcase.doctor.UpdateDoctorProfile.xml</file>
      <name>com.mingyizhudao.qa.testcase.doctor.UpdateDoctorProfile</name>
      <duration>0.0</duration>
      <timestamp>19 Jul 2017 05:31:46 GMT</timestamp>
      <time>0.000</time>
      <cases>
        <case>
          <duration>0.0</duration>
          <className>com.mingyizhudao.qa.testcase.doctor.UpdateDoctorProfile</className>
          <testName>test_02_已登录有token的用户可以更新个人信息department</testName>
          <skipped>false</skipped>
          <errorStackTrace>
      java.lang.NullPointerException
	at com.mingyizhudao.qa.testcase.crm.RegisteredDoctor_Certify_V2.certify(RegisteredDoctor_Certify_V2.java:35)
	at com.mingyizhudao.qa.common.BaseTest.setUpSuite(BaseTest.java:127)
	at sun.reflect.NativeMethodAccessorImpl.invoke0(Native Method)
	at sun.reflect.NativeMethodAccessorImpl.invoke(NativeMethodAccessorImpl.java:62)
	at sun.reflect.DelegatingMethodAccessorImpl.invoke(DelegatingMethodAccessorImpl.java:43)
	at java.lang.reflect.Method.invoke(Method.java:498)
	at org.testng.internal.MethodInvocationHelper.invokeMethod(MethodInvocationHelper.java:80)
	at org.testng.internal.Invoker.invokeConfigurationMethod(Invoker.java:564)
	at org.testng.internal.Invoker.invokeConfigurations(Invoker.java:213)
	at org.testng.internal.Invoker.invokeConfigurations(Invoker.java:138)
	at org.testng.SuiteRunner.privateRun(SuiteRunner.java:277)
	at org.testng.SuiteRunner.run(SuiteRunner.java:240)
	at org.testng.SuiteRunnerWorker.runSuite(SuiteRunnerWorker.java:52)
	at org.testng.SuiteRunnerWorker.run(SuiteRunnerWorker.java:86)
	at org.testng.TestNG.runSuitesSequentially(TestNG.java:1198)
	at org.testng.TestNG.runSuitesLocally(TestNG.java:1123)
	at org.testng.TestNG.run(TestNG.java:1031)
	at org.apache.maven.surefire.testng.TestNGExecutor.run(TestNGExecutor.java:281)
	at org.apache.maven.surefire.testng.TestNGXmlTestSuite.execute(TestNGXmlTestSuite.java:75)
	at org.apache.maven.surefire.testng.TestNGProvider.invoke(TestNGProvider.java:121)
	at org.apache.maven.surefire.booter.ForkedBooter.invokeProviderInSameClassLoader(ForkedBooter.java:290)
	at org.apache.maven.surefire.booter.ForkedBooter.runSuitesInProcess(ForkedBooter.java:242)
	at org.apache.maven.surefire.booter.ForkedBooter.main(ForkedBooter.java:121)

    </errorStackTrace>
          <failedSince>11</failedSince>
        </case>
        <case>
          <duration>0.0</duration>
          <className>com.mingyizhudao.qa.testcase.doctor.UpdateDoctorProfile</className>
          <testName>test_09_禁止更新hospital_name字段</testName>
          <skipped>false</skipped>
          <errorStackTrace>
      java.lang.NullPointerException
	at com.mingyizhudao.qa.testcase.crm.RegisteredDoctor_Certify_V2.certify(RegisteredDoctor_Certify_V2.java:35)
	at com.mingyizhudao.qa.common.BaseTest.setUpSuite(BaseTest.java:127)
	at sun.reflect.NativeMethodAccessorImpl.invoke0(Native Method)
	at sun.reflect.NativeMethodAccessorImpl.invoke(NativeMethodAccessorImpl.java:62)
	at sun.reflect.DelegatingMethodAccessorImpl.invoke(DelegatingMethodAccessorImpl.java:43)
	at java.lang.reflect.Method.invoke(Method.java:498)
	at org.testng.internal.MethodInvocationHelper.invokeMethod(MethodInvocationHelper.java:80)
	at org.testng.internal.Invoker.invokeConfigurationMethod(Invoker.java:564)
	at org.testng.internal.Invoker.invokeConfigurations(Invoker.java:213)
	at org.testng.internal.Invoker.invokeConfigurations(Invoker.java:138)
	at org.testng.SuiteRunner.privateRun(SuiteRunner.java:277)
	at org.testng.SuiteRunner.run(SuiteRunner.java:240)
	at org.testng.SuiteRunnerWorker.runSuite(SuiteRunnerWorker.java:52)
	at org.testng.SuiteRunnerWorker.run(SuiteRunnerWorker.java:86)
	at org.testng.TestNG.runSuitesSequentially(TestNG.java:1198)
	at org.testng.TestNG.runSuitesLocally(TestNG.java:1123)
	at org.testng.TestNG.run(TestNG.java:1031)
	at org.apache.maven.surefire.testng.TestNGExecutor.run(TestNGExecutor.java:281)
	at org.apache.maven.surefire.testng.TestNGXmlTestSuite.execute(TestNGXmlTestSuite.java:75)
	at org.apache.maven.surefire.testng.TestNGProvider.invoke(TestNGProvider.java:121)
	at org.apache.maven.surefire.booter.ForkedBooter.invokeProviderInSameClassLoader(ForkedBooter.java:290)
	at org.apache.maven.surefire.booter.ForkedBooter.runSuitesInProcess(ForkedBooter.java:242)
	at org.apache.maven.surefire.booter.ForkedBooter.main(ForkedBooter.java:121)

    </errorStackTrace>
          <failedSince>11</failedSince>
        </case>
        <case>
          <duration>0.0</duration>
          <className>com.mingyizhudao.qa.testcase.doctor.UpdateDoctorProfile</className>
          <testName>test_12_更新doctor_card_pictures字段</testName>
          <skipped>false</skipped>
          <errorStackTrace>
      java.lang.NullPointerException
	at com.mingyizhudao.qa.testcase.crm.RegisteredDoctor_Certify_V2.certify(RegisteredDoctor_Certify_V2.java:35)
	at com.mingyizhudao.qa.common.BaseTest.setUpSuite(BaseTest.java:127)
	at sun.reflect.NativeMethodAccessorImpl.invoke0(Native Method)
	at sun.reflect.NativeMethodAccessorImpl.invoke(NativeMethodAccessorImpl.java:62)
	at sun.reflect.DelegatingMethodAccessorImpl.invoke(DelegatingMethodAccessorImpl.java:43)
	at java.lang.reflect.Method.invoke(Method.java:498)
	at org.testng.internal.MethodInvocationHelper.invokeMethod(MethodInvocationHelper.java:80)
	at org.testng.internal.Invoker.invokeConfigurationMethod(Invoker.java:564)
	at org.testng.internal.Invoker.invokeConfigurations(Invoker.java:213)
	at org.testng.internal.Invoker.invokeConfigurations(Invoker.java:138)
	at org.testng.SuiteRunner.privateRun(SuiteRunner.java:277)
	at org.testng.SuiteRunner.run(SuiteRunner.java:240)
	at org.testng.SuiteRunnerWorker.runSuite(SuiteRunnerWorker.java:52)
	at org.testng.SuiteRunnerWorker.run(SuiteRunnerWorker.java:86)
	at org.testng.TestNG.runSuitesSequentially(TestNG.java:1198)
	at org.testng.TestNG.runSuitesLocally(TestNG.java:1123)
	at org.testng.TestNG.run(TestNG.java:1031)
	at org.apache.maven.surefire.testng.TestNGExecutor.run(TestNGExecutor.java:281)
	at org.apache.maven.surefire.testng.TestNGXmlTestSuite.execute(TestNGXmlTestSuite.java:75)
	at org.apache.maven.surefire.testng.TestNGProvider.invoke(TestNGProvider.java:121)
	at org.apache.maven.surefire.booter.ForkedBooter.invokeProviderInSameClassLoader(ForkedBooter.java:290)
	at org.apache.maven.surefire.booter.ForkedBooter.runSuitesInProcess(ForkedBooter.java:242)
	at org.apache.maven.surefire.booter.ForkedBooter.main(ForkedBooter.java:121)

    </errorStackTrace>
          <failedSince>11</failedSince>
        </case>
        <case>
          <duration>0.0</duration>
          <className>com.mingyizhudao.qa.testcase.doctor.UpdateDoctorProfile</className>
          <testName>test_08_禁止更新city_name字段</testName>
          <skipped>false</skipped>
          <errorStackTrace>
      java.lang.NullPointerException
	at com.mingyizhudao.qa.testcase.crm.RegisteredDoctor_Certify_V2.certify(RegisteredDoctor_Certify_V2.java:35)
	at com.mingyizhudao.qa.common.BaseTest.setUpSuite(BaseTest.java:127)
	at sun.reflect.NativeMethodAccessorImpl.invoke0(Native Method)
	at sun.reflect.NativeMethodAccessorImpl.invoke(NativeMethodAccessorImpl.java:62)
	at sun.reflect.DelegatingMethodAccessorImpl.invoke(DelegatingMethodAccessorImpl.java:43)
	at java.lang.reflect.Method.invoke(Method.java:498)
	at org.testng.internal.MethodInvocationHelper.invokeMethod(MethodInvocationHelper.java:80)
	at org.testng.internal.Invoker.invokeConfigurationMethod(Invoker.java:564)
	at org.testng.internal.Invoker.invokeConfigurations(Invoker.java:213)
	at org.testng.internal.Invoker.invokeConfigurations(Invoker.java:138)
	at org.testng.SuiteRunner.privateRun(SuiteRunner.java:277)
	at org.testng.SuiteRunner.run(SuiteRunner.java:240)
	at org.testng.SuiteRunnerWorker.runSuite(SuiteRunnerWorker.java:52)
	at org.testng.SuiteRunnerWorker.run(SuiteRunnerWorker.java:86)
	at org.testng.TestNG.runSuitesSequentially(TestNG.java:1198)
	at org.testng.TestNG.runSuitesLocally(TestNG.java:1123)
	at org.testng.TestNG.run(TestNG.java:1031)
	at org.apache.maven.surefire.testng.TestNGExecutor.run(TestNGExecutor.java:281)
	at org.apache.maven.surefire.testng.TestNGXmlTestSuite.execute(TestNGXmlTestSuite.java:75)
	at org.apache.maven.surefire.testng.TestNGProvider.invoke(TestNGProvider.java:121)
	at org.apache.maven.surefire.booter.ForkedBooter.invokeProviderInSameClassLoader(ForkedBooter.java:290)
	at org.apache.maven.surefire.booter.ForkedBooter.runSuitesInProcess(ForkedBooter.java:242)
	at org.apache.maven.surefire.booter.ForkedBooter.main(ForkedBooter.java:121)

    </errorStackTrace>
          <failedSince>11</failedSince>
        </case>
        <case>
          <duration>0.0</duration>
          <className>com.mingyizhudao.qa.testcase.doctor.UpdateDoctorProfile</className>
          <testName>test_06_未登录没有token的用户不可以更新信息</testName>
          <skipped>false</skipped>
          <errorStackTrace>
      java.lang.NullPointerException
	at com.mingyizhudao.qa.testcase.crm.RegisteredDoctor_Certify_V2.certify(RegisteredDoctor_Certify_V2.java:35)
	at com.mingyizhudao.qa.common.BaseTest.setUpSuite(BaseTest.java:127)
	at sun.reflect.NativeMethodAccessorImpl.invoke0(Native Method)
	at sun.reflect.NativeMethodAccessorImpl.invoke(NativeMethodAccessorImpl.java:62)
	at sun.reflect.DelegatingMethodAccessorImpl.invoke(DelegatingMethodAccessorImpl.java:43)
	at java.lang.reflect.Method.invoke(Method.java:498)
	at org.testng.internal.MethodInvocationHelper.invokeMethod(MethodInvocationHelper.java:80)
	at org.testng.internal.Invoker.invokeConfigurationMethod(Invoker.java:564)
	at org.testng.internal.Invoker.invokeConfigurations(Invoker.java:213)
	at org.testng.internal.Invoker.invokeConfigurations(Invoker.java:138)
	at org.testng.SuiteRunner.privateRun(SuiteRunner.java:277)
	at org.testng.SuiteRunner.run(SuiteRunner.java:240)
	at org.testng.SuiteRunnerWorker.runSuite(SuiteRunnerWorker.java:52)
	at org.testng.SuiteRunnerWorker.run(SuiteRunnerWorker.java:86)
	at org.testng.TestNG.runSuitesSequentially(TestNG.java:1198)
	at org.testng.TestNG.runSuitesLocally(TestNG.java:1123)
	at org.testng.TestNG.run(TestNG.java:1031)
	at org.apache.maven.surefire.testng.TestNGExecutor.run(TestNGExecutor.java:281)
	at org.apache.maven.surefire.testng.TestNGXmlTestSuite.execute(TestNGXmlTestSuite.java:75)
	at org.apache.maven.surefire.testng.TestNGProvider.invoke(TestNGProvider.java:121)
	at org.apache.maven.surefire.booter.ForkedBooter.invokeProviderInSameClassLoader(ForkedBooter.java:290)
	at org.apache.maven.surefire.booter.ForkedBooter.runSuitesInProcess(ForkedBooter.java:242)
	at org.apache.maven.surefire.booter.ForkedBooter.main(ForkedBooter.java:121)

    </errorStackTrace>
          <failedSince>11</failedSince>
        </case>
        <case>
          <duration>0.0</duration>
          <className>com.mingyizhudao.qa.testcase.doctor.UpdateDoctorProfile</className>
          <testName>test_07_错误token的不可以更新信息并返回正确错误码</testName>
          <skipped>false</skipped>
          <errorStackTrace>
      java.lang.NullPointerException
	at com.mingyizhudao.qa.testcase.crm.RegisteredDoctor_Certify_V2.certify(RegisteredDoctor_Certify_V2.java:35)
	at com.mingyizhudao.qa.common.BaseTest.setUpSuite(BaseTest.java:127)
	at sun.reflect.NativeMethodAccessorImpl.invoke0(Native Method)
	at sun.reflect.NativeMethodAccessorImpl.invoke(NativeMethodAccessorImpl.java:62)
	at sun.reflect.DelegatingMethodAccessorImpl.invoke(DelegatingMethodAccessorImpl.java:43)
	at java.lang.reflect.Method.invoke(Method.java:498)
	at org.testng.internal.MethodInvocationHelper.invokeMethod(MethodInvocationHelper.java:80)
	at org.testng.internal.Invoker.invokeConfigurationMethod(Invoker.java:564)
	at org.testng.internal.Invoker.invokeConfigurations(Invoker.java:213)
	at org.testng.internal.Invoker.invokeConfigurations(Invoker.java:138)
	at org.testng.SuiteRunner.privateRun(SuiteRunner.java:277)
	at org.testng.SuiteRunner.run(SuiteRunner.java:240)
	at org.testng.SuiteRunnerWorker.runSuite(SuiteRunnerWorker.java:52)
	at org.testng.SuiteRunnerWorker.run(SuiteRunnerWorker.java:86)
	at org.testng.TestNG.runSuitesSequentially(TestNG.java:1198)
	at org.testng.TestNG.runSuitesLocally(TestNG.java:1123)
	at org.testng.TestNG.run(TestNG.java:1031)
	at org.apache.maven.surefire.testng.TestNGExecutor.run(TestNGExecutor.java:281)
	at org.apache.maven.surefire.testng.TestNGXmlTestSuite.execute(TestNGXmlTestSuite.java:75)
	at org.apache.maven.surefire.testng.TestNGProvider.invoke(TestNGProvider.java:121)
	at org.apache.maven.surefire.booter.ForkedBooter.invokeProviderInSameClassLoader(ForkedBooter.java:290)
	at org.apache.maven.surefire.booter.ForkedBooter.runSuitesInProcess(ForkedBooter.java:242)
	at org.apache.maven.surefire.booter.ForkedBooter.main(ForkedBooter.java:121)

    </errorStackTrace>
          <failedSince>11</failedSince>
        </case>
        <case>
          <duration>0.0</duration>
          <className>com.mingyizhudao.qa.testcase.doctor.UpdateDoctorProfile</className>
          <testName>test_10_禁止更新major_name字段</testName>
          <skipped>false</skipped>
          <errorStackTrace>
      java.lang.NullPointerException
	at com.mingyizhudao.qa.testcase.crm.RegisteredDoctor_Certify_V2.certify(RegisteredDoctor_Certify_V2.java:35)
	at com.mingyizhudao.qa.common.BaseTest.setUpSuite(BaseTest.java:127)
	at sun.reflect.NativeMethodAccessorImpl.invoke0(Native Method)
	at sun.reflect.NativeMethodAccessorImpl.invoke(NativeMethodAccessorImpl.java:62)
	at sun.reflect.DelegatingMethodAccessorImpl.invoke(DelegatingMethodAccessorImpl.java:43)
	at java.lang.reflect.Method.invoke(Method.java:498)
	at org.testng.internal.MethodInvocationHelper.invokeMethod(MethodInvocationHelper.java:80)
	at org.testng.internal.Invoker.invokeConfigurationMethod(Invoker.java:564)
	at org.testng.internal.Invoker.invokeConfigurations(Invoker.java:213)
	at org.testng.internal.Invoker.invokeConfigurations(Invoker.java:138)
	at org.testng.SuiteRunner.privateRun(SuiteRunner.java:277)
	at org.testng.SuiteRunner.run(SuiteRunner.java:240)
	at org.testng.SuiteRunnerWorker.runSuite(SuiteRunnerWorker.java:52)
	at org.testng.SuiteRunnerWorker.run(SuiteRunnerWorker.java:86)
	at org.testng.TestNG.runSuitesSequentially(TestNG.java:1198)
	at org.testng.TestNG.runSuitesLocally(TestNG.java:1123)
	at org.testng.TestNG.run(TestNG.java:1031)
	at org.apache.maven.surefire.testng.TestNGExecutor.run(TestNGExecutor.java:281)
	at org.apache.maven.surefire.testng.TestNGXmlTestSuite.execute(TestNGXmlTestSuite.java:75)
	at org.apache.maven.surefire.testng.TestNGProvider.invoke(TestNGProvider.java:121)
	at org.apache.maven.surefire.booter.ForkedBooter.invokeProviderInSameClassLoader(ForkedBooter.java:290)
	at org.apache.maven.surefire.booter.ForkedBooter.runSuitesInProcess(ForkedBooter.java:242)
	at org.apache.maven.surefire.booter.ForkedBooter.main(ForkedBooter.java:121)

    </errorStackTrace>
          <failedSince>11</failedSince>
        </case>
        <case>
          <duration>0.0</duration>
          <className>com.mingyizhudao.qa.testcase.doctor.UpdateDoctorProfile</className>
          <testName>test_05_已登录有token的用户可以更新个人信息major_id</testName>
          <skipped>false</skipped>
          <errorStackTrace>
      java.lang.NullPointerException
	at com.mingyizhudao.qa.testcase.crm.RegisteredDoctor_Certify_V2.certify(RegisteredDoctor_Certify_V2.java:35)
	at com.mingyizhudao.qa.common.BaseTest.setUpSuite(BaseTest.java:127)
	at sun.reflect.NativeMethodAccessorImpl.invoke0(Native Method)
	at sun.reflect.NativeMethodAccessorImpl.invoke(NativeMethodAccessorImpl.java:62)
	at sun.reflect.DelegatingMethodAccessorImpl.invoke(DelegatingMethodAccessorImpl.java:43)
	at java.lang.reflect.Method.invoke(Method.java:498)
	at org.testng.internal.MethodInvocationHelper.invokeMethod(MethodInvocationHelper.java:80)
	at org.testng.internal.Invoker.invokeConfigurationMethod(Invoker.java:564)
	at org.testng.internal.Invoker.invokeConfigurations(Invoker.java:213)
	at org.testng.internal.Invoker.invokeConfigurations(Invoker.java:138)
	at org.testng.SuiteRunner.privateRun(SuiteRunner.java:277)
	at org.testng.SuiteRunner.run(SuiteRunner.java:240)
	at org.testng.SuiteRunnerWorker.runSuite(SuiteRunnerWorker.java:52)
	at org.testng.SuiteRunnerWorker.run(SuiteRunnerWorker.java:86)
	at org.testng.TestNG.runSuitesSequentially(TestNG.java:1198)
	at org.testng.TestNG.runSuitesLocally(TestNG.java:1123)
	at org.testng.TestNG.run(TestNG.java:1031)
	at org.apache.maven.surefire.testng.TestNGExecutor.run(TestNGExecutor.java:281)
	at org.apache.maven.surefire.testng.TestNGXmlTestSuite.execute(TestNGXmlTestSuite.java:75)
	at org.apache.maven.surefire.testng.TestNGProvider.invoke(TestNGProvider.java:121)
	at org.apache.maven.surefire.booter.ForkedBooter.invokeProviderInSameClassLoader(ForkedBooter.java:290)
	at org.apache.maven.surefire.booter.ForkedBooter.runSuitesInProcess(ForkedBooter.java:242)
	at org.apache.maven.surefire.booter.ForkedBooter.main(ForkedBooter.java:121)

    </errorStackTrace>
          <failedSince>11</failedSince>
        </case>
        <case>
          <duration>0.0</duration>
          <className>com.mingyizhudao.qa.testcase.doctor.UpdateDoctorProfile</className>
          <testName>test_03_已登录有token的用户可以更新个人信息hospital_id</testName>
          <skipped>false</skipped>
          <errorStackTrace>
      java.lang.NullPointerException
	at com.mingyizhudao.qa.testcase.crm.RegisteredDoctor_Certify_V2.certify(RegisteredDoctor_Certify_V2.java:35)
	at com.mingyizhudao.qa.common.BaseTest.setUpSuite(BaseTest.java:127)
	at sun.reflect.NativeMethodAccessorImpl.invoke0(Native Method)
	at sun.reflect.NativeMethodAccessorImpl.invoke(NativeMethodAccessorImpl.java:62)
	at sun.reflect.DelegatingMethodAccessorImpl.invoke(DelegatingMethodAccessorImpl.java:43)
	at java.lang.reflect.Method.invoke(Method.java:498)
	at org.testng.internal.MethodInvocationHelper.invokeMethod(MethodInvocationHelper.java:80)
	at org.testng.internal.Invoker.invokeConfigurationMethod(Invoker.java:564)
	at org.testng.internal.Invoker.invokeConfigurations(Invoker.java:213)
	at org.testng.internal.Invoker.invokeConfigurations(Invoker.java:138)
	at org.testng.SuiteRunner.privateRun(SuiteRunner.java:277)
	at org.testng.SuiteRunner.run(SuiteRunner.java:240)
	at org.testng.SuiteRunnerWorker.runSuite(SuiteRunnerWorker.java:52)
	at org.testng.SuiteRunnerWorker.run(SuiteRunnerWorker.java:86)
	at org.testng.TestNG.runSuitesSequentially(TestNG.java:1198)
	at org.testng.TestNG.runSuitesLocally(TestNG.java:1123)
	at org.testng.TestNG.run(TestNG.java:1031)
	at org.apache.maven.surefire.testng.TestNGExecutor.run(TestNGExecutor.java:281)
	at org.apache.maven.surefire.testng.TestNGXmlTestSuite.execute(TestNGXmlTestSuite.java:75)
	at org.apache.maven.surefire.testng.TestNGProvider.invoke(TestNGProvider.java:121)
	at org.apache.maven.surefire.booter.ForkedBooter.invokeProviderInSameClassLoader(ForkedBooter.java:290)
	at org.apache.maven.surefire.booter.ForkedBooter.runSuitesInProcess(ForkedBooter.java:242)
	at org.apache.maven.surefire.booter.ForkedBooter.main(ForkedBooter.java:121)

    </errorStackTrace>
          <failedSince>11</failedSince>
        </case>
      </cases>
    </suite>
    <suite>
      <file>C:\Program Files (x86)\Jenkins\workspace\TestJob\target\surefire-reports\junitreports\TEST-com.mingyizhudao.qa.testcase.doctor.UpdateMedicalRecords.xml</file>
      <name>com.mingyizhudao.qa.testcase.doctor.UpdateMedicalRecords</name>
      <duration>0.002</duration>
      <timestamp>19 Jul 2017 05:31:46 GMT</timestamp>
      <time>0.002</time>
      <cases>
        <case>
          <duration>0.0</duration>
          <className>com.mingyizhudao.qa.testcase.doctor.UpdateMedicalRecords</className>
          <testName>test_07_更新病例_患者姓名</testName>
          <skipped>false</skipped>
          <errorStackTrace>
      java.lang.NullPointerException
	at com.mingyizhudao.qa.testcase.crm.RegisteredDoctor_Certify_V2.certify(RegisteredDoctor_Certify_V2.java:35)
	at com.mingyizhudao.qa.common.BaseTest.setUpSuite(BaseTest.java:127)
	at sun.reflect.NativeMethodAccessorImpl.invoke0(Native Method)
	at sun.reflect.NativeMethodAccessorImpl.invoke(NativeMethodAccessorImpl.java:62)
	at sun.reflect.DelegatingMethodAccessorImpl.invoke(DelegatingMethodAccessorImpl.java:43)
	at java.lang.reflect.Method.invoke(Method.java:498)
	at org.testng.internal.MethodInvocationHelper.invokeMethod(MethodInvocationHelper.java:80)
	at org.testng.internal.Invoker.invokeConfigurationMethod(Invoker.java:564)
	at org.testng.internal.Invoker.invokeConfigurations(Invoker.java:213)
	at org.testng.internal.Invoker.invokeConfigurations(Invoker.java:138)
	at org.testng.SuiteRunner.privateRun(SuiteRunner.java:277)
	at org.testng.SuiteRunner.run(SuiteRunner.java:240)
	at org.testng.SuiteRunnerWorker.runSuite(SuiteRunnerWorker.java:52)
	at org.testng.SuiteRunnerWorker.run(SuiteRunnerWorker.java:86)
	at org.testng.TestNG.runSuitesSequentially(TestNG.java:1198)
	at org.testng.TestNG.runSuitesLocally(TestNG.java:1123)
	at org.testng.TestNG.run(TestNG.java:1031)
	at org.apache.maven.surefire.testng.TestNGExecutor.run(TestNGExecutor.java:281)
	at org.apache.maven.surefire.testng.TestNGXmlTestSuite.execute(TestNGXmlTestSuite.java:75)
	at org.apache.maven.surefire.testng.TestNGProvider.invoke(TestNGProvider.java:121)
	at org.apache.maven.surefire.booter.ForkedBooter.invokeProviderInSameClassLoader(ForkedBooter.java:290)
	at org.apache.maven.surefire.booter.ForkedBooter.runSuitesInProcess(ForkedBooter.java:242)
	at org.apache.maven.surefire.booter.ForkedBooter.main(ForkedBooter.java:121)

    </errorStackTrace>
          <failedSince>11</failedSince>
        </case>
        <case>
          <duration>0.0</duration>
          <className>com.mingyizhudao.qa.testcase.doctor.UpdateMedicalRecords</className>
          <testName>test_01_更新病例_主诉疾病</testName>
          <skipped>false</skipped>
          <errorStackTrace>
      java.lang.NullPointerException
	at com.mingyizhudao.qa.testcase.crm.RegisteredDoctor_Certify_V2.certify(RegisteredDoctor_Certify_V2.java:35)
	at com.mingyizhudao.qa.common.BaseTest.setUpSuite(BaseTest.java:127)
	at sun.reflect.NativeMethodAccessorImpl.invoke0(Native Method)
	at sun.reflect.NativeMethodAccessorImpl.invoke(NativeMethodAccessorImpl.java:62)
	at sun.reflect.DelegatingMethodAccessorImpl.invoke(DelegatingMethodAccessorImpl.java:43)
	at java.lang.reflect.Method.invoke(Method.java:498)
	at org.testng.internal.MethodInvocationHelper.invokeMethod(MethodInvocationHelper.java:80)
	at org.testng.internal.Invoker.invokeConfigurationMethod(Invoker.java:564)
	at org.testng.internal.Invoker.invokeConfigurations(Invoker.java:213)
	at org.testng.internal.Invoker.invokeConfigurations(Invoker.java:138)
	at org.testng.SuiteRunner.privateRun(SuiteRunner.java:277)
	at org.testng.SuiteRunner.run(SuiteRunner.java:240)
	at org.testng.SuiteRunnerWorker.runSuite(SuiteRunnerWorker.java:52)
	at org.testng.SuiteRunnerWorker.run(SuiteRunnerWorker.java:86)
	at org.testng.TestNG.runSuitesSequentially(TestNG.java:1198)
	at org.testng.TestNG.runSuitesLocally(TestNG.java:1123)
	at org.testng.TestNG.run(TestNG.java:1031)
	at org.apache.maven.surefire.testng.TestNGExecutor.run(TestNGExecutor.java:281)
	at org.apache.maven.surefire.testng.TestNGXmlTestSuite.execute(TestNGXmlTestSuite.java:75)
	at org.apache.maven.surefire.testng.TestNGProvider.invoke(TestNGProvider.java:121)
	at org.apache.maven.surefire.booter.ForkedBooter.invokeProviderInSameClassLoader(ForkedBooter.java:290)
	at org.apache.maven.surefire.booter.ForkedBooter.runSuitesInProcess(ForkedBooter.java:242)
	at org.apache.maven.surefire.booter.ForkedBooter.main(ForkedBooter.java:121)

    </errorStackTrace>
          <failedSince>11</failedSince>
        </case>
        <case>
          <duration>0.0</duration>
          <className>com.mingyizhudao.qa.testcase.doctor.UpdateMedicalRecords</className>
          <testName>test_02_更新病例_次诉疾病</testName>
          <skipped>false</skipped>
          <errorStackTrace>
      java.lang.NullPointerException
	at com.mingyizhudao.qa.testcase.crm.RegisteredDoctor_Certify_V2.certify(RegisteredDoctor_Certify_V2.java:35)
	at com.mingyizhudao.qa.common.BaseTest.setUpSuite(BaseTest.java:127)
	at sun.reflect.NativeMethodAccessorImpl.invoke0(Native Method)
	at sun.reflect.NativeMethodAccessorImpl.invoke(NativeMethodAccessorImpl.java:62)
	at sun.reflect.DelegatingMethodAccessorImpl.invoke(DelegatingMethodAccessorImpl.java:43)
	at java.lang.reflect.Method.invoke(Method.java:498)
	at org.testng.internal.MethodInvocationHelper.invokeMethod(MethodInvocationHelper.java:80)
	at org.testng.internal.Invoker.invokeConfigurationMethod(Invoker.java:564)
	at org.testng.internal.Invoker.invokeConfigurations(Invoker.java:213)
	at org.testng.internal.Invoker.invokeConfigurations(Invoker.java:138)
	at org.testng.SuiteRunner.privateRun(SuiteRunner.java:277)
	at org.testng.SuiteRunner.run(SuiteRunner.java:240)
	at org.testng.SuiteRunnerWorker.runSuite(SuiteRunnerWorker.java:52)
	at org.testng.SuiteRunnerWorker.run(SuiteRunnerWorker.java:86)
	at org.testng.TestNG.runSuitesSequentially(TestNG.java:1198)
	at org.testng.TestNG.runSuitesLocally(TestNG.java:1123)
	at org.testng.TestNG.run(TestNG.java:1031)
	at org.apache.maven.surefire.testng.TestNGExecutor.run(TestNGExecutor.java:281)
	at org.apache.maven.surefire.testng.TestNGXmlTestSuite.execute(TestNGXmlTestSuite.java:75)
	at org.apache.maven.surefire.testng.TestNGProvider.invoke(TestNGProvider.java:121)
	at org.apache.maven.surefire.booter.ForkedBooter.invokeProviderInSameClassLoader(ForkedBooter.java:290)
	at org.apache.maven.surefire.booter.ForkedBooter.runSuitesInProcess(ForkedBooter.java:242)
	at org.apache.maven.surefire.booter.ForkedBooter.main(ForkedBooter.java:121)

    </errorStackTrace>
          <failedSince>11</failedSince>
        </case>
        <case>
          <duration>0.0</duration>
          <className>com.mingyizhudao.qa.testcase.doctor.UpdateMedicalRecords</className>
          <testName>test_04_更新病例_病例描述</testName>
          <skipped>false</skipped>
          <errorStackTrace>
      java.lang.NullPointerException
	at com.mingyizhudao.qa.testcase.crm.RegisteredDoctor_Certify_V2.certify(RegisteredDoctor_Certify_V2.java:35)
	at com.mingyizhudao.qa.common.BaseTest.setUpSuite(BaseTest.java:127)
	at sun.reflect.NativeMethodAccessorImpl.invoke0(Native Method)
	at sun.reflect.NativeMethodAccessorImpl.invoke(NativeMethodAccessorImpl.java:62)
	at sun.reflect.DelegatingMethodAccessorImpl.invoke(DelegatingMethodAccessorImpl.java:43)
	at java.lang.reflect.Method.invoke(Method.java:498)
	at org.testng.internal.MethodInvocationHelper.invokeMethod(MethodInvocationHelper.java:80)
	at org.testng.internal.Invoker.invokeConfigurationMethod(Invoker.java:564)
	at org.testng.internal.Invoker.invokeConfigurations(Invoker.java:213)
	at org.testng.internal.Invoker.invokeConfigurations(Invoker.java:138)
	at org.testng.SuiteRunner.privateRun(SuiteRunner.java:277)
	at org.testng.SuiteRunner.run(SuiteRunner.java:240)
	at org.testng.SuiteRunnerWorker.runSuite(SuiteRunnerWorker.java:52)
	at org.testng.SuiteRunnerWorker.run(SuiteRunnerWorker.java:86)
	at org.testng.TestNG.runSuitesSequentially(TestNG.java:1198)
	at org.testng.TestNG.runSuitesLocally(TestNG.java:1123)
	at org.testng.TestNG.run(TestNG.java:1031)
	at org.apache.maven.surefire.testng.TestNGExecutor.run(TestNGExecutor.java:281)
	at org.apache.maven.surefire.testng.TestNGXmlTestSuite.execute(TestNGXmlTestSuite.java:75)
	at org.apache.maven.surefire.testng.TestNGProvider.invoke(TestNGProvider.java:121)
	at org.apache.maven.surefire.booter.ForkedBooter.invokeProviderInSameClassLoader(ForkedBooter.java:290)
	at org.apache.maven.surefire.booter.ForkedBooter.runSuitesInProcess(ForkedBooter.java:242)
	at org.apache.maven.surefire.booter.ForkedBooter.main(ForkedBooter.java:121)

    </errorStackTrace>
          <failedSince>11</failedSince>
        </case>
        <case>
          <duration>0.0</duration>
          <className>com.mingyizhudao.qa.testcase.doctor.UpdateMedicalRecords</className>
          <testName>test_08_更新病例_患者年龄</testName>
          <skipped>false</skipped>
          <errorStackTrace>
      java.lang.NullPointerException
	at com.mingyizhudao.qa.testcase.crm.RegisteredDoctor_Certify_V2.certify(RegisteredDoctor_Certify_V2.java:35)
	at com.mingyizhudao.qa.common.BaseTest.setUpSuite(BaseTest.java:127)
	at sun.reflect.NativeMethodAccessorImpl.invoke0(Native Method)
	at sun.reflect.NativeMethodAccessorImpl.invoke(NativeMethodAccessorImpl.java:62)
	at sun.reflect.DelegatingMethodAccessorImpl.invoke(DelegatingMethodAccessorImpl.java:43)
	at java.lang.reflect.Method.invoke(Method.java:498)
	at org.testng.internal.MethodInvocationHelper.invokeMethod(MethodInvocationHelper.java:80)
	at org.testng.internal.Invoker.invokeConfigurationMethod(Invoker.java:564)
	at org.testng.internal.Invoker.invokeConfigurations(Invoker.java:213)
	at org.testng.internal.Invoker.invokeConfigurations(Invoker.java:138)
	at org.testng.SuiteRunner.privateRun(SuiteRunner.java:277)
	at org.testng.SuiteRunner.run(SuiteRunner.java:240)
	at org.testng.SuiteRunnerWorker.runSuite(SuiteRunnerWorker.java:52)
	at org.testng.SuiteRunnerWorker.run(SuiteRunnerWorker.java:86)
	at org.testng.TestNG.runSuitesSequentially(TestNG.java:1198)
	at org.testng.TestNG.runSuitesLocally(TestNG.java:1123)
	at org.testng.TestNG.run(TestNG.java:1031)
	at org.apache.maven.surefire.testng.TestNGExecutor.run(TestNGExecutor.java:281)
	at org.apache.maven.surefire.testng.TestNGXmlTestSuite.execute(TestNGXmlTestSuite.java:75)
	at org.apache.maven.surefire.testng.TestNGProvider.invoke(TestNGProvider.java:121)
	at org.apache.maven.surefire.booter.ForkedBooter.invokeProviderInSameClassLoader(ForkedBooter.java:290)
	at org.apache.maven.surefire.booter.ForkedBooter.runSuitesInProcess(ForkedBooter.java:242)
	at org.apache.maven.surefire.booter.ForkedBooter.main(ForkedBooter.java:121)

    </errorStackTrace>
          <failedSince>11</failedSince>
        </case>
        <case>
          <duration>0.001</duration>
          <className>com.mingyizhudao.qa.testcase.doctor.UpdateMedicalRecords</className>
          <testName>test_06_更新病例_期望手术医院</testName>
          <skipped>false</skipped>
          <errorStackTrace>
      java.lang.NullPointerException
	at com.mingyizhudao.qa.testcase.crm.RegisteredDoctor_Certify_V2.certify(RegisteredDoctor_Certify_V2.java:35)
	at com.mingyizhudao.qa.common.BaseTest.setUpSuite(BaseTest.java:127)
	at sun.reflect.NativeMethodAccessorImpl.invoke0(Native Method)
	at sun.reflect.NativeMethodAccessorImpl.invoke(NativeMethodAccessorImpl.java:62)
	at sun.reflect.DelegatingMethodAccessorImpl.invoke(DelegatingMethodAccessorImpl.java:43)
	at java.lang.reflect.Method.invoke(Method.java:498)
	at org.testng.internal.MethodInvocationHelper.invokeMethod(MethodInvocationHelper.java:80)
	at org.testng.internal.Invoker.invokeConfigurationMethod(Invoker.java:564)
	at org.testng.internal.Invoker.invokeConfigurations(Invoker.java:213)
	at org.testng.internal.Invoker.invokeConfigurations(Invoker.java:138)
	at org.testng.SuiteRunner.privateRun(SuiteRunner.java:277)
	at org.testng.SuiteRunner.run(SuiteRunner.java:240)
	at org.testng.SuiteRunnerWorker.runSuite(SuiteRunnerWorker.java:52)
	at org.testng.SuiteRunnerWorker.run(SuiteRunnerWorker.java:86)
	at org.testng.TestNG.runSuitesSequentially(TestNG.java:1198)
	at org.testng.TestNG.runSuitesLocally(TestNG.java:1123)
	at org.testng.TestNG.run(TestNG.java:1031)
	at org.apache.maven.surefire.testng.TestNGExecutor.run(TestNGExecutor.java:281)
	at org.apache.maven.surefire.testng.TestNGXmlTestSuite.execute(TestNGXmlTestSuite.java:75)
	at org.apache.maven.surefire.testng.TestNGProvider.invoke(TestNGProvider.java:121)
	at org.apache.maven.surefire.booter.ForkedBooter.invokeProviderInSameClassLoader(ForkedBooter.java:290)
	at org.apache.maven.surefire.booter.ForkedBooter.runSuitesInProcess(ForkedBooter.java:242)
	at org.apache.maven.surefire.booter.ForkedBooter.main(ForkedBooter.java:121)

    </errorStackTrace>
          <failedSince>11</failedSince>
        </case>
        <case>
          <duration>0.001</duration>
          <className>com.mingyizhudao.qa.testcase.doctor.UpdateMedicalRecords</className>
          <testName>test_05_更新病例_更新图片</testName>
          <skipped>false</skipped>
          <errorStackTrace>
      java.lang.NullPointerException
	at com.mingyizhudao.qa.testcase.crm.RegisteredDoctor_Certify_V2.certify(RegisteredDoctor_Certify_V2.java:35)
	at com.mingyizhudao.qa.common.BaseTest.setUpSuite(BaseTest.java:127)
	at sun.reflect.NativeMethodAccessorImpl.invoke0(Native Method)
	at sun.reflect.NativeMethodAccessorImpl.invoke(NativeMethodAccessorImpl.java:62)
	at sun.reflect.DelegatingMethodAccessorImpl.invoke(DelegatingMethodAccessorImpl.java:43)
	at java.lang.reflect.Method.invoke(Method.java:498)
	at org.testng.internal.MethodInvocationHelper.invokeMethod(MethodInvocationHelper.java:80)
	at org.testng.internal.Invoker.invokeConfigurationMethod(Invoker.java:564)
	at org.testng.internal.Invoker.invokeConfigurations(Invoker.java:213)
	at org.testng.internal.Invoker.invokeConfigurations(Invoker.java:138)
	at org.testng.SuiteRunner.privateRun(SuiteRunner.java:277)
	at org.testng.SuiteRunner.run(SuiteRunner.java:240)
	at org.testng.SuiteRunnerWorker.runSuite(SuiteRunnerWorker.java:52)
	at org.testng.SuiteRunnerWorker.run(SuiteRunnerWorker.java:86)
	at org.testng.TestNG.runSuitesSequentially(TestNG.java:1198)
	at org.testng.TestNG.runSuitesLocally(TestNG.java:1123)
	at org.testng.TestNG.run(TestNG.java:1031)
	at org.apache.maven.surefire.testng.TestNGExecutor.run(TestNGExecutor.java:281)
	at org.apache.maven.surefire.testng.TestNGXmlTestSuite.execute(TestNGXmlTestSuite.java:75)
	at org.apache.maven.surefire.testng.TestNGProvider.invoke(TestNGProvider.java:121)
	at org.apache.maven.surefire.booter.ForkedBooter.invokeProviderInSameClassLoader(ForkedBooter.java:290)
	at org.apache.maven.surefire.booter.ForkedBooter.runSuitesInProcess(ForkedBooter.java:242)
	at org.apache.maven.surefire.booter.ForkedBooter.main(ForkedBooter.java:121)

    </errorStackTrace>
          <failedSince>11</failedSince>
        </case>
        <case>
          <duration>0.0</duration>
          <className>com.mingyizhudao.qa.testcase.doctor.UpdateMedicalRecords</className>
          <testName>test_03_更新病例_患者性别</testName>
          <skipped>false</skipped>
          <errorStackTrace>
      java.lang.NullPointerException
	at com.mingyizhudao.qa.testcase.crm.RegisteredDoctor_Certify_V2.certify(RegisteredDoctor_Certify_V2.java:35)
	at com.mingyizhudao.qa.common.BaseTest.setUpSuite(BaseTest.java:127)
	at sun.reflect.NativeMethodAccessorImpl.invoke0(Native Method)
	at sun.reflect.NativeMethodAccessorImpl.invoke(NativeMethodAccessorImpl.java:62)
	at sun.reflect.DelegatingMethodAccessorImpl.invoke(DelegatingMethodAccessorImpl.java:43)
	at java.lang.reflect.Method.invoke(Method.java:498)
	at org.testng.internal.MethodInvocationHelper.invokeMethod(MethodInvocationHelper.java:80)
	at org.testng.internal.Invoker.invokeConfigurationMethod(Invoker.java:564)
	at org.testng.internal.Invoker.invokeConfigurations(Invoker.java:213)
	at org.testng.internal.Invoker.invokeConfigurations(Invoker.java:138)
	at org.testng.SuiteRunner.privateRun(SuiteRunner.java:277)
	at org.testng.SuiteRunner.run(SuiteRunner.java:240)
	at org.testng.SuiteRunnerWorker.runSuite(SuiteRunnerWorker.java:52)
	at org.testng.SuiteRunnerWorker.run(SuiteRunnerWorker.java:86)
	at org.testng.TestNG.runSuitesSequentially(TestNG.java:1198)
	at org.testng.TestNG.runSuitesLocally(TestNG.java:1123)
	at org.testng.TestNG.run(TestNG.java:1031)
	at org.apache.maven.surefire.testng.TestNGExecutor.run(TestNGExecutor.java:281)
	at org.apache.maven.surefire.testng.TestNGXmlTestSuite.execute(TestNGXmlTestSuite.java:75)
	at org.apache.maven.surefire.testng.TestNGProvider.invoke(TestNGProvider.java:121)
	at org.apache.maven.surefire.booter.ForkedBooter.invokeProviderInSameClassLoader(ForkedBooter.java:290)
	at org.apache.maven.surefire.booter.ForkedBooter.runSuitesInProcess(ForkedBooter.java:242)
	at org.apache.maven.surefire.booter.ForkedBooter.main(ForkedBooter.java:121)

    </errorStackTrace>
          <failedSince>11</failedSince>
        </case>
      </cases>
    </suite>
    <suite>
      <file>C:\Program Files (x86)\Jenkins\workspace\TestJob\target\surefire-reports\junitreports\TEST-com.mingyizhudao.qa.testcase.login.CheckVerifyCode.xml</file>
      <name>com.mingyizhudao.qa.testcase.login.CheckVerifyCode</name>
      <duration>0.002</duration>
      <timestamp>19 Jul 2017 05:31:46 GMT</timestamp>
      <time>0.002</time>
      <cases>
        <case>
          <duration>0.0</duration>
          <className>com.mingyizhudao.qa.testcase.login.CheckVerifyCode</className>
          <testName>同一手机号先请求验证码再验证应该返回token</testName>
          <skipped>false</skipped>
          <errorStackTrace>
      java.lang.NullPointerException
	at com.mingyizhudao.qa.testcase.crm.RegisteredDoctor_Certify_V2.certify(RegisteredDoctor_Certify_V2.java:35)
	at com.mingyizhudao.qa.common.BaseTest.setUpSuite(BaseTest.java:127)
	at sun.reflect.NativeMethodAccessorImpl.invoke0(Native Method)
	at sun.reflect.NativeMethodAccessorImpl.invoke(NativeMethodAccessorImpl.java:62)
	at sun.reflect.DelegatingMethodAccessorImpl.invoke(DelegatingMethodAccessorImpl.java:43)
	at java.lang.reflect.Method.invoke(Method.java:498)
	at org.testng.internal.MethodInvocationHelper.invokeMethod(MethodInvocationHelper.java:80)
	at org.testng.internal.Invoker.invokeConfigurationMethod(Invoker.java:564)
	at org.testng.internal.Invoker.invokeConfigurations(Invoker.java:213)
	at org.testng.internal.Invoker.invokeConfigurations(Invoker.java:138)
	at org.testng.SuiteRunner.privateRun(SuiteRunner.java:277)
	at org.testng.SuiteRunner.run(SuiteRunner.java:240)
	at org.testng.SuiteRunnerWorker.runSuite(SuiteRunnerWorker.java:52)
	at org.testng.SuiteRunnerWorker.run(SuiteRunnerWorker.java:86)
	at org.testng.TestNG.runSuitesSequentially(TestNG.java:1198)
	at org.testng.TestNG.runSuitesLocally(TestNG.java:1123)
	at org.testng.TestNG.run(TestNG.java:1031)
	at org.apache.maven.surefire.testng.TestNGExecutor.run(TestNGExecutor.java:281)
	at org.apache.maven.surefire.testng.TestNGXmlTestSuite.execute(TestNGXmlTestSuite.java:75)
	at org.apache.maven.surefire.testng.TestNGProvider.invoke(TestNGProvider.java:121)
	at org.apache.maven.surefire.booter.ForkedBooter.invokeProviderInSameClassLoader(ForkedBooter.java:290)
	at org.apache.maven.surefire.booter.ForkedBooter.runSuitesInProcess(ForkedBooter.java:242)
	at org.apache.maven.surefire.booter.ForkedBooter.main(ForkedBooter.java:121)

    </errorStackTrace>
          <failedSince>11</failedSince>
        </case>
        <case>
          <duration>0.0</duration>
          <className>com.mingyizhudao.qa.testcase.login.CheckVerifyCode</className>
          <testName>手机号未发送过请求但直接进行验证应该返回错误</testName>
          <skipped>false</skipped>
          <errorStackTrace>
      java.lang.NullPointerException
	at com.mingyizhudao.qa.testcase.crm.RegisteredDoctor_Certify_V2.certify(RegisteredDoctor_Certify_V2.java:35)
	at com.mingyizhudao.qa.common.BaseTest.setUpSuite(BaseTest.java:127)
	at sun.reflect.NativeMethodAccessorImpl.invoke0(Native Method)
	at sun.reflect.NativeMethodAccessorImpl.invoke(NativeMethodAccessorImpl.java:62)
	at sun.reflect.DelegatingMethodAccessorImpl.invoke(DelegatingMethodAccessorImpl.java:43)
	at java.lang.reflect.Method.invoke(Method.java:498)
	at org.testng.internal.MethodInvocationHelper.invokeMethod(MethodInvocationHelper.java:80)
	at org.testng.internal.Invoker.invokeConfigurationMethod(Invoker.java:564)
	at org.testng.internal.Invoker.invokeConfigurations(Invoker.java:213)
	at org.testng.internal.Invoker.invokeConfigurations(Invoker.java:138)
	at org.testng.SuiteRunner.privateRun(SuiteRunner.java:277)
	at org.testng.SuiteRunner.run(SuiteRunner.java:240)
	at org.testng.SuiteRunnerWorker.runSuite(SuiteRunnerWorker.java:52)
	at org.testng.SuiteRunnerWorker.run(SuiteRunnerWorker.java:86)
	at org.testng.TestNG.runSuitesSequentially(TestNG.java:1198)
	at org.testng.TestNG.runSuitesLocally(TestNG.java:1123)
	at org.testng.TestNG.run(TestNG.java:1031)
	at org.apache.maven.surefire.testng.TestNGExecutor.run(TestNGExecutor.java:281)
	at org.apache.maven.surefire.testng.TestNGXmlTestSuite.execute(TestNGXmlTestSuite.java:75)
	at org.apache.maven.surefire.testng.TestNGProvider.invoke(TestNGProvider.java:121)
	at org.apache.maven.surefire.booter.ForkedBooter.invokeProviderInSameClassLoader(ForkedBooter.java:290)
	at org.apache.maven.surefire.booter.ForkedBooter.runSuitesInProcess(ForkedBooter.java:242)
	at org.apache.maven.surefire.booter.ForkedBooter.main(ForkedBooter.java:121)

    </errorStackTrace>
          <failedSince>11</failedSince>
        </case>
        <case>
          <duration>0.0</duration>
          <className>com.mingyizhudao.qa.testcase.login.CheckVerifyCode</className>
          <testName>手机号非法或不符时发送验证码返回正确的错误提示</testName>
          <skipped>false</skipped>
          <errorStackTrace>
      java.lang.NullPointerException
	at com.mingyizhudao.qa.testcase.crm.RegisteredDoctor_Certify_V2.certify(RegisteredDoctor_Certify_V2.java:35)
	at com.mingyizhudao.qa.common.BaseTest.setUpSuite(BaseTest.java:127)
	at sun.reflect.NativeMethodAccessorImpl.invoke0(Native Method)
	at sun.reflect.NativeMethodAccessorImpl.invoke(NativeMethodAccessorImpl.java:62)
	at sun.reflect.DelegatingMethodAccessorImpl.invoke(DelegatingMethodAccessorImpl.java:43)
	at java.lang.reflect.Method.invoke(Method.java:498)
	at org.testng.internal.MethodInvocationHelper.invokeMethod(MethodInvocationHelper.java:80)
	at org.testng.internal.Invoker.invokeConfigurationMethod(Invoker.java:564)
	at org.testng.internal.Invoker.invokeConfigurations(Invoker.java:213)
	at org.testng.internal.Invoker.invokeConfigurations(Invoker.java:138)
	at org.testng.SuiteRunner.privateRun(SuiteRunner.java:277)
	at org.testng.SuiteRunner.run(SuiteRunner.java:240)
	at org.testng.SuiteRunnerWorker.runSuite(SuiteRunnerWorker.java:52)
	at org.testng.SuiteRunnerWorker.run(SuiteRunnerWorker.java:86)
	at org.testng.TestNG.runSuitesSequentially(TestNG.java:1198)
	at org.testng.TestNG.runSuitesLocally(TestNG.java:1123)
	at org.testng.TestNG.run(TestNG.java:1031)
	at org.apache.maven.surefire.testng.TestNGExecutor.run(TestNGExecutor.java:281)
	at org.apache.maven.surefire.testng.TestNGXmlTestSuite.execute(TestNGXmlTestSuite.java:75)
	at org.apache.maven.surefire.testng.TestNGProvider.invoke(TestNGProvider.java:121)
	at org.apache.maven.surefire.booter.ForkedBooter.invokeProviderInSameClassLoader(ForkedBooter.java:290)
	at org.apache.maven.surefire.booter.ForkedBooter.runSuitesInProcess(ForkedBooter.java:242)
	at org.apache.maven.surefire.booter.ForkedBooter.main(ForkedBooter.java:121)

    </errorStackTrace>
          <failedSince>11</failedSince>
        </case>
        <case>
          <duration>0.001</duration>
          <className>com.mingyizhudao.qa.testcase.login.CheckVerifyCode</className>
          <testName>无手机号有验证码返回正确的错误提示</testName>
          <skipped>false</skipped>
          <errorStackTrace>
      java.lang.NullPointerException
	at com.mingyizhudao.qa.testcase.crm.RegisteredDoctor_Certify_V2.certify(RegisteredDoctor_Certify_V2.java:35)
	at com.mingyizhudao.qa.common.BaseTest.setUpSuite(BaseTest.java:127)
	at sun.reflect.NativeMethodAccessorImpl.invoke0(Native Method)
	at sun.reflect.NativeMethodAccessorImpl.invoke(NativeMethodAccessorImpl.java:62)
	at sun.reflect.DelegatingMethodAccessorImpl.invoke(DelegatingMethodAccessorImpl.java:43)
	at java.lang.reflect.Method.invoke(Method.java:498)
	at org.testng.internal.MethodInvocationHelper.invokeMethod(MethodInvocationHelper.java:80)
	at org.testng.internal.Invoker.invokeConfigurationMethod(Invoker.java:564)
	at org.testng.internal.Invoker.invokeConfigurations(Invoker.java:213)
	at org.testng.internal.Invoker.invokeConfigurations(Invoker.java:138)
	at org.testng.SuiteRunner.privateRun(SuiteRunner.java:277)
	at org.testng.SuiteRunner.run(SuiteRunner.java:240)
	at org.testng.SuiteRunnerWorker.runSuite(SuiteRunnerWorker.java:52)
	at org.testng.SuiteRunnerWorker.run(SuiteRunnerWorker.java:86)
	at org.testng.TestNG.runSuitesSequentially(TestNG.java:1198)
	at org.testng.TestNG.runSuitesLocally(TestNG.java:1123)
	at org.testng.TestNG.run(TestNG.java:1031)
	at org.apache.maven.surefire.testng.TestNGExecutor.run(TestNGExecutor.java:281)
	at org.apache.maven.surefire.testng.TestNGXmlTestSuite.execute(TestNGXmlTestSuite.java:75)
	at org.apache.maven.surefire.testng.TestNGProvider.invoke(TestNGProvider.java:121)
	at org.apache.maven.surefire.booter.ForkedBooter.invokeProviderInSameClassLoader(ForkedBooter.java:290)
	at org.apache.maven.surefire.booter.ForkedBooter.runSuitesInProcess(ForkedBooter.java:242)
	at org.apache.maven.surefire.booter.ForkedBooter.main(ForkedBooter.java:121)

    </errorStackTrace>
          <failedSince>11</failedSince>
        </case>
        <case>
          <duration>0.001</duration>
          <className>com.mingyizhudao.qa.testcase.login.CheckVerifyCode</className>
          <testName>有手机号无验证码返回正确的错误提示</testName>
          <skipped>false</skipped>
          <errorStackTrace>
      java.lang.NullPointerException
	at com.mingyizhudao.qa.testcase.crm.RegisteredDoctor_Certify_V2.certify(RegisteredDoctor_Certify_V2.java:35)
	at com.mingyizhudao.qa.common.BaseTest.setUpSuite(BaseTest.java:127)
	at sun.reflect.NativeMethodAccessorImpl.invoke0(Native Method)
	at sun.reflect.NativeMethodAccessorImpl.invoke(NativeMethodAccessorImpl.java:62)
	at sun.reflect.DelegatingMethodAccessorImpl.invoke(DelegatingMethodAccessorImpl.java:43)
	at java.lang.reflect.Method.invoke(Method.java:498)
	at org.testng.internal.MethodInvocationHelper.invokeMethod(MethodInvocationHelper.java:80)
	at org.testng.internal.Invoker.invokeConfigurationMethod(Invoker.java:564)
	at org.testng.internal.Invoker.invokeConfigurations(Invoker.java:213)
	at org.testng.internal.Invoker.invokeConfigurations(Invoker.java:138)
	at org.testng.SuiteRunner.privateRun(SuiteRunner.java:277)
	at org.testng.SuiteRunner.run(SuiteRunner.java:240)
	at org.testng.SuiteRunnerWorker.runSuite(SuiteRunnerWorker.java:52)
	at org.testng.SuiteRunnerWorker.run(SuiteRunnerWorker.java:86)
	at org.testng.TestNG.runSuitesSequentially(TestNG.java:1198)
	at org.testng.TestNG.runSuitesLocally(TestNG.java:1123)
	at org.testng.TestNG.run(TestNG.java:1031)
	at org.apache.maven.surefire.testng.TestNGExecutor.run(TestNGExecutor.java:281)
	at org.apache.maven.surefire.testng.TestNGXmlTestSuite.execute(TestNGXmlTestSuite.java:75)
	at org.apache.maven.surefire.testng.TestNGProvider.invoke(TestNGProvider.java:121)
	at org.apache.maven.surefire.booter.ForkedBooter.invokeProviderInSameClassLoader(ForkedBooter.java:290)
	at org.apache.maven.surefire.booter.ForkedBooter.runSuitesInProcess(ForkedBooter.java:242)
	at org.apache.maven.surefire.booter.ForkedBooter.main(ForkedBooter.java:121)

    </errorStackTrace>
          <failedSince>11</failedSince>
        </case>
      </cases>
    </suite>
    <suite>
      <file>C:\Program Files (x86)\Jenkins\workspace\TestJob\target\surefire-reports\junitreports\TEST-com.mingyizhudao.qa.testcase.login.Refresh.xml</file>
      <name>com.mingyizhudao.qa.testcase.login.Refresh</name>
      <duration>0.001</duration>
      <timestamp>19 Jul 2017 05:31:46 GMT</timestamp>
      <time>0.001</time>
      <cases>
        <case>
          <duration>0.0</duration>
          <className>com.mingyizhudao.qa.testcase.login.Refresh</className>
          <testName>body中的token和http头中的token不一致</testName>
          <skipped>false</skipped>
          <errorStackTrace>
      java.lang.NullPointerException
	at com.mingyizhudao.qa.testcase.crm.RegisteredDoctor_Certify_V2.certify(RegisteredDoctor_Certify_V2.java:35)
	at com.mingyizhudao.qa.common.BaseTest.setUpSuite(BaseTest.java:127)
	at sun.reflect.NativeMethodAccessorImpl.invoke0(Native Method)
	at sun.reflect.NativeMethodAccessorImpl.invoke(NativeMethodAccessorImpl.java:62)
	at sun.reflect.DelegatingMethodAccessorImpl.invoke(DelegatingMethodAccessorImpl.java:43)
	at java.lang.reflect.Method.invoke(Method.java:498)
	at org.testng.internal.MethodInvocationHelper.invokeMethod(MethodInvocationHelper.java:80)
	at org.testng.internal.Invoker.invokeConfigurationMethod(Invoker.java:564)
	at org.testng.internal.Invoker.invokeConfigurations(Invoker.java:213)
	at org.testng.internal.Invoker.invokeConfigurations(Invoker.java:138)
	at org.testng.SuiteRunner.privateRun(SuiteRunner.java:277)
	at org.testng.SuiteRunner.run(SuiteRunner.java:240)
	at org.testng.SuiteRunnerWorker.runSuite(SuiteRunnerWorker.java:52)
	at org.testng.SuiteRunnerWorker.run(SuiteRunnerWorker.java:86)
	at org.testng.TestNG.runSuitesSequentially(TestNG.java:1198)
	at org.testng.TestNG.runSuitesLocally(TestNG.java:1123)
	at org.testng.TestNG.run(TestNG.java:1031)
	at org.apache.maven.surefire.testng.TestNGExecutor.run(TestNGExecutor.java:281)
	at org.apache.maven.surefire.testng.TestNGXmlTestSuite.execute(TestNGXmlTestSuite.java:75)
	at org.apache.maven.surefire.testng.TestNGProvider.invoke(TestNGProvider.java:121)
	at org.apache.maven.surefire.booter.ForkedBooter.invokeProviderInSameClassLoader(ForkedBooter.java:290)
	at org.apache.maven.surefire.booter.ForkedBooter.runSuitesInProcess(ForkedBooter.java:242)
	at org.apache.maven.surefire.booter.ForkedBooter.main(ForkedBooter.java:121)

    </errorStackTrace>
          <failedSince>11</failedSince>
        </case>
        <case>
          <duration>0.001</duration>
          <className>com.mingyizhudao.qa.testcase.login.Refresh</className>
          <testName>刷新token后返回新的token且老token依然可用</testName>
          <skipped>false</skipped>
          <errorStackTrace>
      java.lang.NullPointerException
	at com.mingyizhudao.qa.testcase.crm.RegisteredDoctor_Certify_V2.certify(RegisteredDoctor_Certify_V2.java:35)
	at com.mingyizhudao.qa.common.BaseTest.setUpSuite(BaseTest.java:127)
	at sun.reflect.NativeMethodAccessorImpl.invoke0(Native Method)
	at sun.reflect.NativeMethodAccessorImpl.invoke(NativeMethodAccessorImpl.java:62)
	at sun.reflect.DelegatingMethodAccessorImpl.invoke(DelegatingMethodAccessorImpl.java:43)
	at java.lang.reflect.Method.invoke(Method.java:498)
	at org.testng.internal.MethodInvocationHelper.invokeMethod(MethodInvocationHelper.java:80)
	at org.testng.internal.Invoker.invokeConfigurationMethod(Invoker.java:564)
	at org.testng.internal.Invoker.invokeConfigurations(Invoker.java:213)
	at org.testng.internal.Invoker.invokeConfigurations(Invoker.java:138)
	at org.testng.SuiteRunner.privateRun(SuiteRunner.java:277)
	at org.testng.SuiteRunner.run(SuiteRunner.java:240)
	at org.testng.SuiteRunnerWorker.runSuite(SuiteRunnerWorker.java:52)
	at org.testng.SuiteRunnerWorker.run(SuiteRunnerWorker.java:86)
	at org.testng.TestNG.runSuitesSequentially(TestNG.java:1198)
	at org.testng.TestNG.runSuitesLocally(TestNG.java:1123)
	at org.testng.TestNG.run(TestNG.java:1031)
	at org.apache.maven.surefire.testng.TestNGExecutor.run(TestNGExecutor.java:281)
	at org.apache.maven.surefire.testng.TestNGXmlTestSuite.execute(TestNGXmlTestSuite.java:75)
	at org.apache.maven.surefire.testng.TestNGProvider.invoke(TestNGProvider.java:121)
	at org.apache.maven.surefire.booter.ForkedBooter.invokeProviderInSameClassLoader(ForkedBooter.java:290)
	at org.apache.maven.surefire.booter.ForkedBooter.runSuitesInProcess(ForkedBooter.java:242)
	at org.apache.maven.surefire.booter.ForkedBooter.main(ForkedBooter.java:121)

    </errorStackTrace>
          <failedSince>10</failedSince>
        </case>
      </cases>
    </suite>
    <suite>
      <file>C:\Program Files (x86)\Jenkins\workspace\TestJob\target\surefire-reports\junitreports\TEST-com.mingyizhudao.qa.testcase.login.SendVerifyCode.xml</file>
      <name>com.mingyizhudao.qa.testcase.login.SendVerifyCode</name>
      <duration>0.0</duration>
      <timestamp>19 Jul 2017 05:31:46 GMT</timestamp>
      <time>0.000</time>
      <cases>
        <case>
          <duration>0.0</duration>
          <className>com.mingyizhudao.qa.testcase.login.SendVerifyCode</className>
          <testName>填写正确手机号发送验证码成功</testName>
          <skipped>false</skipped>
          <errorStackTrace>
      java.lang.NullPointerException
	at com.mingyizhudao.qa.testcase.crm.RegisteredDoctor_Certify_V2.certify(RegisteredDoctor_Certify_V2.java:35)
	at com.mingyizhudao.qa.common.BaseTest.setUpSuite(BaseTest.java:127)
	at sun.reflect.NativeMethodAccessorImpl.invoke0(Native Method)
	at sun.reflect.NativeMethodAccessorImpl.invoke(NativeMethodAccessorImpl.java:62)
	at sun.reflect.DelegatingMethodAccessorImpl.invoke(DelegatingMethodAccessorImpl.java:43)
	at java.lang.reflect.Method.invoke(Method.java:498)
	at org.testng.internal.MethodInvocationHelper.invokeMethod(MethodInvocationHelper.java:80)
	at org.testng.internal.Invoker.invokeConfigurationMethod(Invoker.java:564)
	at org.testng.internal.Invoker.invokeConfigurations(Invoker.java:213)
	at org.testng.internal.Invoker.invokeConfigurations(Invoker.java:138)
	at org.testng.SuiteRunner.privateRun(SuiteRunner.java:277)
	at org.testng.SuiteRunner.run(SuiteRunner.java:240)
	at org.testng.SuiteRunnerWorker.runSuite(SuiteRunnerWorker.java:52)
	at org.testng.SuiteRunnerWorker.run(SuiteRunnerWorker.java:86)
	at org.testng.TestNG.runSuitesSequentially(TestNG.java:1198)
	at org.testng.TestNG.runSuitesLocally(TestNG.java:1123)
	at org.testng.TestNG.run(TestNG.java:1031)
	at org.apache.maven.surefire.testng.TestNGExecutor.run(TestNGExecutor.java:281)
	at org.apache.maven.surefire.testng.TestNGXmlTestSuite.execute(TestNGXmlTestSuite.java:75)
	at org.apache.maven.surefire.testng.TestNGProvider.invoke(TestNGProvider.java:121)
	at org.apache.maven.surefire.booter.ForkedBooter.invokeProviderInSameClassLoader(ForkedBooter.java:290)
	at org.apache.maven.surefire.booter.ForkedBooter.runSuitesInProcess(ForkedBooter.java:242)
	at org.apache.maven.surefire.booter.ForkedBooter.main(ForkedBooter.java:121)

    </errorStackTrace>
          <failedSince>11</failedSince>
        </case>
        <case>
          <duration>0.0</duration>
          <className>com.mingyizhudao.qa.testcase.login.SendVerifyCode</className>
          <testName>填写错误手机号发送验证码成功失败</testName>
          <skipped>false</skipped>
          <errorStackTrace>
      java.lang.NullPointerException
	at com.mingyizhudao.qa.testcase.crm.RegisteredDoctor_Certify_V2.certify(RegisteredDoctor_Certify_V2.java:35)
	at com.mingyizhudao.qa.common.BaseTest.setUpSuite(BaseTest.java:127)
	at sun.reflect.NativeMethodAccessorImpl.invoke0(Native Method)
	at sun.reflect.NativeMethodAccessorImpl.invoke(NativeMethodAccessorImpl.java:62)
	at sun.reflect.DelegatingMethodAccessorImpl.invoke(DelegatingMethodAccessorImpl.java:43)
	at java.lang.reflect.Method.invoke(Method.java:498)
	at org.testng.internal.MethodInvocationHelper.invokeMethod(MethodInvocationHelper.java:80)
	at org.testng.internal.Invoker.invokeConfigurationMethod(Invoker.java:564)
	at org.testng.internal.Invoker.invokeConfigurations(Invoker.java:213)
	at org.testng.internal.Invoker.invokeConfigurations(Invoker.java:138)
	at org.testng.SuiteRunner.privateRun(SuiteRunner.java:277)
	at org.testng.SuiteRunner.run(SuiteRunner.java:240)
	at org.testng.SuiteRunnerWorker.runSuite(SuiteRunnerWorker.java:52)
	at org.testng.SuiteRunnerWorker.run(SuiteRunnerWorker.java:86)
	at org.testng.TestNG.runSuitesSequentially(TestNG.java:1198)
	at org.testng.TestNG.runSuitesLocally(TestNG.java:1123)
	at org.testng.TestNG.run(TestNG.java:1031)
	at org.apache.maven.surefire.testng.TestNGExecutor.run(TestNGExecutor.java:281)
	at org.apache.maven.surefire.testng.TestNGXmlTestSuite.execute(TestNGXmlTestSuite.java:75)
	at org.apache.maven.surefire.testng.TestNGProvider.invoke(TestNGProvider.java:121)
	at org.apache.maven.surefire.booter.ForkedBooter.invokeProviderInSameClassLoader(ForkedBooter.java:290)
	at org.apache.maven.surefire.booter.ForkedBooter.runSuitesInProcess(ForkedBooter.java:242)
	at org.apache.maven.surefire.booter.ForkedBooter.main(ForkedBooter.java:121)

    </errorStackTrace>
          <failedSince>11</failedSince>
        </case>
        <case>
          <duration>0.0</duration>
          <className>com.mingyizhudao.qa.testcase.login.SendVerifyCode</className>
          <testName>填写错误少于11位的手机号发送验证码失败</testName>
          <skipped>false</skipped>
          <errorStackTrace>
      java.lang.NullPointerException
	at com.mingyizhudao.qa.testcase.crm.RegisteredDoctor_Certify_V2.certify(RegisteredDoctor_Certify_V2.java:35)
	at com.mingyizhudao.qa.common.BaseTest.setUpSuite(BaseTest.java:127)
	at sun.reflect.NativeMethodAccessorImpl.invoke0(Native Method)
	at sun.reflect.NativeMethodAccessorImpl.invoke(NativeMethodAccessorImpl.java:62)
	at sun.reflect.DelegatingMethodAccessorImpl.invoke(DelegatingMethodAccessorImpl.java:43)
	at java.lang.reflect.Method.invoke(Method.java:498)
	at org.testng.internal.MethodInvocationHelper.invokeMethod(MethodInvocationHelper.java:80)
	at org.testng.internal.Invoker.invokeConfigurationMethod(Invoker.java:564)
	at org.testng.internal.Invoker.invokeConfigurations(Invoker.java:213)
	at org.testng.internal.Invoker.invokeConfigurations(Invoker.java:138)
	at org.testng.SuiteRunner.privateRun(SuiteRunner.java:277)
	at org.testng.SuiteRunner.run(SuiteRunner.java:240)
	at org.testng.SuiteRunnerWorker.runSuite(SuiteRunnerWorker.java:52)
	at org.testng.SuiteRunnerWorker.run(SuiteRunnerWorker.java:86)
	at org.testng.TestNG.runSuitesSequentially(TestNG.java:1198)
	at org.testng.TestNG.runSuitesLocally(TestNG.java:1123)
	at org.testng.TestNG.run(TestNG.java:1031)
	at org.apache.maven.surefire.testng.TestNGExecutor.run(TestNGExecutor.java:281)
	at org.apache.maven.surefire.testng.TestNGXmlTestSuite.execute(TestNGXmlTestSuite.java:75)
	at org.apache.maven.surefire.testng.TestNGProvider.invoke(TestNGProvider.java:121)
	at org.apache.maven.surefire.booter.ForkedBooter.invokeProviderInSameClassLoader(ForkedBooter.java:290)
	at org.apache.maven.surefire.booter.ForkedBooter.runSuitesInProcess(ForkedBooter.java:242)
	at org.apache.maven.surefire.booter.ForkedBooter.main(ForkedBooter.java:121)

    </errorStackTrace>
          <failedSince>11</failedSince>
        </case>
      </cases>
    </suite>
  </suites>
  <duration>4.5159993</duration>
  <keepLongStdio>false</keepLongStdio>
</result>