<?xml version='1.0' encoding='UTF-8'?>
<result plugin="junit@1.20">
  <suites>
    <suite>
      <file>C:\Program Files (x86)\Jenkins\workspace\testDoctor\target\surefire-reports\TEST-TestSuite.xml</file>
      <name>TestSuite</name>
      <duration>17.783</duration>
      <time>17.783</time>
      <cases>
        <case>
          <duration>0.176</duration>
          <className>com.mingyizhudao.qa.testcase.doctor.GetDoctorProfile</className>
          <testName>test_01_有token信息的请求可以获得有效信息</testName>
          <skipped>false</skipped>
          <failedSince>0</failedSince>
        </case>
        <case>
          <duration>0.023</duration>
          <className>com.mingyizhudao.qa.testcase.doctor.GetDoctorProfile</className>
          <testName>test_02_没有token信息的请求不能获得个人信息并返回正确的错误提示</testName>
          <skipped>false</skipped>
          <failedSince>0</failedSince>
        </case>
        <case>
          <duration>0.021</duration>
          <className>com.mingyizhudao.qa.testcase.doctor.GetDoctorProfile</className>
          <testName>test_03_错误token的请求不能获得个人信息并返回正确的错误提示</testName>
          <skipped>false</skipped>
          <failedSince>0</failedSince>
        </case>
        <case>
          <duration>0.177</duration>
          <className>com.mingyizhudao.qa.testcase.doctor.GetDoctorProfile</className>
          <testName>test_04_测试data字段返回了足够的医生信息</testName>
          <skipped>false</skipped>
          <failedSince>0</failedSince>
        </case>
        <case>
          <duration>1.842</duration>
          <className>com.mingyizhudao.qa.testcase.doctor.GetDoctorProfile</className>
          <testName>test_05_测试总订单数_测试处理中订单数_CRM未领取</testName>
          <skipped>false</skipped>
          <failedSince>0</failedSince>
        </case>
        <case>
          <duration>1.264</duration>
          <className>com.mingyizhudao.qa.testcase.doctor.GetDoctorProfile</className>
          <testName>test_06_测试总订单数_测试处理中订单数_CRM已领取</testName>
          <skipped>false</skipped>
          <failedSince>0</failedSince>
        </case>
        <case>
          <duration>3.088</duration>
          <className>com.mingyizhudao.qa.testcase.doctor.GetDoctorProfile</className>
          <testName>test_07_测试总订单数_测试处理中订单数_推荐完医生</testName>
          <skipped>false</skipped>
          <failedSince>0</failedSince>
        </case>
        <case>
          <duration>5.485</duration>
          <className>com.mingyizhudao.qa.testcase.doctor.GetDoctorProfile</className>
          <testName>test_08_测试总订单数_待支付状态的订单数</testName>
          <skipped>false</skipped>
          <failedSince>0</failedSince>
        </case>
        <case>
          <duration>0.0</duration>
          <className>com.mingyizhudao.qa.testcase.doctor.GetDoctorProfile</className>
          <testName>test_09_测试返回的地区服务专员</testName>
          <skipped>false</skipped>
          <failedSince>0</failedSince>
        </case>
      </cases>
    </suite>
    <suite>
      <file>C:\Program Files (x86)\Jenkins\workspace\testDoctor\target\surefire-reports\doctor\doctor.xml</file>
      <name>doctor</name>
      <duration>12.977</duration>
      <timestamp>19 Jul 2017 09:29:33 GMT</timestamp>
      <time>12.977</time>
      <cases>
        <case>
          <duration>0.18</duration>
          <className>com.mingyizhudao.qa.testcase.doctor.GetDoctorProfile</className>
          <testName>test_01_有token信息的请求可以获得有效信息</testName>
          <skipped>false</skipped>
          <failedSince>0</failedSince>
        </case>
        <case>
          <duration>0.025</duration>
          <className>com.mingyizhudao.qa.testcase.doctor.GetDoctorProfile</className>
          <testName>test_02_没有token信息的请求不能获得个人信息并返回正确的错误提示</testName>
          <skipped>false</skipped>
          <failedSince>0</failedSince>
        </case>
        <case>
          <duration>0.021</duration>
          <className>com.mingyizhudao.qa.testcase.doctor.GetDoctorProfile</className>
          <testName>test_03_错误token的请求不能获得个人信息并返回正确的错误提示</testName>
          <skipped>false</skipped>
          <failedSince>0</failedSince>
        </case>
        <case>
          <duration>0.176</duration>
          <className>com.mingyizhudao.qa.testcase.doctor.GetDoctorProfile</className>
          <testName>test_04_测试data字段返回了足够的医生信息</testName>
          <skipped>false</skipped>
          <failedSince>0</failedSince>
        </case>
        <case>
          <duration>1.841</duration>
          <className>com.mingyizhudao.qa.testcase.doctor.GetDoctorProfile</className>
          <testName>test_05_测试总订单数_测试处理中订单数_CRM未领取</testName>
          <skipped>false</skipped>
          <failedSince>0</failedSince>
        </case>
        <case>
          <duration>1.257</duration>
          <className>com.mingyizhudao.qa.testcase.doctor.GetDoctorProfile</className>
          <testName>test_06_测试总订单数_测试处理中订单数_CRM已领取</testName>
          <skipped>false</skipped>
          <failedSince>0</failedSince>
        </case>
        <case>
          <duration>3.091</duration>
          <className>com.mingyizhudao.qa.testcase.doctor.GetDoctorProfile</className>
          <testName>test_07_测试总订单数_测试处理中订单数_推荐完医生</testName>
          <skipped>false</skipped>
          <failedSince>0</failedSince>
        </case>
        <case>
          <duration>5.487</duration>
          <className>com.mingyizhudao.qa.testcase.doctor.GetDoctorProfile</className>
          <testName>test_08_测试总订单数_待支付状态的订单数</testName>
          <skipped>false</skipped>
          <failedSince>0</failedSince>
        </case>
        <case>
          <duration>0.0</duration>
          <className>com.mingyizhudao.qa.testcase.doctor.GetDoctorProfile</className>
          <testName>test_09_测试返回的地区服务专员</testName>
          <skipped>false</skipped>
          <failedSince>0</failedSince>
        </case>
      </cases>
    </suite>
    <suite>
      <file>C:\Program Files (x86)\Jenkins\workspace\testDoctor\target\surefire-reports\junitreports\TEST-com.mingyizhudao.qa.testcase.doctor.GetDoctorProfile.xml</file>
      <name>com.mingyizhudao.qa.testcase.doctor.GetDoctorProfile</name>
      <duration>12.092</duration>
      <timestamp>19 Jul 2017 09:29:33 GMT</timestamp>
      <time>12.092</time>
      <cases>
        <case>
          <duration>0.177</duration>
          <className>com.mingyizhudao.qa.testcase.doctor.GetDoctorProfile</className>
          <testName>test_04_测试data字段返回了足够的医生信息</testName>
          <skipped>false</skipped>
          <failedSince>0</failedSince>
        </case>
        <case>
          <duration>0.022</duration>
          <className>com.mingyizhudao.qa.testcase.doctor.GetDoctorProfile</className>
          <testName>test_03_错误token的请求不能获得个人信息并返回正确的错误提示</testName>
          <skipped>false</skipped>
          <failedSince>0</failedSince>
        </case>
        <case>
          <duration>1.258</duration>
          <className>com.mingyizhudao.qa.testcase.doctor.GetDoctorProfile</className>
          <testName>test_06_测试总订单数_测试处理中订单数_CRM已领取</testName>
          <skipped>false</skipped>
          <failedSince>0</failedSince>
        </case>
        <case>
          <duration>0.002</duration>
          <className>com.mingyizhudao.qa.testcase.doctor.GetDoctorProfile</className>
          <testName>test_09_测试返回的地区服务专员</testName>
          <skipped>false</skipped>
          <failedSince>0</failedSince>
        </case>
        <case>
          <duration>0.181</duration>
          <className>com.mingyizhudao.qa.testcase.doctor.GetDoctorProfile</className>
          <testName>test_01_有token信息的请求可以获得有效信息</testName>
          <skipped>false</skipped>
          <failedSince>0</failedSince>
        </case>
        <case>
          <duration>0.027</duration>
          <className>com.mingyizhudao.qa.testcase.doctor.GetDoctorProfile</className>
          <testName>test_02_没有token信息的请求不能获得个人信息并返回正确的错误提示</testName>
          <skipped>false</skipped>
          <failedSince>0</failedSince>
        </case>
        <case>
          <duration>1.843</duration>
          <className>com.mingyizhudao.qa.testcase.doctor.GetDoctorProfile</className>
          <testName>test_05_测试总订单数_测试处理中订单数_CRM未领取</testName>
          <skipped>false</skipped>
          <failedSince>0</failedSince>
        </case>
        <case>
          <duration>3.093</duration>
          <className>com.mingyizhudao.qa.testcase.doctor.GetDoctorProfile</className>
          <testName>test_07_测试总订单数_测试处理中订单数_推荐完医生</testName>
          <skipped>false</skipped>
          <failedSince>0</failedSince>
        </case>
        <case>
          <duration>5.489</duration>
          <className>com.mingyizhudao.qa.testcase.doctor.GetDoctorProfile</className>
          <testName>test_08_测试总订单数_待支付状态的订单数</testName>
          <skipped>false</skipped>
          <failedSince>0</failedSince>
        </case>
      </cases>
    </suite>
  </suites>
  <duration>42.852</duration>
  <keepLongStdio>false</keepLongStdio>
</result>